[0.879s] Invoking command in '/home/ivan/ros2_ws_2402/build/launch_pkg_ga': PYTHONPATH=/home/ivan/ros2_ws_2402/build/launch_pkg_ga/prefix_override:/usr/lib/python3/dist-packages/colcon_core/task/python/colcon_distutils_commands:/home/ivan/ros2_ws_2402/install/launch_pkg_ga/lib/python3.10/site-packages:${PYTHONPATH} /usr/bin/python3 -W ignore:setup.py install is deprecated setup.py develop --editable --build-directory /home/ivan/ros2_ws_2402/build/launch_pkg_ga/build --no-deps symlink_data
[1.156s] running develop
[1.157s] /home/ivan/.local/lib/python3.10/site-packages/setuptools/command/easy_install.py:156: EasyInstallDeprecationWarning: easy_install command is deprecated. Use build and pip and other standards-based tools.
[1.157s]   warnings.warn(
[1.305s] running egg_info
[1.306s] writing launch_pkg_ga.egg-info/PKG-INFO
[1.306s] writing dependency_links to launch_pkg_ga.egg-info/dependency_links.txt
[1.307s] writing entry points to launch_pkg_ga.egg-info/entry_points.txt
[1.307s] writing requirements to launch_pkg_ga.egg-info/requires.txt
[1.308s] writing top-level names to launch_pkg_ga.egg-info/top_level.txt
[1.311s] reading manifest file 'launch_pkg_ga.egg-info/SOURCES.txt'
[1.312s] writing manifest file 'launch_pkg_ga.egg-info/SOURCES.txt'
[1.316s] running build_ext
[1.316s] Creating /home/ivan/ros2_ws_2402/install/launch_pkg_ga/lib/python3.10/site-packages/launch-pkg-ga.egg-link (link to .)
[1.317s] 
[1.317s] Installed /home/ivan/ros2_ws_2402/build/launch_pkg_ga
[1.317s] running symlink_data
[1.318s] creating /home/ivan/ros2_ws_2402/install/launch_pkg_ga/share/launch_pkg_ga/launch
[1.318s] symbolically linking /home/ivan/ros2_ws_2402/build/launch_pkg_ga/launch/talker_listener.launch.py -> /home/ivan/ros2_ws_2402/install/launch_pkg_ga/share/launch_pkg_ga/launch
[1.369s] Invoked command in '/home/ivan/ros2_ws_2402/build/launch_pkg_ga' returned '0': PYTHONPATH=/home/ivan/ros2_ws_2402/build/launch_pkg_ga/prefix_override:/usr/lib/python3/dist-packages/colcon_core/task/python/colcon_distutils_commands:/home/ivan/ros2_ws_2402/install/launch_pkg_ga/lib/python3.10/site-packages:${PYTHONPATH} /usr/bin/python3 -W ignore:setup.py install is deprecated setup.py develop --editable --build-directory /home/ivan/ros2_ws_2402/build/launch_pkg_ga/build --no-deps symlink_data
