[0.671s] Invoking command in '/home/ivan/ros2_ws_2402/build/turtle_move_pkg_ga': PYTHONPATH=/home/ivan/ros2_ws_2402/build/turtle_move_pkg_ga/prefix_override:/usr/lib/python3/dist-packages/colcon_core/task/python/colcon_distutils_commands:/home/ivan/ros2_ws_2402/install/turtle_move_pkg_ga/lib/python3.10/site-packages:${PYTHONPATH} /usr/bin/python3 -W ignore:setup.py install is deprecated setup.py develop --editable --build-directory /home/ivan/ros2_ws_2402/build/turtle_move_pkg_ga/build --no-deps symlink_data --force
[0.921s] running develop
[0.921s] /home/ivan/.local/lib/python3.10/site-packages/setuptools/command/easy_install.py:156: EasyInstallDeprecationWarning: easy_install command is deprecated. Use build and pip and other standards-based tools.
[0.921s]   warnings.warn(
[1.061s] running egg_info
[1.061s] writing turtle_move_pkg_ga.egg-info/PKG-INFO
[1.062s] writing dependency_links to turtle_move_pkg_ga.egg-info/dependency_links.txt
[1.063s] writing entry points to turtle_move_pkg_ga.egg-info/entry_points.txt
[1.063s] writing requirements to turtle_move_pkg_ga.egg-info/requires.txt
[1.063s] writing top-level names to turtle_move_pkg_ga.egg-info/top_level.txt
[1.066s] reading manifest file 'turtle_move_pkg_ga.egg-info/SOURCES.txt'
[1.067s] writing manifest file 'turtle_move_pkg_ga.egg-info/SOURCES.txt'
[1.069s] running build_ext
[1.069s] Creating /home/ivan/ros2_ws_2402/install/turtle_move_pkg_ga/lib/python3.10/site-packages/turtle-move-pkg-ga.egg-link (link to .)
[1.070s] Installing turtle_move_node_ga script to /home/ivan/ros2_ws_2402/install/turtle_move_pkg_ga/lib/turtle_move_pkg_ga
[1.071s] 
[1.071s] Installed /home/ivan/ros2_ws_2402/build/turtle_move_pkg_ga
[1.071s] running symlink_data
[1.071s] symbolically linking /home/ivan/ros2_ws_2402/build/turtle_move_pkg_ga/resource/turtle_move_pkg_ga -> /home/ivan/ros2_ws_2402/install/turtle_move_pkg_ga/share/ament_index/resource_index/packages
[1.072s] symbolically linking /home/ivan/ros2_ws_2402/build/turtle_move_pkg_ga/package.xml -> /home/ivan/ros2_ws_2402/install/turtle_move_pkg_ga/share/turtle_move_pkg_ga
[1.097s] Invoked command in '/home/ivan/ros2_ws_2402/build/turtle_move_pkg_ga' returned '0': PYTHONPATH=/home/ivan/ros2_ws_2402/build/turtle_move_pkg_ga/prefix_override:/usr/lib/python3/dist-packages/colcon_core/task/python/colcon_distutils_commands:/home/ivan/ros2_ws_2402/install/turtle_move_pkg_ga/lib/python3.10/site-packages:${PYTHONPATH} /usr/bin/python3 -W ignore:setup.py install is deprecated setup.py develop --editable --build-directory /home/ivan/ros2_ws_2402/build/turtle_move_pkg_ga/build --no-deps symlink_data --force
