[1.501s] Invoking command in '/home/ivan/ros2_ws_2402/build/modelrobot_pkg_ga': PYTHONPATH=/home/ivan/ros2_ws_2402/build/modelrobot_pkg_ga/prefix_override:/usr/lib/python3/dist-packages/colcon_core/task/python/colcon_distutils_commands:/home/ivan/ros2_ws_2402/install/modelrobot_pkg_ga/lib/python3.10/site-packages:${PYTHONPATH} /usr/bin/python3 -W ignore:setup.py install is deprecated setup.py develop --editable --build-directory /home/ivan/ros2_ws_2402/build/modelrobot_pkg_ga/build --no-deps symlink_data
[1.822s] running develop
[1.822s] /home/ivan/.local/lib/python3.10/site-packages/setuptools/command/easy_install.py:156: EasyInstallDeprecationWarning: easy_install command is deprecated. Use build and pip and other standards-based tools.
[1.822s]   warnings.warn(
[2.020s] running egg_info
[2.020s] writing modelrobot_pkg_ga.egg-info/PKG-INFO
[2.020s] writing dependency_links to modelrobot_pkg_ga.egg-info/dependency_links.txt
[2.020s] writing entry points to modelrobot_pkg_ga.egg-info/entry_points.txt
[2.020s] writing requirements to modelrobot_pkg_ga.egg-info/requires.txt
[2.021s] writing top-level names to modelrobot_pkg_ga.egg-info/top_level.txt
[2.021s] reading manifest file 'modelrobot_pkg_ga.egg-info/SOURCES.txt'
[2.021s] writing manifest file 'modelrobot_pkg_ga.egg-info/SOURCES.txt'
[2.022s] running build_ext
[2.023s] Creating /home/ivan/ros2_ws_2402/install/modelrobot_pkg_ga/lib/python3.10/site-packages/modelrobot-pkg-ga.egg-link (link to .)
[2.023s] 
[2.024s] Installed /home/ivan/ros2_ws_2402/build/modelrobot_pkg_ga
[2.024s] running symlink_data
[2.025s] creating /home/ivan/ros2_ws_2402/install/modelrobot_pkg_ga/share/modelrobot_pkg_ga/launch
[2.025s] symbolically linking /home/ivan/ros2_ws_2402/build/modelrobot_pkg_ga/launch/robot_launch_ga.launch.py -> /home/ivan/ros2_ws_2402/install/modelrobot_pkg_ga/share/modelrobot_pkg_ga/launch
[2.025s] creating /home/ivan/ros2_ws_2402/install/modelrobot_pkg_ga/share/modelrobot_pkg_ga/model
[2.025s] symbolically linking /home/ivan/ros2_ws_2402/build/modelrobot_pkg_ga/model/robot_car_ga.urdf.xacro -> /home/ivan/ros2_ws_2402/install/modelrobot_pkg_ga/share/modelrobot_pkg_ga/model
[2.054s] Invoked command in '/home/ivan/ros2_ws_2402/build/modelrobot_pkg_ga' returned '0': PYTHONPATH=/home/ivan/ros2_ws_2402/build/modelrobot_pkg_ga/prefix_override:/usr/lib/python3/dist-packages/colcon_core/task/python/colcon_distutils_commands:/home/ivan/ros2_ws_2402/install/modelrobot_pkg_ga/lib/python3.10/site-packages:${PYTHONPATH} /usr/bin/python3 -W ignore:setup.py install is deprecated setup.py develop --editable --build-directory /home/ivan/ros2_ws_2402/build/modelrobot_pkg_ga/build --no-deps symlink_data
