[0.795s] Invoking command in '/home/ivan/ros2_ws_2402/build/launch_pkg_ga': PYTHONPATH=/home/ivan/ros2_ws_2402/build/launch_pkg_ga/prefix_override:/usr/lib/python3/dist-packages/colcon_core/task/python/colcon_distutils_commands:/home/ivan/ros2_ws_2402/install/launch_pkg_ga/lib/python3.10/site-packages:${PYTHONPATH} /usr/bin/python3 -W ignore:setup.py install is deprecated setup.py develop --editable --build-directory /home/ivan/ros2_ws_2402/build/launch_pkg_ga/build --no-deps symlink_data
[1.049s] running develop
[1.049s] /home/ivan/.local/lib/python3.10/site-packages/setuptools/command/easy_install.py:156: EasyInstallDeprecationWarning: easy_install command is deprecated. Use build and pip and other standards-based tools.
[1.049s]   warnings.warn(
[1.188s] running egg_info
[1.188s] creating launch_pkg_ga.egg-info
[1.189s] writing launch_pkg_ga.egg-info/PKG-INFO
[1.189s] writing dependency_links to launch_pkg_ga.egg-info/dependency_links.txt
[1.189s] writing entry points to launch_pkg_ga.egg-info/entry_points.txt
[1.189s] writing requirements to launch_pkg_ga.egg-info/requires.txt
[1.189s] writing top-level names to launch_pkg_ga.egg-info/top_level.txt
[1.189s] writing manifest file 'launch_pkg_ga.egg-info/SOURCES.txt'
[1.190s] reading manifest file 'launch_pkg_ga.egg-info/SOURCES.txt'
[1.191s] writing manifest file 'launch_pkg_ga.egg-info/SOURCES.txt'
[1.192s] running build_ext
[1.192s] Creating /home/ivan/ros2_ws_2402/install/launch_pkg_ga/lib/python3.10/site-packages/launch-pkg-ga.egg-link (link to .)
[1.193s] 
[1.193s] Installed /home/ivan/ros2_ws_2402/build/launch_pkg_ga
[1.193s] running symlink_data
[1.193s] creating /home/ivan/ros2_ws_2402/install/launch_pkg_ga/share/ament_index
[1.193s] creating /home/ivan/ros2_ws_2402/install/launch_pkg_ga/share/ament_index/resource_index
[1.193s] creating /home/ivan/ros2_ws_2402/install/launch_pkg_ga/share/ament_index/resource_index/packages
[1.193s] symbolically linking /home/ivan/ros2_ws_2402/build/launch_pkg_ga/resource/launch_pkg_ga -> /home/ivan/ros2_ws_2402/install/launch_pkg_ga/share/ament_index/resource_index/packages
[1.193s] symbolically linking /home/ivan/ros2_ws_2402/build/launch_pkg_ga/package.xml -> /home/ivan/ros2_ws_2402/install/launch_pkg_ga/share/launch_pkg_ga
[1.226s] Invoked command in '/home/ivan/ros2_ws_2402/build/launch_pkg_ga' returned '0': PYTHONPATH=/home/ivan/ros2_ws_2402/build/launch_pkg_ga/prefix_override:/usr/lib/python3/dist-packages/colcon_core/task/python/colcon_distutils_commands:/home/ivan/ros2_ws_2402/install/launch_pkg_ga/lib/python3.10/site-packages:${PYTHONPATH} /usr/bin/python3 -W ignore:setup.py install is deprecated setup.py develop --editable --build-directory /home/ivan/ros2_ws_2402/build/launch_pkg_ga/build --no-deps symlink_data
