running develop
running egg_info
creating launch_pkg_ga.egg-info
writing launch_pkg_ga.egg-info/PKG-INFO
writing dependency_links to launch_pkg_ga.egg-info/dependency_links.txt
writing entry points to launch_pkg_ga.egg-info/entry_points.txt
writing requirements to launch_pkg_ga.egg-info/requires.txt
writing top-level names to launch_pkg_ga.egg-info/top_level.txt
writing manifest file 'launch_pkg_ga.egg-info/SOURCES.txt'
reading manifest file 'launch_pkg_ga.egg-info/SOURCES.txt'
writing manifest file 'launch_pkg_ga.egg-info/SOURCES.txt'
running build_ext
Creating /home/ivan/ros2_ws_2402/src/install/launch_pkg_ga/lib/python3.10/site-packages/launch-pkg-ga.egg-link (link to .)

Installed /home/ivan/ros2_ws_2402/src/build/launch_pkg_ga
running symlink_data
creating /home/ivan/ros2_ws_2402/src/install/launch_pkg_ga/share/ament_index
creating /home/ivan/ros2_ws_2402/src/install/launch_pkg_ga/share/ament_index/resource_index
creating /home/ivan/ros2_ws_2402/src/install/launch_pkg_ga/share/ament_index/resource_index/packages
symbolically linking /home/ivan/ros2_ws_2402/src/build/launch_pkg_ga/resource/launch_pkg_ga -> /home/ivan/ros2_ws_2402/src/install/launch_pkg_ga/share/ament_index/resource_index/packages
symbolically linking /home/ivan/ros2_ws_2402/src/build/launch_pkg_ga/package.xml -> /home/ivan/ros2_ws_2402/src/install/launch_pkg_ga/share/launch_pkg_ga
