running develop
running egg_info
creating modelrobot_pkg_ga.egg-info
writing modelrobot_pkg_ga.egg-info/PKG-INFO
writing dependency_links to modelrobot_pkg_ga.egg-info/dependency_links.txt
writing entry points to modelrobot_pkg_ga.egg-info/entry_points.txt
writing requirements to modelrobot_pkg_ga.egg-info/requires.txt
writing top-level names to modelrobot_pkg_ga.egg-info/top_level.txt
writing manifest file 'modelrobot_pkg_ga.egg-info/SOURCES.txt'
reading manifest file 'modelrobot_pkg_ga.egg-info/SOURCES.txt'
writing manifest file 'modelrobot_pkg_ga.egg-info/SOURCES.txt'
running build_ext
Creating /home/ivan/ros2_ws_2402/src/install/modelrobot_pkg_ga/lib/python3.10/site-packages/modelrobot-pkg-ga.egg-link (link to .)

Installed /home/ivan/ros2_ws_2402/src/build/modelrobot_pkg_ga
running symlink_data
creating /home/ivan/ros2_ws_2402/src/install/modelrobot_pkg_ga/share/ament_index
creating /home/ivan/ros2_ws_2402/src/install/modelrobot_pkg_ga/share/ament_index/resource_index
creating /home/ivan/ros2_ws_2402/src/install/modelrobot_pkg_ga/share/ament_index/resource_index/packages
symbolically linking /home/ivan/ros2_ws_2402/src/build/modelrobot_pkg_ga/resource/modelrobot_pkg_ga -> /home/ivan/ros2_ws_2402/src/install/modelrobot_pkg_ga/share/ament_index/resource_index/packages
symbolically linking /home/ivan/ros2_ws_2402/src/build/modelrobot_pkg_ga/package.xml -> /home/ivan/ros2_ws_2402/src/install/modelrobot_pkg_ga/share/modelrobot_pkg_ga
creating /home/ivan/ros2_ws_2402/src/install/modelrobot_pkg_ga/share/modelrobot_pkg_ga/launch
symbolically linking /home/ivan/ros2_ws_2402/src/build/modelrobot_pkg_ga/launch/simulator_ga.launch.py -> /home/ivan/ros2_ws_2402/src/install/modelrobot_pkg_ga/share/modelrobot_pkg_ga/launch
symbolically linking /home/ivan/ros2_ws_2402/src/build/modelrobot_pkg_ga/launch/robot_launch_ga.launch.py -> /home/ivan/ros2_ws_2402/src/install/modelrobot_pkg_ga/share/modelrobot_pkg_ga/launch
creating /home/ivan/ros2_ws_2402/src/install/modelrobot_pkg_ga/share/modelrobot_pkg_ga/model
symbolically linking /home/ivan/ros2_ws_2402/src/build/modelrobot_pkg_ga/model/robot_car_ga.urdf.xacro -> /home/ivan/ros2_ws_2402/src/install/modelrobot_pkg_ga/share/modelrobot_pkg_ga/model
symbolically linking /home/ivan/ros2_ws_2402/src/build/modelrobot_pkg_ga/model/rviz_config.rviz -> /home/ivan/ros2_ws_2402/src/install/modelrobot_pkg_ga/share/modelrobot_pkg_ga/model
