[0.096s] DEBUG:colcon:Command line arguments: ['/usr/bin/colcon', 'build', '--symlink-install']
[0.096s] DEBUG:colcon:Parsed command line arguments: Namespace(log_base=None, log_level=None, verb_name='build', build_base='build', install_base='install', merge_install=False, symlink_install=True, test_result_base=None, continue_on_error=False, executor='parallel', parallel_workers=4, event_handlers=None, ignore_user_meta=False, metas=['./colcon.meta'], base_paths=['.'], packages_ignore=None, packages_ignore_regex=None, paths=None, packages_up_to=None, packages_up_to_regex=None, packages_above=None, packages_above_and_dependencies=None, packages_above_depth=None, packages_select_by_dep=None, packages_skip_by_dep=None, packages_skip_up_to=None, packages_select_build_failed=False, packages_skip_build_finished=False, packages_select_test_failures=False, packages_skip_test_passed=False, packages_select=None, packages_skip=None, packages_select_regex=None, packages_skip_regex=None, packages_start=None, packages_end=None, allow_overriding=[], cmake_args=None, cmake_target=None, cmake_target_skip_unavailable=False, cmake_clean_cache=False, cmake_clean_first=False, cmake_force_configure=False, ament_cmake_args=None, catkin_cmake_args=None, catkin_skip_building_tests=False, verb_parser=<colcon_defaults.argument_parser.defaults.DefaultArgumentsDecorator object at 0x7c0a87e34e20>, verb_extension=<colcon_core.verb.build.BuildVerb object at 0x7c0a87e348b0>, main=<bound method BuildVerb.main of <colcon_core.verb.build.BuildVerb object at 0x7c0a87e348b0>>)
[0.258s] Level 1:colcon.colcon_core.package_discovery:discover_packages(colcon_meta) check parameters
[0.258s] Level 1:colcon.colcon_core.package_discovery:discover_packages(recursive) check parameters
[0.258s] Level 1:colcon.colcon_core.package_discovery:discover_packages(ignore) check parameters
[0.258s] Level 1:colcon.colcon_core.package_discovery:discover_packages(path) check parameters
[0.258s] Level 1:colcon.colcon_core.package_discovery:discover_packages(colcon_meta) discover
[0.258s] Level 1:colcon.colcon_core.package_discovery:discover_packages(recursive) discover
[0.258s] INFO:colcon.colcon_core.package_discovery:Crawling recursively for packages in '/home/ivan/ros2_ws_2402'
[0.258s] Level 1:colcon.colcon_core.package_identification:_identify(.) by extensions ['ignore', 'ignore_ament_install']
[0.258s] Level 1:colcon.colcon_core.package_identification:_identify(.) by extension 'ignore'
[0.259s] Level 1:colcon.colcon_core.package_identification:_identify(.) by extension 'ignore_ament_install'
[0.259s] Level 1:colcon.colcon_core.package_identification:_identify(.) by extensions ['colcon_pkg']
[0.259s] Level 1:colcon.colcon_core.package_identification:_identify(.) by extension 'colcon_pkg'
[0.259s] Level 1:colcon.colcon_core.package_identification:_identify(.) by extensions ['colcon_meta']
[0.259s] Level 1:colcon.colcon_core.package_identification:_identify(.) by extension 'colcon_meta'
[0.259s] Level 1:colcon.colcon_core.package_identification:_identify(.) by extensions ['ros']
[0.259s] Level 1:colcon.colcon_core.package_identification:_identify(.) by extension 'ros'
[0.278s] Level 1:colcon.colcon_core.package_identification:_identify(.) by extensions ['cmake', 'python']
[0.278s] Level 1:colcon.colcon_core.package_identification:_identify(.) by extension 'cmake'
[0.278s] Level 1:colcon.colcon_core.package_identification:_identify(.) by extension 'python'
[0.278s] Level 1:colcon.colcon_core.package_identification:_identify(.) by extensions ['python_setup_py']
[0.278s] Level 1:colcon.colcon_core.package_identification:_identify(.) by extension 'python_setup_py'
[0.278s] Level 1:colcon.colcon_core.package_identification:_identify(build) by extensions ['ignore', 'ignore_ament_install']
[0.278s] Level 1:colcon.colcon_core.package_identification:_identify(build) by extension 'ignore'
[0.278s] Level 1:colcon.colcon_core.package_identification:_identify(build) ignored
[0.278s] Level 1:colcon.colcon_core.package_identification:_identify(install) by extensions ['ignore', 'ignore_ament_install']
[0.278s] Level 1:colcon.colcon_core.package_identification:_identify(install) by extension 'ignore'
[0.278s] Level 1:colcon.colcon_core.package_identification:_identify(install) ignored
[0.279s] Level 1:colcon.colcon_core.package_identification:_identify(log) by extensions ['ignore', 'ignore_ament_install']
[0.279s] Level 1:colcon.colcon_core.package_identification:_identify(log) by extension 'ignore'
[0.279s] Level 1:colcon.colcon_core.package_identification:_identify(log) ignored
[0.279s] Level 1:colcon.colcon_core.package_identification:_identify(src) by extensions ['ignore', 'ignore_ament_install']
[0.279s] Level 1:colcon.colcon_core.package_identification:_identify(src) by extension 'ignore'
[0.279s] Level 1:colcon.colcon_core.package_identification:_identify(src) by extension 'ignore_ament_install'
[0.279s] Level 1:colcon.colcon_core.package_identification:_identify(src) by extensions ['colcon_pkg']
[0.279s] Level 1:colcon.colcon_core.package_identification:_identify(src) by extension 'colcon_pkg'
[0.279s] Level 1:colcon.colcon_core.package_identification:_identify(src) by extensions ['colcon_meta']
[0.279s] Level 1:colcon.colcon_core.package_identification:_identify(src) by extension 'colcon_meta'
[0.279s] Level 1:colcon.colcon_core.package_identification:_identify(src) by extensions ['ros']
[0.279s] Level 1:colcon.colcon_core.package_identification:_identify(src) by extension 'ros'
[0.279s] Level 1:colcon.colcon_core.package_identification:_identify(src) by extensions ['cmake', 'python']
[0.279s] Level 1:colcon.colcon_core.package_identification:_identify(src) by extension 'cmake'
[0.279s] Level 1:colcon.colcon_core.package_identification:_identify(src) by extension 'python'
[0.279s] Level 1:colcon.colcon_core.package_identification:_identify(src) by extensions ['python_setup_py']
[0.279s] Level 1:colcon.colcon_core.package_identification:_identify(src) by extension 'python_setup_py'
[0.279s] Level 1:colcon.colcon_core.package_identification:_identify(src/build) by extensions ['ignore', 'ignore_ament_install']
[0.280s] Level 1:colcon.colcon_core.package_identification:_identify(src/build) by extension 'ignore'
[0.280s] Level 1:colcon.colcon_core.package_identification:_identify(src/build) ignored
[0.280s] Level 1:colcon.colcon_core.package_identification:_identify(src/install) by extensions ['ignore', 'ignore_ament_install']
[0.280s] Level 1:colcon.colcon_core.package_identification:_identify(src/install) by extension 'ignore'
[0.280s] Level 1:colcon.colcon_core.package_identification:_identify(src/install) ignored
[0.280s] Level 1:colcon.colcon_core.package_identification:_identify(src/launch_pkg_ga) by extensions ['ignore', 'ignore_ament_install']
[0.280s] Level 1:colcon.colcon_core.package_identification:_identify(src/launch_pkg_ga) by extension 'ignore'
[0.280s] Level 1:colcon.colcon_core.package_identification:_identify(src/launch_pkg_ga) by extension 'ignore_ament_install'
[0.280s] Level 1:colcon.colcon_core.package_identification:_identify(src/launch_pkg_ga) by extensions ['colcon_pkg']
[0.280s] Level 1:colcon.colcon_core.package_identification:_identify(src/launch_pkg_ga) by extension 'colcon_pkg'
[0.280s] Level 1:colcon.colcon_core.package_identification:_identify(src/launch_pkg_ga) by extensions ['colcon_meta']
[0.280s] Level 1:colcon.colcon_core.package_identification:_identify(src/launch_pkg_ga) by extension 'colcon_meta'
[0.280s] Level 1:colcon.colcon_core.package_identification:_identify(src/launch_pkg_ga) by extensions ['ros']
[0.280s] Level 1:colcon.colcon_core.package_identification:_identify(src/launch_pkg_ga) by extension 'ros'
[0.282s] DEBUG:colcon.colcon_core.package_identification:Package 'src/launch_pkg_ga' with type 'ros.ament_python' and name 'launch_pkg_ga'
[0.283s] Level 1:colcon.colcon_core.package_identification:_identify(src/log) by extensions ['ignore', 'ignore_ament_install']
[0.283s] Level 1:colcon.colcon_core.package_identification:_identify(src/log) by extension 'ignore'
[0.283s] Level 1:colcon.colcon_core.package_identification:_identify(src/log) ignored
[0.283s] Level 1:colcon.colcon_core.package_identification:_identify(src/modelrobot3r_pkg_ga) by extensions ['ignore', 'ignore_ament_install']
[0.283s] Level 1:colcon.colcon_core.package_identification:_identify(src/modelrobot3r_pkg_ga) by extension 'ignore'
[0.283s] Level 1:colcon.colcon_core.package_identification:_identify(src/modelrobot3r_pkg_ga) by extension 'ignore_ament_install'
[0.283s] Level 1:colcon.colcon_core.package_identification:_identify(src/modelrobot3r_pkg_ga) by extensions ['colcon_pkg']
[0.283s] Level 1:colcon.colcon_core.package_identification:_identify(src/modelrobot3r_pkg_ga) by extension 'colcon_pkg'
[0.283s] Level 1:colcon.colcon_core.package_identification:_identify(src/modelrobot3r_pkg_ga) by extensions ['colcon_meta']
[0.283s] Level 1:colcon.colcon_core.package_identification:_identify(src/modelrobot3r_pkg_ga) by extension 'colcon_meta'
[0.283s] Level 1:colcon.colcon_core.package_identification:_identify(src/modelrobot3r_pkg_ga) by extensions ['ros']
[0.283s] Level 1:colcon.colcon_core.package_identification:_identify(src/modelrobot3r_pkg_ga) by extension 'ros'
[0.284s] DEBUG:colcon.colcon_core.package_identification:Package 'src/modelrobot3r_pkg_ga' with type 'ros.ament_python' and name 'modelrobot3r_pkg_ga'
[0.284s] Level 1:colcon.colcon_core.package_identification:_identify(src/modelrobot_pkg_ga) by extensions ['ignore', 'ignore_ament_install']
[0.284s] Level 1:colcon.colcon_core.package_identification:_identify(src/modelrobot_pkg_ga) by extension 'ignore'
[0.284s] Level 1:colcon.colcon_core.package_identification:_identify(src/modelrobot_pkg_ga) by extension 'ignore_ament_install'
[0.284s] Level 1:colcon.colcon_core.package_identification:_identify(src/modelrobot_pkg_ga) by extensions ['colcon_pkg']
[0.284s] Level 1:colcon.colcon_core.package_identification:_identify(src/modelrobot_pkg_ga) by extension 'colcon_pkg'
[0.284s] Level 1:colcon.colcon_core.package_identification:_identify(src/modelrobot_pkg_ga) by extensions ['colcon_meta']
[0.284s] Level 1:colcon.colcon_core.package_identification:_identify(src/modelrobot_pkg_ga) by extension 'colcon_meta'
[0.284s] Level 1:colcon.colcon_core.package_identification:_identify(src/modelrobot_pkg_ga) by extensions ['ros']
[0.284s] Level 1:colcon.colcon_core.package_identification:_identify(src/modelrobot_pkg_ga) by extension 'ros'
[0.284s] DEBUG:colcon.colcon_core.package_identification:Package 'src/modelrobot_pkg_ga' with type 'ros.ament_python' and name 'modelrobot_pkg_ga'
[0.284s] Level 1:colcon.colcon_core.package_identification:_identify(src/temp) by extensions ['ignore', 'ignore_ament_install']
[0.285s] Level 1:colcon.colcon_core.package_identification:_identify(src/temp) by extension 'ignore'
[0.285s] Level 1:colcon.colcon_core.package_identification:_identify(src/temp) by extension 'ignore_ament_install'
[0.285s] Level 1:colcon.colcon_core.package_identification:_identify(src/temp) by extensions ['colcon_pkg']
[0.285s] Level 1:colcon.colcon_core.package_identification:_identify(src/temp) by extension 'colcon_pkg'
[0.285s] Level 1:colcon.colcon_core.package_identification:_identify(src/temp) by extensions ['colcon_meta']
[0.285s] Level 1:colcon.colcon_core.package_identification:_identify(src/temp) by extension 'colcon_meta'
[0.285s] Level 1:colcon.colcon_core.package_identification:_identify(src/temp) by extensions ['ros']
[0.285s] Level 1:colcon.colcon_core.package_identification:_identify(src/temp) by extension 'ros'
[0.285s] Level 1:colcon.colcon_core.package_identification:_identify(src/temp) by extensions ['cmake', 'python']
[0.285s] Level 1:colcon.colcon_core.package_identification:_identify(src/temp) by extension 'cmake'
[0.285s] Level 1:colcon.colcon_core.package_identification:_identify(src/temp) by extension 'python'
[0.285s] Level 1:colcon.colcon_core.package_identification:_identify(src/temp) by extensions ['python_setup_py']
[0.285s] Level 1:colcon.colcon_core.package_identification:_identify(src/temp) by extension 'python_setup_py'
[0.285s] Level 1:colcon.colcon_core.package_identification:_identify(src/turtle_move_pkg_ga) by extensions ['ignore', 'ignore_ament_install']
[0.285s] Level 1:colcon.colcon_core.package_identification:_identify(src/turtle_move_pkg_ga) by extension 'ignore'
[0.285s] Level 1:colcon.colcon_core.package_identification:_identify(src/turtle_move_pkg_ga) by extension 'ignore_ament_install'
[0.285s] Level 1:colcon.colcon_core.package_identification:_identify(src/turtle_move_pkg_ga) by extensions ['colcon_pkg']
[0.285s] Level 1:colcon.colcon_core.package_identification:_identify(src/turtle_move_pkg_ga) by extension 'colcon_pkg'
[0.285s] Level 1:colcon.colcon_core.package_identification:_identify(src/turtle_move_pkg_ga) by extensions ['colcon_meta']
[0.285s] Level 1:colcon.colcon_core.package_identification:_identify(src/turtle_move_pkg_ga) by extension 'colcon_meta'
[0.285s] Level 1:colcon.colcon_core.package_identification:_identify(src/turtle_move_pkg_ga) by extensions ['ros']
[0.285s] Level 1:colcon.colcon_core.package_identification:_identify(src/turtle_move_pkg_ga) by extension 'ros'
[0.286s] DEBUG:colcon.colcon_core.package_identification:Package 'src/turtle_move_pkg_ga' with type 'ros.ament_python' and name 'turtle_move_pkg_ga'
[0.286s] Level 1:colcon.colcon_core.package_identification:_identify(src/twist2tf2_pkg_g01) by extensions ['ignore', 'ignore_ament_install']
[0.286s] Level 1:colcon.colcon_core.package_identification:_identify(src/twist2tf2_pkg_g01) by extension 'ignore'
[0.286s] Level 1:colcon.colcon_core.package_identification:_identify(src/twist2tf2_pkg_g01) by extension 'ignore_ament_install'
[0.286s] Level 1:colcon.colcon_core.package_identification:_identify(src/twist2tf2_pkg_g01) by extensions ['colcon_pkg']
[0.286s] Level 1:colcon.colcon_core.package_identification:_identify(src/twist2tf2_pkg_g01) by extension 'colcon_pkg'
[0.286s] Level 1:colcon.colcon_core.package_identification:_identify(src/twist2tf2_pkg_g01) by extensions ['colcon_meta']
[0.286s] Level 1:colcon.colcon_core.package_identification:_identify(src/twist2tf2_pkg_g01) by extension 'colcon_meta'
[0.286s] Level 1:colcon.colcon_core.package_identification:_identify(src/twist2tf2_pkg_g01) by extensions ['ros']
[0.286s] Level 1:colcon.colcon_core.package_identification:_identify(src/twist2tf2_pkg_g01) by extension 'ros'
[0.287s] DEBUG:colcon.colcon_core.package_identification:Package 'src/twist2tf2_pkg_g01' with type 'ros.ament_python' and name 'twist2tf2_pkg_g01'
[0.287s] Level 1:colcon.colcon_core.package_discovery:discover_packages(recursive) using defaults
[0.287s] Level 1:colcon.colcon_core.package_discovery:discover_packages(ignore) discover
[0.287s] Level 1:colcon.colcon_core.package_discovery:discover_packages(ignore) using defaults
[0.287s] Level 1:colcon.colcon_core.package_discovery:discover_packages(path) discover
[0.287s] Level 1:colcon.colcon_core.package_discovery:discover_packages(path) using defaults
[0.305s] Level 1:colcon.colcon_core.package_discovery:discover_packages(prefix_path) check parameters
[0.305s] Level 1:colcon.colcon_core.package_discovery:discover_packages(prefix_path) discover
[0.307s] DEBUG:colcon.colcon_installed_package_information.package_discovery:Found 5 installed packages in /home/ivan/ros2_ws_2402/install
[0.308s] DEBUG:colcon.colcon_installed_package_information.package_discovery:Found 280 installed packages in /opt/ros/humble
[0.310s] Level 1:colcon.colcon_core.package_discovery:discover_packages(prefix_path) using defaults
[0.344s] Level 5:colcon.colcon_core.verb:set package 'launch_pkg_ga' build argument 'cmake_args' from command line to 'None'
[0.344s] Level 5:colcon.colcon_core.verb:set package 'launch_pkg_ga' build argument 'cmake_target' from command line to 'None'
[0.344s] Level 5:colcon.colcon_core.verb:set package 'launch_pkg_ga' build argument 'cmake_target_skip_unavailable' from command line to 'False'
[0.344s] Level 5:colcon.colcon_core.verb:set package 'launch_pkg_ga' build argument 'cmake_clean_cache' from command line to 'False'
[0.344s] Level 5:colcon.colcon_core.verb:set package 'launch_pkg_ga' build argument 'cmake_clean_first' from command line to 'False'
[0.344s] Level 5:colcon.colcon_core.verb:set package 'launch_pkg_ga' build argument 'cmake_force_configure' from command line to 'False'
[0.344s] Level 5:colcon.colcon_core.verb:set package 'launch_pkg_ga' build argument 'ament_cmake_args' from command line to 'None'
[0.344s] Level 5:colcon.colcon_core.verb:set package 'launch_pkg_ga' build argument 'catkin_cmake_args' from command line to 'None'
[0.344s] Level 5:colcon.colcon_core.verb:set package 'launch_pkg_ga' build argument 'catkin_skip_building_tests' from command line to 'False'
[0.344s] DEBUG:colcon.colcon_core.verb:Building package 'launch_pkg_ga' with the following arguments: {'ament_cmake_args': None, 'build_base': '/home/ivan/ros2_ws_2402/build/launch_pkg_ga', 'catkin_cmake_args': None, 'catkin_skip_building_tests': False, 'cmake_args': None, 'cmake_clean_cache': False, 'cmake_clean_first': False, 'cmake_force_configure': False, 'cmake_target': None, 'cmake_target_skip_unavailable': False, 'install_base': '/home/ivan/ros2_ws_2402/install/launch_pkg_ga', 'merge_install': False, 'path': '/home/ivan/ros2_ws_2402/src/launch_pkg_ga', 'symlink_install': True, 'test_result_base': None}
[0.344s] Level 5:colcon.colcon_core.verb:set package 'modelrobot3r_pkg_ga' build argument 'cmake_args' from command line to 'None'
[0.345s] Level 5:colcon.colcon_core.verb:set package 'modelrobot3r_pkg_ga' build argument 'cmake_target' from command line to 'None'
[0.345s] Level 5:colcon.colcon_core.verb:set package 'modelrobot3r_pkg_ga' build argument 'cmake_target_skip_unavailable' from command line to 'False'
[0.345s] Level 5:colcon.colcon_core.verb:set package 'modelrobot3r_pkg_ga' build argument 'cmake_clean_cache' from command line to 'False'
[0.345s] Level 5:colcon.colcon_core.verb:set package 'modelrobot3r_pkg_ga' build argument 'cmake_clean_first' from command line to 'False'
[0.345s] Level 5:colcon.colcon_core.verb:set package 'modelrobot3r_pkg_ga' build argument 'cmake_force_configure' from command line to 'False'
[0.345s] Level 5:colcon.colcon_core.verb:set package 'modelrobot3r_pkg_ga' build argument 'ament_cmake_args' from command line to 'None'
[0.345s] Level 5:colcon.colcon_core.verb:set package 'modelrobot3r_pkg_ga' build argument 'catkin_cmake_args' from command line to 'None'
[0.345s] Level 5:colcon.colcon_core.verb:set package 'modelrobot3r_pkg_ga' build argument 'catkin_skip_building_tests' from command line to 'False'
[0.345s] DEBUG:colcon.colcon_core.verb:Building package 'modelrobot3r_pkg_ga' with the following arguments: {'ament_cmake_args': None, 'build_base': '/home/ivan/ros2_ws_2402/build/modelrobot3r_pkg_ga', 'catkin_cmake_args': None, 'catkin_skip_building_tests': False, 'cmake_args': None, 'cmake_clean_cache': False, 'cmake_clean_first': False, 'cmake_force_configure': False, 'cmake_target': None, 'cmake_target_skip_unavailable': False, 'install_base': '/home/ivan/ros2_ws_2402/install/modelrobot3r_pkg_ga', 'merge_install': False, 'path': '/home/ivan/ros2_ws_2402/src/modelrobot3r_pkg_ga', 'symlink_install': True, 'test_result_base': None}
[0.345s] Level 5:colcon.colcon_core.verb:set package 'modelrobot_pkg_ga' build argument 'cmake_args' from command line to 'None'
[0.345s] Level 5:colcon.colcon_core.verb:set package 'modelrobot_pkg_ga' build argument 'cmake_target' from command line to 'None'
[0.345s] Level 5:colcon.colcon_core.verb:set package 'modelrobot_pkg_ga' build argument 'cmake_target_skip_unavailable' from command line to 'False'
[0.345s] Level 5:colcon.colcon_core.verb:set package 'modelrobot_pkg_ga' build argument 'cmake_clean_cache' from command line to 'False'
[0.345s] Level 5:colcon.colcon_core.verb:set package 'modelrobot_pkg_ga' build argument 'cmake_clean_first' from command line to 'False'
[0.345s] Level 5:colcon.colcon_core.verb:set package 'modelrobot_pkg_ga' build argument 'cmake_force_configure' from command line to 'False'
[0.345s] Level 5:colcon.colcon_core.verb:set package 'modelrobot_pkg_ga' build argument 'ament_cmake_args' from command line to 'None'
[0.345s] Level 5:colcon.colcon_core.verb:set package 'modelrobot_pkg_ga' build argument 'catkin_cmake_args' from command line to 'None'
[0.345s] Level 5:colcon.colcon_core.verb:set package 'modelrobot_pkg_ga' build argument 'catkin_skip_building_tests' from command line to 'False'
[0.345s] DEBUG:colcon.colcon_core.verb:Building package 'modelrobot_pkg_ga' with the following arguments: {'ament_cmake_args': None, 'build_base': '/home/ivan/ros2_ws_2402/build/modelrobot_pkg_ga', 'catkin_cmake_args': None, 'catkin_skip_building_tests': False, 'cmake_args': None, 'cmake_clean_cache': False, 'cmake_clean_first': False, 'cmake_force_configure': False, 'cmake_target': None, 'cmake_target_skip_unavailable': False, 'install_base': '/home/ivan/ros2_ws_2402/install/modelrobot_pkg_ga', 'merge_install': False, 'path': '/home/ivan/ros2_ws_2402/src/modelrobot_pkg_ga', 'symlink_install': True, 'test_result_base': None}
[0.346s] Level 5:colcon.colcon_core.verb:set package 'turtle_move_pkg_ga' build argument 'cmake_args' from command line to 'None'
[0.346s] Level 5:colcon.colcon_core.verb:set package 'turtle_move_pkg_ga' build argument 'cmake_target' from command line to 'None'
[0.346s] Level 5:colcon.colcon_core.verb:set package 'turtle_move_pkg_ga' build argument 'cmake_target_skip_unavailable' from command line to 'False'
[0.346s] Level 5:colcon.colcon_core.verb:set package 'turtle_move_pkg_ga' build argument 'cmake_clean_cache' from command line to 'False'
[0.346s] Level 5:colcon.colcon_core.verb:set package 'turtle_move_pkg_ga' build argument 'cmake_clean_first' from command line to 'False'
[0.346s] Level 5:colcon.colcon_core.verb:set package 'turtle_move_pkg_ga' build argument 'cmake_force_configure' from command line to 'False'
[0.346s] Level 5:colcon.colcon_core.verb:set package 'turtle_move_pkg_ga' build argument 'ament_cmake_args' from command line to 'None'
[0.346s] Level 5:colcon.colcon_core.verb:set package 'turtle_move_pkg_ga' build argument 'catkin_cmake_args' from command line to 'None'
[0.346s] Level 5:colcon.colcon_core.verb:set package 'turtle_move_pkg_ga' build argument 'catkin_skip_building_tests' from command line to 'False'
[0.346s] DEBUG:colcon.colcon_core.verb:Building package 'turtle_move_pkg_ga' with the following arguments: {'ament_cmake_args': None, 'build_base': '/home/ivan/ros2_ws_2402/build/turtle_move_pkg_ga', 'catkin_cmake_args': None, 'catkin_skip_building_tests': False, 'cmake_args': None, 'cmake_clean_cache': False, 'cmake_clean_first': False, 'cmake_force_configure': False, 'cmake_target': None, 'cmake_target_skip_unavailable': False, 'install_base': '/home/ivan/ros2_ws_2402/install/turtle_move_pkg_ga', 'merge_install': False, 'path': '/home/ivan/ros2_ws_2402/src/turtle_move_pkg_ga', 'symlink_install': True, 'test_result_base': None}
[0.346s] Level 5:colcon.colcon_core.verb:set package 'twist2tf2_pkg_g01' build argument 'cmake_args' from command line to 'None'
[0.346s] Level 5:colcon.colcon_core.verb:set package 'twist2tf2_pkg_g01' build argument 'cmake_target' from command line to 'None'
[0.346s] Level 5:colcon.colcon_core.verb:set package 'twist2tf2_pkg_g01' build argument 'cmake_target_skip_unavailable' from command line to 'False'
[0.346s] Level 5:colcon.colcon_core.verb:set package 'twist2tf2_pkg_g01' build argument 'cmake_clean_cache' from command line to 'False'
[0.346s] Level 5:colcon.colcon_core.verb:set package 'twist2tf2_pkg_g01' build argument 'cmake_clean_first' from command line to 'False'
[0.346s] Level 5:colcon.colcon_core.verb:set package 'twist2tf2_pkg_g01' build argument 'cmake_force_configure' from command line to 'False'
[0.346s] Level 5:colcon.colcon_core.verb:set package 'twist2tf2_pkg_g01' build argument 'ament_cmake_args' from command line to 'None'
[0.346s] Level 5:colcon.colcon_core.verb:set package 'twist2tf2_pkg_g01' build argument 'catkin_cmake_args' from command line to 'None'
[0.346s] Level 5:colcon.colcon_core.verb:set package 'twist2tf2_pkg_g01' build argument 'catkin_skip_building_tests' from command line to 'False'
[0.346s] DEBUG:colcon.colcon_core.verb:Building package 'twist2tf2_pkg_g01' with the following arguments: {'ament_cmake_args': None, 'build_base': '/home/ivan/ros2_ws_2402/build/twist2tf2_pkg_g01', 'catkin_cmake_args': None, 'catkin_skip_building_tests': False, 'cmake_args': None, 'cmake_clean_cache': False, 'cmake_clean_first': False, 'cmake_force_configure': False, 'cmake_target': None, 'cmake_target_skip_unavailable': False, 'install_base': '/home/ivan/ros2_ws_2402/install/twist2tf2_pkg_g01', 'merge_install': False, 'path': '/home/ivan/ros2_ws_2402/src/twist2tf2_pkg_g01', 'symlink_install': True, 'test_result_base': None}
[0.347s] INFO:colcon.colcon_core.executor:Executing jobs using 'parallel' executor
[0.347s] DEBUG:colcon.colcon_parallel_executor.executor.parallel:run_until_complete
[0.348s] INFO:colcon.colcon_ros.task.ament_python.build:Building ROS package in '/home/ivan/ros2_ws_2402/src/launch_pkg_ga' with build type 'ament_python'
[0.348s] Level 1:colcon.colcon_core.shell:create_environment_hook('launch_pkg_ga', 'ament_prefix_path')
[0.350s] INFO:colcon.colcon_core.plugin_system:Skipping extension 'colcon_core.shell.bat': Not used on non-Windows systems
[0.350s] INFO:colcon.colcon_core.shell:Creating environment hook '/home/ivan/ros2_ws_2402/install/launch_pkg_ga/share/launch_pkg_ga/hook/ament_prefix_path.ps1'
[0.351s] INFO:colcon.colcon_core.shell:Creating environment descriptor '/home/ivan/ros2_ws_2402/install/launch_pkg_ga/share/launch_pkg_ga/hook/ament_prefix_path.dsv'
[0.351s] INFO:colcon.colcon_core.shell:Creating environment hook '/home/ivan/ros2_ws_2402/install/launch_pkg_ga/share/launch_pkg_ga/hook/ament_prefix_path.sh'
[0.352s] INFO:colcon.colcon_core.shell:Skip shell extension 'powershell' for command environment: Not usable outside of PowerShell
[0.352s] DEBUG:colcon.colcon_core.shell:Skip shell extension 'dsv' for command environment
[0.355s] INFO:colcon.colcon_ros.task.ament_python.build:Building ROS package in '/home/ivan/ros2_ws_2402/src/modelrobot3r_pkg_ga' with build type 'ament_python'
[0.355s] Level 1:colcon.colcon_core.shell:create_environment_hook('modelrobot3r_pkg_ga', 'ament_prefix_path')
[0.355s] INFO:colcon.colcon_core.shell:Creating environment hook '/home/ivan/ros2_ws_2402/install/modelrobot3r_pkg_ga/share/modelrobot3r_pkg_ga/hook/ament_prefix_path.ps1'
[0.356s] INFO:colcon.colcon_core.shell:Creating environment descriptor '/home/ivan/ros2_ws_2402/install/modelrobot3r_pkg_ga/share/modelrobot3r_pkg_ga/hook/ament_prefix_path.dsv'
[0.356s] INFO:colcon.colcon_core.shell:Creating environment hook '/home/ivan/ros2_ws_2402/install/modelrobot3r_pkg_ga/share/modelrobot3r_pkg_ga/hook/ament_prefix_path.sh'
[0.357s] INFO:colcon.colcon_core.shell:Skip shell extension 'powershell' for command environment: Not usable outside of PowerShell
[0.357s] DEBUG:colcon.colcon_core.shell:Skip shell extension 'dsv' for command environment
[0.360s] INFO:colcon.colcon_ros.task.ament_python.build:Building ROS package in '/home/ivan/ros2_ws_2402/src/modelrobot_pkg_ga' with build type 'ament_python'
[0.360s] Level 1:colcon.colcon_core.shell:create_environment_hook('modelrobot_pkg_ga', 'ament_prefix_path')
[0.360s] INFO:colcon.colcon_core.shell:Creating environment hook '/home/ivan/ros2_ws_2402/install/modelrobot_pkg_ga/share/modelrobot_pkg_ga/hook/ament_prefix_path.ps1'
[0.362s] INFO:colcon.colcon_core.shell:Creating environment descriptor '/home/ivan/ros2_ws_2402/install/modelrobot_pkg_ga/share/modelrobot_pkg_ga/hook/ament_prefix_path.dsv'
[0.362s] INFO:colcon.colcon_core.shell:Creating environment hook '/home/ivan/ros2_ws_2402/install/modelrobot_pkg_ga/share/modelrobot_pkg_ga/hook/ament_prefix_path.sh'
[0.363s] INFO:colcon.colcon_core.shell:Skip shell extension 'powershell' for command environment: Not usable outside of PowerShell
[0.363s] DEBUG:colcon.colcon_core.shell:Skip shell extension 'dsv' for command environment
[0.365s] INFO:colcon.colcon_ros.task.ament_python.build:Building ROS package in '/home/ivan/ros2_ws_2402/src/turtle_move_pkg_ga' with build type 'ament_python'
[0.365s] Level 1:colcon.colcon_core.shell:create_environment_hook('turtle_move_pkg_ga', 'ament_prefix_path')
[0.365s] INFO:colcon.colcon_core.shell:Creating environment hook '/home/ivan/ros2_ws_2402/install/turtle_move_pkg_ga/share/turtle_move_pkg_ga/hook/ament_prefix_path.ps1'
[0.366s] INFO:colcon.colcon_core.shell:Creating environment descriptor '/home/ivan/ros2_ws_2402/install/turtle_move_pkg_ga/share/turtle_move_pkg_ga/hook/ament_prefix_path.dsv'
[0.366s] INFO:colcon.colcon_core.shell:Creating environment hook '/home/ivan/ros2_ws_2402/install/turtle_move_pkg_ga/share/turtle_move_pkg_ga/hook/ament_prefix_path.sh'
[0.367s] INFO:colcon.colcon_core.shell:Skip shell extension 'powershell' for command environment: Not usable outside of PowerShell
[0.367s] DEBUG:colcon.colcon_core.shell:Skip shell extension 'dsv' for command environment
[0.634s] INFO:colcon.colcon_core.task.python.build:Building Python package in '/home/ivan/ros2_ws_2402/src/launch_pkg_ga'
[0.634s] INFO:colcon.colcon_core.shell:Skip shell extension 'powershell' for command environment: Not usable outside of PowerShell
[0.635s] DEBUG:colcon.colcon_core.shell:Skip shell extension 'dsv' for command environment
[0.902s] INFO:colcon.colcon_core.task.python.build:Building Python package in '/home/ivan/ros2_ws_2402/src/modelrobot3r_pkg_ga'
[0.902s] INFO:colcon.colcon_core.shell:Skip shell extension 'powershell' for command environment: Not usable outside of PowerShell
[0.902s] DEBUG:colcon.colcon_core.shell:Skip shell extension 'dsv' for command environment
[1.175s] INFO:colcon.colcon_core.task.python.build:Building Python package in '/home/ivan/ros2_ws_2402/src/modelrobot_pkg_ga'
[1.176s] INFO:colcon.colcon_core.shell:Skip shell extension 'powershell' for command environment: Not usable outside of PowerShell
[1.177s] DEBUG:colcon.colcon_core.shell:Skip shell extension 'dsv' for command environment
[1.444s] INFO:colcon.colcon_core.task.python.build:Building Python package in '/home/ivan/ros2_ws_2402/src/turtle_move_pkg_ga'
[1.445s] INFO:colcon.colcon_core.shell:Skip shell extension 'powershell' for command environment: Not usable outside of PowerShell
[1.445s] DEBUG:colcon.colcon_core.shell:Skip shell extension 'dsv' for command environment
[1.890s] DEBUG:colcon.colcon_core.event_handler.log_command:Invoking command in '/home/ivan/ros2_ws_2402/build/launch_pkg_ga': PYTHONPATH=/home/ivan/ros2_ws_2402/build/launch_pkg_ga/prefix_override:/usr/lib/python3/dist-packages/colcon_core/task/python/colcon_distutils_commands:/home/ivan/ros2_ws_2402/install/launch_pkg_ga/lib/python3.10/site-packages:${PYTHONPATH} /usr/bin/python3 -W ignore:setup.py install is deprecated setup.py develop --editable --build-directory /home/ivan/ros2_ws_2402/build/launch_pkg_ga/build --no-deps symlink_data
[1.911s] DEBUG:colcon.colcon_core.event_handler.log_command:Invoking command in '/home/ivan/ros2_ws_2402/build/modelrobot3r_pkg_ga': PYTHONPATH=/home/ivan/ros2_ws_2402/build/modelrobot3r_pkg_ga/prefix_override:/usr/lib/python3/dist-packages/colcon_core/task/python/colcon_distutils_commands:/home/ivan/ros2_ws_2402/install/modelrobot3r_pkg_ga/lib/python3.10/site-packages:${PYTHONPATH} /usr/bin/python3 -W ignore:setup.py install is deprecated setup.py develop --editable --build-directory /home/ivan/ros2_ws_2402/build/modelrobot3r_pkg_ga/build --no-deps symlink_data
[1.946s] DEBUG:colcon.colcon_core.event_handler.log_command:Invoking command in '/home/ivan/ros2_ws_2402/build/modelrobot_pkg_ga': PYTHONPATH=/home/ivan/ros2_ws_2402/build/modelrobot_pkg_ga/prefix_override:/usr/lib/python3/dist-packages/colcon_core/task/python/colcon_distutils_commands:/home/ivan/ros2_ws_2402/install/modelrobot_pkg_ga/lib/python3.10/site-packages:${PYTHONPATH} /usr/bin/python3 -W ignore:setup.py install is deprecated setup.py develop --editable --build-directory /home/ivan/ros2_ws_2402/build/modelrobot_pkg_ga/build --no-deps symlink_data
[1.979s] DEBUG:colcon.colcon_core.event_handler.log_command:Invoking command in '/home/ivan/ros2_ws_2402/build/turtle_move_pkg_ga': PYTHONPATH=/home/ivan/ros2_ws_2402/build/turtle_move_pkg_ga/prefix_override:/usr/lib/python3/dist-packages/colcon_core/task/python/colcon_distutils_commands:/home/ivan/ros2_ws_2402/install/turtle_move_pkg_ga/lib/python3.10/site-packages:${PYTHONPATH} /usr/bin/python3 -W ignore:setup.py install is deprecated setup.py develop --editable --build-directory /home/ivan/ros2_ws_2402/build/turtle_move_pkg_ga/build --no-deps symlink_data
[2.541s] Level 1:colcon.colcon_core.shell:create_environment_hook('launch_pkg_ga', 'pythonpath_develop')
[2.542s] INFO:colcon.colcon_core.shell:Creating environment hook '/home/ivan/ros2_ws_2402/build/launch_pkg_ga/share/launch_pkg_ga/hook/pythonpath_develop.ps1'
[2.543s] INFO:colcon.colcon_core.shell:Creating environment descriptor '/home/ivan/ros2_ws_2402/build/launch_pkg_ga/share/launch_pkg_ga/hook/pythonpath_develop.dsv'
[2.543s] INFO:colcon.colcon_core.shell:Creating environment hook '/home/ivan/ros2_ws_2402/build/launch_pkg_ga/share/launch_pkg_ga/hook/pythonpath_develop.sh'
[2.541s] DEBUG:colcon.colcon_core.event_handler.log_command:Invoked command in '/home/ivan/ros2_ws_2402/build/launch_pkg_ga' returned '0': PYTHONPATH=/home/ivan/ros2_ws_2402/build/launch_pkg_ga/prefix_override:/usr/lib/python3/dist-packages/colcon_core/task/python/colcon_distutils_commands:/home/ivan/ros2_ws_2402/install/launch_pkg_ga/lib/python3.10/site-packages:${PYTHONPATH} /usr/bin/python3 -W ignore:setup.py install is deprecated setup.py develop --editable --build-directory /home/ivan/ros2_ws_2402/build/launch_pkg_ga/build --no-deps symlink_data
[2.546s] Level 1:colcon.colcon_core.environment:checking '/home/ivan/ros2_ws_2402/install/launch_pkg_ga' for CMake module files
[2.547s] Level 1:colcon.colcon_core.environment:checking '/home/ivan/ros2_ws_2402/install/launch_pkg_ga' for CMake config files
[2.547s] Level 1:colcon.colcon_core.environment:checking '/home/ivan/ros2_ws_2402/install/launch_pkg_ga/lib'
[2.548s] Level 1:colcon.colcon_core.environment:checking '/home/ivan/ros2_ws_2402/install/launch_pkg_ga/bin'
[2.548s] Level 1:colcon.colcon_core.environment:checking '/home/ivan/ros2_ws_2402/install/launch_pkg_ga/lib/pkgconfig/launch_pkg_ga.pc'
[2.548s] Level 1:colcon.colcon_core.environment:checking '/home/ivan/ros2_ws_2402/install/launch_pkg_ga/lib/python3.10/site-packages'
[2.548s] Level 1:colcon.colcon_core.shell:create_environment_hook('launch_pkg_ga', 'pythonpath')
[2.548s] INFO:colcon.colcon_core.shell:Creating environment hook '/home/ivan/ros2_ws_2402/install/launch_pkg_ga/share/launch_pkg_ga/hook/pythonpath.ps1'
[2.549s] INFO:colcon.colcon_core.shell:Creating environment descriptor '/home/ivan/ros2_ws_2402/install/launch_pkg_ga/share/launch_pkg_ga/hook/pythonpath.dsv'
[2.550s] INFO:colcon.colcon_core.shell:Creating environment hook '/home/ivan/ros2_ws_2402/install/launch_pkg_ga/share/launch_pkg_ga/hook/pythonpath.sh'
[2.550s] Level 1:colcon.colcon_core.environment:checking '/home/ivan/ros2_ws_2402/install/launch_pkg_ga/bin'
[2.551s] Level 1:colcon.colcon_core.environment:create_environment_scripts_only(launch_pkg_ga)
[2.551s] INFO:colcon.colcon_core.shell:Creating package script '/home/ivan/ros2_ws_2402/install/launch_pkg_ga/share/launch_pkg_ga/package.ps1'
[2.552s] INFO:colcon.colcon_core.shell:Creating package descriptor '/home/ivan/ros2_ws_2402/install/launch_pkg_ga/share/launch_pkg_ga/package.dsv'
[2.553s] INFO:colcon.colcon_core.shell:Creating package script '/home/ivan/ros2_ws_2402/install/launch_pkg_ga/share/launch_pkg_ga/package.sh'
[2.554s] INFO:colcon.colcon_core.shell:Creating package script '/home/ivan/ros2_ws_2402/install/launch_pkg_ga/share/launch_pkg_ga/package.bash'
[2.555s] INFO:colcon.colcon_core.shell:Creating package script '/home/ivan/ros2_ws_2402/install/launch_pkg_ga/share/launch_pkg_ga/package.zsh'
[2.556s] Level 1:colcon.colcon_core.environment:create_file_with_runtime_dependencies(/home/ivan/ros2_ws_2402/install/launch_pkg_ga/share/colcon-core/packages/launch_pkg_ga)
[2.557s] INFO:colcon.colcon_ros.task.ament_python.build:Building ROS package in '/home/ivan/ros2_ws_2402/src/twist2tf2_pkg_g01' with build type 'ament_python'
[2.557s] Level 1:colcon.colcon_core.shell:create_environment_hook('twist2tf2_pkg_g01', 'ament_prefix_path')
[2.558s] INFO:colcon.colcon_core.shell:Creating environment hook '/home/ivan/ros2_ws_2402/install/twist2tf2_pkg_g01/share/twist2tf2_pkg_g01/hook/ament_prefix_path.ps1'
[2.558s] INFO:colcon.colcon_core.shell:Creating environment descriptor '/home/ivan/ros2_ws_2402/install/twist2tf2_pkg_g01/share/twist2tf2_pkg_g01/hook/ament_prefix_path.dsv'
[2.559s] INFO:colcon.colcon_core.shell:Creating environment hook '/home/ivan/ros2_ws_2402/install/twist2tf2_pkg_g01/share/twist2tf2_pkg_g01/hook/ament_prefix_path.sh'
[2.562s] INFO:colcon.colcon_core.shell:Skip shell extension 'powershell' for command environment: Not usable outside of PowerShell
[2.562s] DEBUG:colcon.colcon_core.shell:Skip shell extension 'dsv' for command environment
[2.860s] INFO:colcon.colcon_core.task.python.build:Building Python package in '/home/ivan/ros2_ws_2402/src/twist2tf2_pkg_g01'
[2.861s] INFO:colcon.colcon_core.shell:Skip shell extension 'powershell' for command environment: Not usable outside of PowerShell
[2.861s] DEBUG:colcon.colcon_core.shell:Skip shell extension 'dsv' for command environment
[2.865s] Level 1:colcon.colcon_core.shell:create_environment_hook('modelrobot3r_pkg_ga', 'pythonpath_develop')
[2.865s] INFO:colcon.colcon_core.shell:Creating environment hook '/home/ivan/ros2_ws_2402/build/modelrobot3r_pkg_ga/share/modelrobot3r_pkg_ga/hook/pythonpath_develop.ps1'
[2.865s] DEBUG:colcon.colcon_core.event_handler.log_command:Invoked command in '/home/ivan/ros2_ws_2402/build/modelrobot3r_pkg_ga' returned '0': PYTHONPATH=/home/ivan/ros2_ws_2402/build/modelrobot3r_pkg_ga/prefix_override:/usr/lib/python3/dist-packages/colcon_core/task/python/colcon_distutils_commands:/home/ivan/ros2_ws_2402/install/modelrobot3r_pkg_ga/lib/python3.10/site-packages:${PYTHONPATH} /usr/bin/python3 -W ignore:setup.py install is deprecated setup.py develop --editable --build-directory /home/ivan/ros2_ws_2402/build/modelrobot3r_pkg_ga/build --no-deps symlink_data
[2.866s] INFO:colcon.colcon_core.shell:Creating environment descriptor '/home/ivan/ros2_ws_2402/build/modelrobot3r_pkg_ga/share/modelrobot3r_pkg_ga/hook/pythonpath_develop.dsv'
[2.866s] INFO:colcon.colcon_core.shell:Creating environment hook '/home/ivan/ros2_ws_2402/build/modelrobot3r_pkg_ga/share/modelrobot3r_pkg_ga/hook/pythonpath_develop.sh'
[2.867s] Level 1:colcon.colcon_core.environment:checking '/home/ivan/ros2_ws_2402/install/modelrobot3r_pkg_ga' for CMake module files
[2.867s] Level 1:colcon.colcon_core.environment:checking '/home/ivan/ros2_ws_2402/install/modelrobot3r_pkg_ga' for CMake config files
[2.868s] Level 1:colcon.colcon_core.environment:checking '/home/ivan/ros2_ws_2402/install/modelrobot3r_pkg_ga/lib'
[2.868s] Level 1:colcon.colcon_core.environment:checking '/home/ivan/ros2_ws_2402/install/modelrobot3r_pkg_ga/bin'
[2.868s] Level 1:colcon.colcon_core.environment:checking '/home/ivan/ros2_ws_2402/install/modelrobot3r_pkg_ga/lib/pkgconfig/modelrobot3r_pkg_ga.pc'
[2.868s] Level 1:colcon.colcon_core.environment:checking '/home/ivan/ros2_ws_2402/install/modelrobot3r_pkg_ga/lib/python3.10/site-packages'
[2.868s] Level 1:colcon.colcon_core.shell:create_environment_hook('modelrobot3r_pkg_ga', 'pythonpath')
[2.868s] INFO:colcon.colcon_core.shell:Creating environment hook '/home/ivan/ros2_ws_2402/install/modelrobot3r_pkg_ga/share/modelrobot3r_pkg_ga/hook/pythonpath.ps1'
[2.869s] INFO:colcon.colcon_core.shell:Creating environment descriptor '/home/ivan/ros2_ws_2402/install/modelrobot3r_pkg_ga/share/modelrobot3r_pkg_ga/hook/pythonpath.dsv'
[2.869s] INFO:colcon.colcon_core.shell:Creating environment hook '/home/ivan/ros2_ws_2402/install/modelrobot3r_pkg_ga/share/modelrobot3r_pkg_ga/hook/pythonpath.sh'
[2.869s] Level 1:colcon.colcon_core.environment:checking '/home/ivan/ros2_ws_2402/install/modelrobot3r_pkg_ga/bin'
[2.870s] Level 1:colcon.colcon_core.environment:create_environment_scripts_only(modelrobot3r_pkg_ga)
[2.870s] INFO:colcon.colcon_core.shell:Creating package script '/home/ivan/ros2_ws_2402/install/modelrobot3r_pkg_ga/share/modelrobot3r_pkg_ga/package.ps1'
[2.870s] INFO:colcon.colcon_core.shell:Creating package descriptor '/home/ivan/ros2_ws_2402/install/modelrobot3r_pkg_ga/share/modelrobot3r_pkg_ga/package.dsv'
[2.871s] INFO:colcon.colcon_core.shell:Creating package script '/home/ivan/ros2_ws_2402/install/modelrobot3r_pkg_ga/share/modelrobot3r_pkg_ga/package.sh'
[2.871s] INFO:colcon.colcon_core.shell:Creating package script '/home/ivan/ros2_ws_2402/install/modelrobot3r_pkg_ga/share/modelrobot3r_pkg_ga/package.bash'
[2.872s] INFO:colcon.colcon_core.shell:Creating package script '/home/ivan/ros2_ws_2402/install/modelrobot3r_pkg_ga/share/modelrobot3r_pkg_ga/package.zsh'
[2.872s] Level 1:colcon.colcon_core.environment:create_file_with_runtime_dependencies(/home/ivan/ros2_ws_2402/install/modelrobot3r_pkg_ga/share/colcon-core/packages/modelrobot3r_pkg_ga)
[2.872s] Level 1:colcon.colcon_core.shell:create_environment_hook('turtle_move_pkg_ga', 'pythonpath_develop')
[2.872s] INFO:colcon.colcon_core.shell:Creating environment hook '/home/ivan/ros2_ws_2402/build/turtle_move_pkg_ga/share/turtle_move_pkg_ga/hook/pythonpath_develop.ps1'
[2.873s] INFO:colcon.colcon_core.shell:Creating environment descriptor '/home/ivan/ros2_ws_2402/build/turtle_move_pkg_ga/share/turtle_move_pkg_ga/hook/pythonpath_develop.dsv'
[2.874s] DEBUG:colcon.colcon_core.event_handler.log_command:Invoked command in '/home/ivan/ros2_ws_2402/build/turtle_move_pkg_ga' returned '0': PYTHONPATH=/home/ivan/ros2_ws_2402/build/turtle_move_pkg_ga/prefix_override:/usr/lib/python3/dist-packages/colcon_core/task/python/colcon_distutils_commands:/home/ivan/ros2_ws_2402/install/turtle_move_pkg_ga/lib/python3.10/site-packages:${PYTHONPATH} /usr/bin/python3 -W ignore:setup.py install is deprecated setup.py develop --editable --build-directory /home/ivan/ros2_ws_2402/build/turtle_move_pkg_ga/build --no-deps symlink_data
[2.874s] INFO:colcon.colcon_core.shell:Creating environment hook '/home/ivan/ros2_ws_2402/build/turtle_move_pkg_ga/share/turtle_move_pkg_ga/hook/pythonpath_develop.sh'
[2.875s] Level 1:colcon.colcon_core.environment:checking '/home/ivan/ros2_ws_2402/install/turtle_move_pkg_ga' for CMake module files
[2.875s] Level 1:colcon.colcon_core.environment:checking '/home/ivan/ros2_ws_2402/install/turtle_move_pkg_ga' for CMake config files
[2.876s] Level 1:colcon.colcon_core.environment:checking '/home/ivan/ros2_ws_2402/install/turtle_move_pkg_ga/lib'
[2.876s] Level 1:colcon.colcon_core.environment:checking '/home/ivan/ros2_ws_2402/install/turtle_move_pkg_ga/bin'
[2.876s] Level 1:colcon.colcon_core.environment:checking '/home/ivan/ros2_ws_2402/install/turtle_move_pkg_ga/lib/pkgconfig/turtle_move_pkg_ga.pc'
[2.876s] Level 1:colcon.colcon_core.environment:checking '/home/ivan/ros2_ws_2402/install/turtle_move_pkg_ga/lib/python3.10/site-packages'
[2.876s] Level 1:colcon.colcon_core.shell:create_environment_hook('turtle_move_pkg_ga', 'pythonpath')
[2.876s] INFO:colcon.colcon_core.shell:Creating environment hook '/home/ivan/ros2_ws_2402/install/turtle_move_pkg_ga/share/turtle_move_pkg_ga/hook/pythonpath.ps1'
[2.877s] INFO:colcon.colcon_core.shell:Creating environment descriptor '/home/ivan/ros2_ws_2402/install/turtle_move_pkg_ga/share/turtle_move_pkg_ga/hook/pythonpath.dsv'
[2.877s] INFO:colcon.colcon_core.shell:Creating environment hook '/home/ivan/ros2_ws_2402/install/turtle_move_pkg_ga/share/turtle_move_pkg_ga/hook/pythonpath.sh'
[2.878s] Level 1:colcon.colcon_core.environment:checking '/home/ivan/ros2_ws_2402/install/turtle_move_pkg_ga/bin'
[2.878s] Level 1:colcon.colcon_core.environment:create_environment_scripts_only(turtle_move_pkg_ga)
[2.878s] INFO:colcon.colcon_core.shell:Creating package script '/home/ivan/ros2_ws_2402/install/turtle_move_pkg_ga/share/turtle_move_pkg_ga/package.ps1'
[2.879s] INFO:colcon.colcon_core.shell:Creating package descriptor '/home/ivan/ros2_ws_2402/install/turtle_move_pkg_ga/share/turtle_move_pkg_ga/package.dsv'
[2.879s] INFO:colcon.colcon_core.shell:Creating package script '/home/ivan/ros2_ws_2402/install/turtle_move_pkg_ga/share/turtle_move_pkg_ga/package.sh'
[2.880s] INFO:colcon.colcon_core.shell:Creating package script '/home/ivan/ros2_ws_2402/install/turtle_move_pkg_ga/share/turtle_move_pkg_ga/package.bash'
[2.880s] INFO:colcon.colcon_core.shell:Creating package script '/home/ivan/ros2_ws_2402/install/turtle_move_pkg_ga/share/turtle_move_pkg_ga/package.zsh'
[2.880s] Level 1:colcon.colcon_core.environment:create_file_with_runtime_dependencies(/home/ivan/ros2_ws_2402/install/turtle_move_pkg_ga/share/colcon-core/packages/turtle_move_pkg_ga)
[2.882s] Level 1:colcon.colcon_core.shell:create_environment_hook('modelrobot_pkg_ga', 'pythonpath_develop')
[2.882s] INFO:colcon.colcon_core.shell:Creating environment hook '/home/ivan/ros2_ws_2402/build/modelrobot_pkg_ga/share/modelrobot_pkg_ga/hook/pythonpath_develop.ps1'
[2.883s] DEBUG:colcon.colcon_core.event_handler.log_command:Invoked command in '/home/ivan/ros2_ws_2402/build/modelrobot_pkg_ga' returned '0': PYTHONPATH=/home/ivan/ros2_ws_2402/build/modelrobot_pkg_ga/prefix_override:/usr/lib/python3/dist-packages/colcon_core/task/python/colcon_distutils_commands:/home/ivan/ros2_ws_2402/install/modelrobot_pkg_ga/lib/python3.10/site-packages:${PYTHONPATH} /usr/bin/python3 -W ignore:setup.py install is deprecated setup.py develop --editable --build-directory /home/ivan/ros2_ws_2402/build/modelrobot_pkg_ga/build --no-deps symlink_data
[2.883s] INFO:colcon.colcon_core.shell:Creating environment descriptor '/home/ivan/ros2_ws_2402/build/modelrobot_pkg_ga/share/modelrobot_pkg_ga/hook/pythonpath_develop.dsv'
[2.883s] INFO:colcon.colcon_core.shell:Creating environment hook '/home/ivan/ros2_ws_2402/build/modelrobot_pkg_ga/share/modelrobot_pkg_ga/hook/pythonpath_develop.sh'
[2.884s] Level 1:colcon.colcon_core.environment:checking '/home/ivan/ros2_ws_2402/install/modelrobot_pkg_ga' for CMake module files
[2.884s] Level 1:colcon.colcon_core.environment:checking '/home/ivan/ros2_ws_2402/install/modelrobot_pkg_ga' for CMake config files
[2.885s] Level 1:colcon.colcon_core.environment:checking '/home/ivan/ros2_ws_2402/install/modelrobot_pkg_ga/lib'
[2.885s] Level 1:colcon.colcon_core.environment:checking '/home/ivan/ros2_ws_2402/install/modelrobot_pkg_ga/bin'
[2.885s] Level 1:colcon.colcon_core.environment:checking '/home/ivan/ros2_ws_2402/install/modelrobot_pkg_ga/lib/pkgconfig/modelrobot_pkg_ga.pc'
[2.885s] Level 1:colcon.colcon_core.environment:checking '/home/ivan/ros2_ws_2402/install/modelrobot_pkg_ga/lib/python3.10/site-packages'
[2.885s] Level 1:colcon.colcon_core.shell:create_environment_hook('modelrobot_pkg_ga', 'pythonpath')
[2.885s] INFO:colcon.colcon_core.shell:Creating environment hook '/home/ivan/ros2_ws_2402/install/modelrobot_pkg_ga/share/modelrobot_pkg_ga/hook/pythonpath.ps1'
[2.886s] INFO:colcon.colcon_core.shell:Creating environment descriptor '/home/ivan/ros2_ws_2402/install/modelrobot_pkg_ga/share/modelrobot_pkg_ga/hook/pythonpath.dsv'
[2.886s] INFO:colcon.colcon_core.shell:Creating environment hook '/home/ivan/ros2_ws_2402/install/modelrobot_pkg_ga/share/modelrobot_pkg_ga/hook/pythonpath.sh'
[2.887s] Level 1:colcon.colcon_core.environment:checking '/home/ivan/ros2_ws_2402/install/modelrobot_pkg_ga/bin'
[2.887s] Level 1:colcon.colcon_core.environment:create_environment_scripts_only(modelrobot_pkg_ga)
[2.887s] INFO:colcon.colcon_core.shell:Creating package script '/home/ivan/ros2_ws_2402/install/modelrobot_pkg_ga/share/modelrobot_pkg_ga/package.ps1'
[2.888s] INFO:colcon.colcon_core.shell:Creating package descriptor '/home/ivan/ros2_ws_2402/install/modelrobot_pkg_ga/share/modelrobot_pkg_ga/package.dsv'
[2.888s] INFO:colcon.colcon_core.shell:Creating package script '/home/ivan/ros2_ws_2402/install/modelrobot_pkg_ga/share/modelrobot_pkg_ga/package.sh'
[2.888s] INFO:colcon.colcon_core.shell:Creating package script '/home/ivan/ros2_ws_2402/install/modelrobot_pkg_ga/share/modelrobot_pkg_ga/package.bash'
[2.889s] INFO:colcon.colcon_core.shell:Creating package script '/home/ivan/ros2_ws_2402/install/modelrobot_pkg_ga/share/modelrobot_pkg_ga/package.zsh'
[2.889s] Level 1:colcon.colcon_core.environment:create_file_with_runtime_dependencies(/home/ivan/ros2_ws_2402/install/modelrobot_pkg_ga/share/colcon-core/packages/modelrobot_pkg_ga)
[3.210s] DEBUG:colcon.colcon_core.event_handler.log_command:Invoking command in '/home/ivan/ros2_ws_2402/build/twist2tf2_pkg_g01': PYTHONPATH=/home/ivan/ros2_ws_2402/build/twist2tf2_pkg_g01/prefix_override:/usr/lib/python3/dist-packages/colcon_core/task/python/colcon_distutils_commands:/home/ivan/ros2_ws_2402/install/twist2tf2_pkg_g01/lib/python3.10/site-packages:${PYTHONPATH} /usr/bin/python3 -W ignore:setup.py install is deprecated setup.py develop --editable --build-directory /home/ivan/ros2_ws_2402/build/twist2tf2_pkg_g01/build --no-deps symlink_data
[3.622s] Level 1:colcon.colcon_core.shell:create_environment_hook('twist2tf2_pkg_g01', 'pythonpath_develop')
[3.623s] DEBUG:colcon.colcon_core.event_handler.log_command:Invoked command in '/home/ivan/ros2_ws_2402/build/twist2tf2_pkg_g01' returned '0': PYTHONPATH=/home/ivan/ros2_ws_2402/build/twist2tf2_pkg_g01/prefix_override:/usr/lib/python3/dist-packages/colcon_core/task/python/colcon_distutils_commands:/home/ivan/ros2_ws_2402/install/twist2tf2_pkg_g01/lib/python3.10/site-packages:${PYTHONPATH} /usr/bin/python3 -W ignore:setup.py install is deprecated setup.py develop --editable --build-directory /home/ivan/ros2_ws_2402/build/twist2tf2_pkg_g01/build --no-deps symlink_data
[3.623s] INFO:colcon.colcon_core.shell:Creating environment hook '/home/ivan/ros2_ws_2402/build/twist2tf2_pkg_g01/share/twist2tf2_pkg_g01/hook/pythonpath_develop.ps1'
[3.624s] INFO:colcon.colcon_core.shell:Creating environment descriptor '/home/ivan/ros2_ws_2402/build/twist2tf2_pkg_g01/share/twist2tf2_pkg_g01/hook/pythonpath_develop.dsv'
[3.624s] INFO:colcon.colcon_core.shell:Creating environment hook '/home/ivan/ros2_ws_2402/build/twist2tf2_pkg_g01/share/twist2tf2_pkg_g01/hook/pythonpath_develop.sh'
[3.628s] Level 1:colcon.colcon_core.environment:checking '/home/ivan/ros2_ws_2402/install/twist2tf2_pkg_g01' for CMake module files
[3.628s] Level 1:colcon.colcon_core.environment:checking '/home/ivan/ros2_ws_2402/install/twist2tf2_pkg_g01' for CMake config files
[3.629s] Level 1:colcon.colcon_core.environment:checking '/home/ivan/ros2_ws_2402/install/twist2tf2_pkg_g01/lib'
[3.629s] Level 1:colcon.colcon_core.environment:checking '/home/ivan/ros2_ws_2402/install/twist2tf2_pkg_g01/bin'
[3.629s] Level 1:colcon.colcon_core.environment:checking '/home/ivan/ros2_ws_2402/install/twist2tf2_pkg_g01/lib/pkgconfig/twist2tf2_pkg_g01.pc'
[3.629s] Level 1:colcon.colcon_core.environment:checking '/home/ivan/ros2_ws_2402/install/twist2tf2_pkg_g01/lib/python3.10/site-packages'
[3.629s] Level 1:colcon.colcon_core.shell:create_environment_hook('twist2tf2_pkg_g01', 'pythonpath')
[3.629s] INFO:colcon.colcon_core.shell:Creating environment hook '/home/ivan/ros2_ws_2402/install/twist2tf2_pkg_g01/share/twist2tf2_pkg_g01/hook/pythonpath.ps1'
[3.630s] INFO:colcon.colcon_core.shell:Creating environment descriptor '/home/ivan/ros2_ws_2402/install/twist2tf2_pkg_g01/share/twist2tf2_pkg_g01/hook/pythonpath.dsv'
[3.630s] INFO:colcon.colcon_core.shell:Creating environment hook '/home/ivan/ros2_ws_2402/install/twist2tf2_pkg_g01/share/twist2tf2_pkg_g01/hook/pythonpath.sh'
[3.631s] Level 1:colcon.colcon_core.environment:checking '/home/ivan/ros2_ws_2402/install/twist2tf2_pkg_g01/bin'
[3.631s] Level 1:colcon.colcon_core.environment:create_environment_scripts_only(twist2tf2_pkg_g01)
[3.632s] INFO:colcon.colcon_core.shell:Creating package script '/home/ivan/ros2_ws_2402/install/twist2tf2_pkg_g01/share/twist2tf2_pkg_g01/package.ps1'
[3.632s] INFO:colcon.colcon_core.shell:Creating package descriptor '/home/ivan/ros2_ws_2402/install/twist2tf2_pkg_g01/share/twist2tf2_pkg_g01/package.dsv'
[3.633s] INFO:colcon.colcon_core.shell:Creating package script '/home/ivan/ros2_ws_2402/install/twist2tf2_pkg_g01/share/twist2tf2_pkg_g01/package.sh'
[3.633s] INFO:colcon.colcon_core.shell:Creating package script '/home/ivan/ros2_ws_2402/install/twist2tf2_pkg_g01/share/twist2tf2_pkg_g01/package.bash'
[3.633s] INFO:colcon.colcon_core.shell:Creating package script '/home/ivan/ros2_ws_2402/install/twist2tf2_pkg_g01/share/twist2tf2_pkg_g01/package.zsh'
[3.634s] Level 1:colcon.colcon_core.environment:create_file_with_runtime_dependencies(/home/ivan/ros2_ws_2402/install/twist2tf2_pkg_g01/share/colcon-core/packages/twist2tf2_pkg_g01)
[3.634s] DEBUG:colcon.colcon_parallel_executor.executor.parallel:closing loop
[3.634s] DEBUG:colcon.colcon_parallel_executor.executor.parallel:loop closed
[3.634s] DEBUG:colcon.colcon_parallel_executor.executor.parallel:run_until_complete finished with '0'
[3.634s] DEBUG:colcon.colcon_core.event_reactor:joining thread
[3.641s] INFO:colcon.colcon_core.plugin_system:Skipping extension 'colcon_notification.desktop_notification.terminal_notifier': Not used on non-Darwin systems
[3.641s] INFO:colcon.colcon_core.plugin_system:Skipping extension 'colcon_notification.desktop_notification.win32': Not used on non-Windows systems
[3.641s] INFO:colcon.colcon_notification.desktop_notification:Sending desktop notification using 'notify2'
[3.653s] DEBUG:colcon.colcon_core.event_reactor:joined thread
[3.653s] INFO:colcon.colcon_core.shell:Creating prefix script '/home/ivan/ros2_ws_2402/install/local_setup.ps1'
[3.654s] INFO:colcon.colcon_core.shell:Creating prefix util module '/home/ivan/ros2_ws_2402/install/_local_setup_util_ps1.py'
[3.655s] INFO:colcon.colcon_core.shell:Creating prefix chain script '/home/ivan/ros2_ws_2402/install/setup.ps1'
[3.656s] INFO:colcon.colcon_core.shell:Creating prefix script '/home/ivan/ros2_ws_2402/install/local_setup.sh'
[3.657s] INFO:colcon.colcon_core.shell:Creating prefix util module '/home/ivan/ros2_ws_2402/install/_local_setup_util_sh.py'
[3.657s] INFO:colcon.colcon_core.shell:Creating prefix chain script '/home/ivan/ros2_ws_2402/install/setup.sh'
[3.659s] INFO:colcon.colcon_core.shell:Creating prefix script '/home/ivan/ros2_ws_2402/install/local_setup.bash'
[3.659s] INFO:colcon.colcon_core.shell:Creating prefix chain script '/home/ivan/ros2_ws_2402/install/setup.bash'
[3.660s] INFO:colcon.colcon_core.shell:Creating prefix script '/home/ivan/ros2_ws_2402/install/local_setup.zsh'
[3.661s] INFO:colcon.colcon_core.shell:Creating prefix chain script '/home/ivan/ros2_ws_2402/install/setup.zsh'
