[1.580s] Invoking command in '/home/ivan/ros2_ws_2402/src/build/modelrobot3r_pkg_ga': PYTHONPATH=/home/ivan/ros2_ws_2402/src/build/modelrobot3r_pkg_ga/prefix_override:/usr/lib/python3/dist-packages/colcon_core/task/python/colcon_distutils_commands:/home/ivan/ros2_ws_2402/src/install/modelrobot3r_pkg_ga/lib/python3.10/site-packages:${PYTHONPATH} /usr/bin/python3 -W ignore:setup.py install is deprecated setup.py develop --editable --build-directory /home/ivan/ros2_ws_2402/src/build/modelrobot3r_pkg_ga/build --no-deps symlink_data
[1.849s] running develop
[1.850s] /home/ivan/.local/lib/python3.10/site-packages/setuptools/command/easy_install.py:156: EasyInstallDeprecationWarning: easy_install command is deprecated. Use build and pip and other standards-based tools.
[1.850s]   warnings.warn(
[2.002s] running egg_info
[2.002s] creating modelrobot3r_pkg_ga.egg-info
[2.003s] writing modelrobot3r_pkg_ga.egg-info/PKG-INFO
[2.003s] writing dependency_links to modelrobot3r_pkg_ga.egg-info/dependency_links.txt
[2.003s] writing entry points to modelrobot3r_pkg_ga.egg-info/entry_points.txt
[2.003s] writing requirements to modelrobot3r_pkg_ga.egg-info/requires.txt
[2.004s] writing top-level names to modelrobot3r_pkg_ga.egg-info/top_level.txt
[2.004s] writing manifest file 'modelrobot3r_pkg_ga.egg-info/SOURCES.txt'
[2.006s] reading manifest file 'modelrobot3r_pkg_ga.egg-info/SOURCES.txt'
[2.007s] writing manifest file 'modelrobot3r_pkg_ga.egg-info/SOURCES.txt'
[2.009s] running build_ext
[2.009s] Creating /home/ivan/ros2_ws_2402/src/install/modelrobot3r_pkg_ga/lib/python3.10/site-packages/modelrobot3r-pkg-ga.egg-link (link to .)
[2.010s] 
[2.011s] Installed /home/ivan/ros2_ws_2402/src/build/modelrobot3r_pkg_ga
[2.011s] running symlink_data
[2.011s] creating /home/ivan/ros2_ws_2402/src/install/modelrobot3r_pkg_ga/share/ament_index
[2.011s] creating /home/ivan/ros2_ws_2402/src/install/modelrobot3r_pkg_ga/share/ament_index/resource_index
[2.011s] creating /home/ivan/ros2_ws_2402/src/install/modelrobot3r_pkg_ga/share/ament_index/resource_index/packages
[2.011s] symbolically linking /home/ivan/ros2_ws_2402/src/build/modelrobot3r_pkg_ga/resource/modelrobot3r_pkg_ga -> /home/ivan/ros2_ws_2402/src/install/modelrobot3r_pkg_ga/share/ament_index/resource_index/packages
[2.011s] symbolically linking /home/ivan/ros2_ws_2402/src/build/modelrobot3r_pkg_ga/package.xml -> /home/ivan/ros2_ws_2402/src/install/modelrobot3r_pkg_ga/share/modelrobot3r_pkg_ga
[2.054s] Invoked command in '/home/ivan/ros2_ws_2402/src/build/modelrobot3r_pkg_ga' returned '0': PYTHONPATH=/home/ivan/ros2_ws_2402/src/build/modelrobot3r_pkg_ga/prefix_override:/usr/lib/python3/dist-packages/colcon_core/task/python/colcon_distutils_commands:/home/ivan/ros2_ws_2402/src/install/modelrobot3r_pkg_ga/lib/python3.10/site-packages:${PYTHONPATH} /usr/bin/python3 -W ignore:setup.py install is deprecated setup.py develop --editable --build-directory /home/ivan/ros2_ws_2402/src/build/modelrobot3r_pkg_ga/build --no-deps symlink_data
