[0.099s] DEBUG:colcon:Command line arguments: ['/usr/bin/colcon', 'build', '--symlink-install']
[0.100s] DEBUG:colcon:Parsed command line arguments: Namespace(log_base=None, log_level=None, verb_name='build', build_base='build', install_base='install', merge_install=False, symlink_install=True, test_result_base=None, continue_on_error=False, executor='parallel', parallel_workers=4, event_handlers=None, ignore_user_meta=False, metas=['./colcon.meta'], base_paths=['.'], packages_ignore=None, packages_ignore_regex=None, paths=None, packages_up_to=None, packages_up_to_regex=None, packages_above=None, packages_above_and_dependencies=None, packages_above_depth=None, packages_select_by_dep=None, packages_skip_by_dep=None, packages_skip_up_to=None, packages_select_build_failed=False, packages_skip_build_finished=False, packages_select_test_failures=False, packages_skip_test_passed=False, packages_select=None, packages_skip=None, packages_select_regex=None, packages_skip_regex=None, packages_start=None, packages_end=None, allow_overriding=[], cmake_args=None, cmake_target=None, cmake_target_skip_unavailable=False, cmake_clean_cache=False, cmake_clean_first=False, cmake_force_configure=False, ament_cmake_args=None, catkin_cmake_args=None, catkin_skip_building_tests=False, verb_parser=<colcon_defaults.argument_parser.defaults.DefaultArgumentsDecorator object at 0x73a77bf30e20>, verb_extension=<colcon_core.verb.build.BuildVerb object at 0x73a77bf308b0>, main=<bound method BuildVerb.main of <colcon_core.verb.build.BuildVerb object at 0x73a77bf308b0>>)
[0.267s] Level 1:colcon.colcon_core.package_discovery:discover_packages(colcon_meta) check parameters
[0.267s] Level 1:colcon.colcon_core.package_discovery:discover_packages(recursive) check parameters
[0.267s] Level 1:colcon.colcon_core.package_discovery:discover_packages(ignore) check parameters
[0.267s] Level 1:colcon.colcon_core.package_discovery:discover_packages(path) check parameters
[0.267s] Level 1:colcon.colcon_core.package_discovery:discover_packages(colcon_meta) discover
[0.267s] Level 1:colcon.colcon_core.package_discovery:discover_packages(recursive) discover
[0.267s] INFO:colcon.colcon_core.package_discovery:Crawling recursively for packages in '/home/ivan/ros2_ws_2402'
[0.267s] Level 1:colcon.colcon_core.package_identification:_identify(.) by extensions ['ignore', 'ignore_ament_install']
[0.267s] Level 1:colcon.colcon_core.package_identification:_identify(.) by extension 'ignore'
[0.268s] Level 1:colcon.colcon_core.package_identification:_identify(.) by extension 'ignore_ament_install'
[0.268s] Level 1:colcon.colcon_core.package_identification:_identify(.) by extensions ['colcon_pkg']
[0.268s] Level 1:colcon.colcon_core.package_identification:_identify(.) by extension 'colcon_pkg'
[0.268s] Level 1:colcon.colcon_core.package_identification:_identify(.) by extensions ['colcon_meta']
[0.268s] Level 1:colcon.colcon_core.package_identification:_identify(.) by extension 'colcon_meta'
[0.268s] Level 1:colcon.colcon_core.package_identification:_identify(.) by extensions ['ros']
[0.268s] Level 1:colcon.colcon_core.package_identification:_identify(.) by extension 'ros'
[0.286s] Level 1:colcon.colcon_core.package_identification:_identify(.) by extensions ['cmake', 'python']
[0.286s] Level 1:colcon.colcon_core.package_identification:_identify(.) by extension 'cmake'
[0.286s] Level 1:colcon.colcon_core.package_identification:_identify(.) by extension 'python'
[0.286s] Level 1:colcon.colcon_core.package_identification:_identify(.) by extensions ['python_setup_py']
[0.286s] Level 1:colcon.colcon_core.package_identification:_identify(.) by extension 'python_setup_py'
[0.286s] Level 1:colcon.colcon_core.package_identification:_identify(build) by extensions ['ignore', 'ignore_ament_install']
[0.286s] Level 1:colcon.colcon_core.package_identification:_identify(build) by extension 'ignore'
[0.286s] Level 1:colcon.colcon_core.package_identification:_identify(build) ignored
[0.286s] Level 1:colcon.colcon_core.package_identification:_identify(install) by extensions ['ignore', 'ignore_ament_install']
[0.287s] Level 1:colcon.colcon_core.package_identification:_identify(install) by extension 'ignore'
[0.287s] Level 1:colcon.colcon_core.package_identification:_identify(install) ignored
[0.287s] Level 1:colcon.colcon_core.package_identification:_identify(log) by extensions ['ignore', 'ignore_ament_install']
[0.287s] Level 1:colcon.colcon_core.package_identification:_identify(log) by extension 'ignore'
[0.287s] Level 1:colcon.colcon_core.package_identification:_identify(log) ignored
[0.287s] Level 1:colcon.colcon_core.package_identification:_identify(src) by extensions ['ignore', 'ignore_ament_install']
[0.287s] Level 1:colcon.colcon_core.package_identification:_identify(src) by extension 'ignore'
[0.287s] Level 1:colcon.colcon_core.package_identification:_identify(src) by extension 'ignore_ament_install'
[0.287s] Level 1:colcon.colcon_core.package_identification:_identify(src) by extensions ['colcon_pkg']
[0.287s] Level 1:colcon.colcon_core.package_identification:_identify(src) by extension 'colcon_pkg'
[0.287s] Level 1:colcon.colcon_core.package_identification:_identify(src) by extensions ['colcon_meta']
[0.287s] Level 1:colcon.colcon_core.package_identification:_identify(src) by extension 'colcon_meta'
[0.287s] Level 1:colcon.colcon_core.package_identification:_identify(src) by extensions ['ros']
[0.287s] Level 1:colcon.colcon_core.package_identification:_identify(src) by extension 'ros'
[0.287s] Level 1:colcon.colcon_core.package_identification:_identify(src) by extensions ['cmake', 'python']
[0.288s] Level 1:colcon.colcon_core.package_identification:_identify(src) by extension 'cmake'
[0.288s] Level 1:colcon.colcon_core.package_identification:_identify(src) by extension 'python'
[0.288s] Level 1:colcon.colcon_core.package_identification:_identify(src) by extensions ['python_setup_py']
[0.288s] Level 1:colcon.colcon_core.package_identification:_identify(src) by extension 'python_setup_py'
[0.288s] Level 1:colcon.colcon_core.package_identification:_identify(src/build) by extensions ['ignore', 'ignore_ament_install']
[0.288s] Level 1:colcon.colcon_core.package_identification:_identify(src/build) by extension 'ignore'
[0.288s] Level 1:colcon.colcon_core.package_identification:_identify(src/build) ignored
[0.288s] Level 1:colcon.colcon_core.package_identification:_identify(src/install) by extensions ['ignore', 'ignore_ament_install']
[0.288s] Level 1:colcon.colcon_core.package_identification:_identify(src/install) by extension 'ignore'
[0.288s] Level 1:colcon.colcon_core.package_identification:_identify(src/install) ignored
[0.288s] Level 1:colcon.colcon_core.package_identification:_identify(src/launch_pkg_ga) by extensions ['ignore', 'ignore_ament_install']
[0.288s] Level 1:colcon.colcon_core.package_identification:_identify(src/launch_pkg_ga) by extension 'ignore'
[0.288s] Level 1:colcon.colcon_core.package_identification:_identify(src/launch_pkg_ga) by extension 'ignore_ament_install'
[0.288s] Level 1:colcon.colcon_core.package_identification:_identify(src/launch_pkg_ga) by extensions ['colcon_pkg']
[0.288s] Level 1:colcon.colcon_core.package_identification:_identify(src/launch_pkg_ga) by extension 'colcon_pkg'
[0.288s] Level 1:colcon.colcon_core.package_identification:_identify(src/launch_pkg_ga) by extensions ['colcon_meta']
[0.288s] Level 1:colcon.colcon_core.package_identification:_identify(src/launch_pkg_ga) by extension 'colcon_meta'
[0.288s] Level 1:colcon.colcon_core.package_identification:_identify(src/launch_pkg_ga) by extensions ['ros']
[0.288s] Level 1:colcon.colcon_core.package_identification:_identify(src/launch_pkg_ga) by extension 'ros'
[0.291s] DEBUG:colcon.colcon_core.package_identification:Package 'src/launch_pkg_ga' with type 'ros.ament_python' and name 'launch_pkg_ga'
[0.291s] Level 1:colcon.colcon_core.package_identification:_identify(src/log) by extensions ['ignore', 'ignore_ament_install']
[0.291s] Level 1:colcon.colcon_core.package_identification:_identify(src/log) by extension 'ignore'
[0.291s] Level 1:colcon.colcon_core.package_identification:_identify(src/log) ignored
[0.291s] Level 1:colcon.colcon_core.package_identification:_identify(src/modelrobot3r_pkg_ga) by extensions ['ignore', 'ignore_ament_install']
[0.291s] Level 1:colcon.colcon_core.package_identification:_identify(src/modelrobot3r_pkg_ga) by extension 'ignore'
[0.291s] Level 1:colcon.colcon_core.package_identification:_identify(src/modelrobot3r_pkg_ga) by extension 'ignore_ament_install'
[0.291s] Level 1:colcon.colcon_core.package_identification:_identify(src/modelrobot3r_pkg_ga) by extensions ['colcon_pkg']
[0.292s] Level 1:colcon.colcon_core.package_identification:_identify(src/modelrobot3r_pkg_ga) by extension 'colcon_pkg'
[0.292s] Level 1:colcon.colcon_core.package_identification:_identify(src/modelrobot3r_pkg_ga) by extensions ['colcon_meta']
[0.292s] Level 1:colcon.colcon_core.package_identification:_identify(src/modelrobot3r_pkg_ga) by extension 'colcon_meta'
[0.292s] Level 1:colcon.colcon_core.package_identification:_identify(src/modelrobot3r_pkg_ga) by extensions ['ros']
[0.292s] Level 1:colcon.colcon_core.package_identification:_identify(src/modelrobot3r_pkg_ga) by extension 'ros'
[0.292s] DEBUG:colcon.colcon_core.package_identification:Package 'src/modelrobot3r_pkg_ga' with type 'ros.ament_python' and name 'modelrobot3r_pkg_ga'
[0.292s] Level 1:colcon.colcon_core.package_identification:_identify(src/modelrobot_pkg_ga) by extensions ['ignore', 'ignore_ament_install']
[0.292s] Level 1:colcon.colcon_core.package_identification:_identify(src/modelrobot_pkg_ga) by extension 'ignore'
[0.292s] Level 1:colcon.colcon_core.package_identification:_identify(src/modelrobot_pkg_ga) by extension 'ignore_ament_install'
[0.292s] Level 1:colcon.colcon_core.package_identification:_identify(src/modelrobot_pkg_ga) by extensions ['colcon_pkg']
[0.292s] Level 1:colcon.colcon_core.package_identification:_identify(src/modelrobot_pkg_ga) by extension 'colcon_pkg'
[0.293s] Level 1:colcon.colcon_core.package_identification:_identify(src/modelrobot_pkg_ga) by extensions ['colcon_meta']
[0.293s] Level 1:colcon.colcon_core.package_identification:_identify(src/modelrobot_pkg_ga) by extension 'colcon_meta'
[0.293s] Level 1:colcon.colcon_core.package_identification:_identify(src/modelrobot_pkg_ga) by extensions ['ros']
[0.293s] Level 1:colcon.colcon_core.package_identification:_identify(src/modelrobot_pkg_ga) by extension 'ros'
[0.293s] DEBUG:colcon.colcon_core.package_identification:Package 'src/modelrobot_pkg_ga' with type 'ros.ament_python' and name 'modelrobot_pkg_ga'
[0.293s] Level 1:colcon.colcon_core.package_identification:_identify(src/temp) by extensions ['ignore', 'ignore_ament_install']
[0.293s] Level 1:colcon.colcon_core.package_identification:_identify(src/temp) by extension 'ignore'
[0.293s] Level 1:colcon.colcon_core.package_identification:_identify(src/temp) by extension 'ignore_ament_install'
[0.293s] Level 1:colcon.colcon_core.package_identification:_identify(src/temp) by extensions ['colcon_pkg']
[0.293s] Level 1:colcon.colcon_core.package_identification:_identify(src/temp) by extension 'colcon_pkg'
[0.293s] Level 1:colcon.colcon_core.package_identification:_identify(src/temp) by extensions ['colcon_meta']
[0.293s] Level 1:colcon.colcon_core.package_identification:_identify(src/temp) by extension 'colcon_meta'
[0.293s] Level 1:colcon.colcon_core.package_identification:_identify(src/temp) by extensions ['ros']
[0.294s] Level 1:colcon.colcon_core.package_identification:_identify(src/temp) by extension 'ros'
[0.294s] Level 1:colcon.colcon_core.package_identification:_identify(src/temp) by extensions ['cmake', 'python']
[0.294s] Level 1:colcon.colcon_core.package_identification:_identify(src/temp) by extension 'cmake'
[0.294s] Level 1:colcon.colcon_core.package_identification:_identify(src/temp) by extension 'python'
[0.294s] Level 1:colcon.colcon_core.package_identification:_identify(src/temp) by extensions ['python_setup_py']
[0.294s] Level 1:colcon.colcon_core.package_identification:_identify(src/temp) by extension 'python_setup_py'
[0.294s] Level 1:colcon.colcon_core.package_identification:_identify(src/turtle_move_pkg_ga) by extensions ['ignore', 'ignore_ament_install']
[0.294s] Level 1:colcon.colcon_core.package_identification:_identify(src/turtle_move_pkg_ga) by extension 'ignore'
[0.294s] Level 1:colcon.colcon_core.package_identification:_identify(src/turtle_move_pkg_ga) by extension 'ignore_ament_install'
[0.294s] Level 1:colcon.colcon_core.package_identification:_identify(src/turtle_move_pkg_ga) by extensions ['colcon_pkg']
[0.294s] Level 1:colcon.colcon_core.package_identification:_identify(src/turtle_move_pkg_ga) by extension 'colcon_pkg'
[0.294s] Level 1:colcon.colcon_core.package_identification:_identify(src/turtle_move_pkg_ga) by extensions ['colcon_meta']
[0.294s] Level 1:colcon.colcon_core.package_identification:_identify(src/turtle_move_pkg_ga) by extension 'colcon_meta'
[0.294s] Level 1:colcon.colcon_core.package_identification:_identify(src/turtle_move_pkg_ga) by extensions ['ros']
[0.294s] Level 1:colcon.colcon_core.package_identification:_identify(src/turtle_move_pkg_ga) by extension 'ros'
[0.295s] DEBUG:colcon.colcon_core.package_identification:Package 'src/turtle_move_pkg_ga' with type 'ros.ament_python' and name 'turtle_move_pkg_ga'
[0.295s] Level 1:colcon.colcon_core.package_identification:_identify(src/twist2tf2_pkg_g01) by extensions ['ignore', 'ignore_ament_install']
[0.295s] Level 1:colcon.colcon_core.package_identification:_identify(src/twist2tf2_pkg_g01) by extension 'ignore'
[0.295s] Level 1:colcon.colcon_core.package_identification:_identify(src/twist2tf2_pkg_g01) by extension 'ignore_ament_install'
[0.295s] Level 1:colcon.colcon_core.package_identification:_identify(src/twist2tf2_pkg_g01) by extensions ['colcon_pkg']
[0.295s] Level 1:colcon.colcon_core.package_identification:_identify(src/twist2tf2_pkg_g01) by extension 'colcon_pkg'
[0.295s] Level 1:colcon.colcon_core.package_identification:_identify(src/twist2tf2_pkg_g01) by extensions ['colcon_meta']
[0.295s] Level 1:colcon.colcon_core.package_identification:_identify(src/twist2tf2_pkg_g01) by extension 'colcon_meta'
[0.295s] Level 1:colcon.colcon_core.package_identification:_identify(src/twist2tf2_pkg_g01) by extensions ['ros']
[0.295s] Level 1:colcon.colcon_core.package_identification:_identify(src/twist2tf2_pkg_g01) by extension 'ros'
[0.296s] DEBUG:colcon.colcon_core.package_identification:Package 'src/twist2tf2_pkg_g01' with type 'ros.ament_python' and name 'twist2tf2_pkg_g01'
[0.296s] Level 1:colcon.colcon_core.package_discovery:discover_packages(recursive) using defaults
[0.296s] Level 1:colcon.colcon_core.package_discovery:discover_packages(ignore) discover
[0.296s] Level 1:colcon.colcon_core.package_discovery:discover_packages(ignore) using defaults
[0.296s] Level 1:colcon.colcon_core.package_discovery:discover_packages(path) discover
[0.296s] Level 1:colcon.colcon_core.package_discovery:discover_packages(path) using defaults
[0.315s] Level 1:colcon.colcon_core.package_discovery:discover_packages(prefix_path) check parameters
[0.315s] Level 1:colcon.colcon_core.package_discovery:discover_packages(prefix_path) discover
[0.317s] DEBUG:colcon.colcon_installed_package_information.package_discovery:Found 5 installed packages in /home/ivan/ros2_ws_2402/install
[0.318s] DEBUG:colcon.colcon_installed_package_information.package_discovery:Found 280 installed packages in /opt/ros/humble
[0.320s] Level 1:colcon.colcon_core.package_discovery:discover_packages(prefix_path) using defaults
[0.356s] Level 5:colcon.colcon_core.verb:set package 'launch_pkg_ga' build argument 'cmake_args' from command line to 'None'
[0.356s] Level 5:colcon.colcon_core.verb:set package 'launch_pkg_ga' build argument 'cmake_target' from command line to 'None'
[0.356s] Level 5:colcon.colcon_core.verb:set package 'launch_pkg_ga' build argument 'cmake_target_skip_unavailable' from command line to 'False'
[0.356s] Level 5:colcon.colcon_core.verb:set package 'launch_pkg_ga' build argument 'cmake_clean_cache' from command line to 'False'
[0.356s] Level 5:colcon.colcon_core.verb:set package 'launch_pkg_ga' build argument 'cmake_clean_first' from command line to 'False'
[0.356s] Level 5:colcon.colcon_core.verb:set package 'launch_pkg_ga' build argument 'cmake_force_configure' from command line to 'False'
[0.356s] Level 5:colcon.colcon_core.verb:set package 'launch_pkg_ga' build argument 'ament_cmake_args' from command line to 'None'
[0.356s] Level 5:colcon.colcon_core.verb:set package 'launch_pkg_ga' build argument 'catkin_cmake_args' from command line to 'None'
[0.356s] Level 5:colcon.colcon_core.verb:set package 'launch_pkg_ga' build argument 'catkin_skip_building_tests' from command line to 'False'
[0.356s] DEBUG:colcon.colcon_core.verb:Building package 'launch_pkg_ga' with the following arguments: {'ament_cmake_args': None, 'build_base': '/home/ivan/ros2_ws_2402/build/launch_pkg_ga', 'catkin_cmake_args': None, 'catkin_skip_building_tests': False, 'cmake_args': None, 'cmake_clean_cache': False, 'cmake_clean_first': False, 'cmake_force_configure': False, 'cmake_target': None, 'cmake_target_skip_unavailable': False, 'install_base': '/home/ivan/ros2_ws_2402/install/launch_pkg_ga', 'merge_install': False, 'path': '/home/ivan/ros2_ws_2402/src/launch_pkg_ga', 'symlink_install': True, 'test_result_base': None}
[0.357s] Level 5:colcon.colcon_core.verb:set package 'modelrobot3r_pkg_ga' build argument 'cmake_args' from command line to 'None'
[0.357s] Level 5:colcon.colcon_core.verb:set package 'modelrobot3r_pkg_ga' build argument 'cmake_target' from command line to 'None'
[0.357s] Level 5:colcon.colcon_core.verb:set package 'modelrobot3r_pkg_ga' build argument 'cmake_target_skip_unavailable' from command line to 'False'
[0.357s] Level 5:colcon.colcon_core.verb:set package 'modelrobot3r_pkg_ga' build argument 'cmake_clean_cache' from command line to 'False'
[0.357s] Level 5:colcon.colcon_core.verb:set package 'modelrobot3r_pkg_ga' build argument 'cmake_clean_first' from command line to 'False'
[0.357s] Level 5:colcon.colcon_core.verb:set package 'modelrobot3r_pkg_ga' build argument 'cmake_force_configure' from command line to 'False'
[0.357s] Level 5:colcon.colcon_core.verb:set package 'modelrobot3r_pkg_ga' build argument 'ament_cmake_args' from command line to 'None'
[0.357s] Level 5:colcon.colcon_core.verb:set package 'modelrobot3r_pkg_ga' build argument 'catkin_cmake_args' from command line to 'None'
[0.357s] Level 5:colcon.colcon_core.verb:set package 'modelrobot3r_pkg_ga' build argument 'catkin_skip_building_tests' from command line to 'False'
[0.357s] DEBUG:colcon.colcon_core.verb:Building package 'modelrobot3r_pkg_ga' with the following arguments: {'ament_cmake_args': None, 'build_base': '/home/ivan/ros2_ws_2402/build/modelrobot3r_pkg_ga', 'catkin_cmake_args': None, 'catkin_skip_building_tests': False, 'cmake_args': None, 'cmake_clean_cache': False, 'cmake_clean_first': False, 'cmake_force_configure': False, 'cmake_target': None, 'cmake_target_skip_unavailable': False, 'install_base': '/home/ivan/ros2_ws_2402/install/modelrobot3r_pkg_ga', 'merge_install': False, 'path': '/home/ivan/ros2_ws_2402/src/modelrobot3r_pkg_ga', 'symlink_install': True, 'test_result_base': None}
[0.357s] Level 5:colcon.colcon_core.verb:set package 'modelrobot_pkg_ga' build argument 'cmake_args' from command line to 'None'
[0.357s] Level 5:colcon.colcon_core.verb:set package 'modelrobot_pkg_ga' build argument 'cmake_target' from command line to 'None'
[0.357s] Level 5:colcon.colcon_core.verb:set package 'modelrobot_pkg_ga' build argument 'cmake_target_skip_unavailable' from command line to 'False'
[0.357s] Level 5:colcon.colcon_core.verb:set package 'modelrobot_pkg_ga' build argument 'cmake_clean_cache' from command line to 'False'
[0.357s] Level 5:colcon.colcon_core.verb:set package 'modelrobot_pkg_ga' build argument 'cmake_clean_first' from command line to 'False'
[0.357s] Level 5:colcon.colcon_core.verb:set package 'modelrobot_pkg_ga' build argument 'cmake_force_configure' from command line to 'False'
[0.357s] Level 5:colcon.colcon_core.verb:set package 'modelrobot_pkg_ga' build argument 'ament_cmake_args' from command line to 'None'
[0.357s] Level 5:colcon.colcon_core.verb:set package 'modelrobot_pkg_ga' build argument 'catkin_cmake_args' from command line to 'None'
[0.357s] Level 5:colcon.colcon_core.verb:set package 'modelrobot_pkg_ga' build argument 'catkin_skip_building_tests' from command line to 'False'
[0.357s] DEBUG:colcon.colcon_core.verb:Building package 'modelrobot_pkg_ga' with the following arguments: {'ament_cmake_args': None, 'build_base': '/home/ivan/ros2_ws_2402/build/modelrobot_pkg_ga', 'catkin_cmake_args': None, 'catkin_skip_building_tests': False, 'cmake_args': None, 'cmake_clean_cache': False, 'cmake_clean_first': False, 'cmake_force_configure': False, 'cmake_target': None, 'cmake_target_skip_unavailable': False, 'install_base': '/home/ivan/ros2_ws_2402/install/modelrobot_pkg_ga', 'merge_install': False, 'path': '/home/ivan/ros2_ws_2402/src/modelrobot_pkg_ga', 'symlink_install': True, 'test_result_base': None}
[0.358s] Level 5:colcon.colcon_core.verb:set package 'turtle_move_pkg_ga' build argument 'cmake_args' from command line to 'None'
[0.358s] Level 5:colcon.colcon_core.verb:set package 'turtle_move_pkg_ga' build argument 'cmake_target' from command line to 'None'
[0.358s] Level 5:colcon.colcon_core.verb:set package 'turtle_move_pkg_ga' build argument 'cmake_target_skip_unavailable' from command line to 'False'
[0.358s] Level 5:colcon.colcon_core.verb:set package 'turtle_move_pkg_ga' build argument 'cmake_clean_cache' from command line to 'False'
[0.358s] Level 5:colcon.colcon_core.verb:set package 'turtle_move_pkg_ga' build argument 'cmake_clean_first' from command line to 'False'
[0.358s] Level 5:colcon.colcon_core.verb:set package 'turtle_move_pkg_ga' build argument 'cmake_force_configure' from command line to 'False'
[0.358s] Level 5:colcon.colcon_core.verb:set package 'turtle_move_pkg_ga' build argument 'ament_cmake_args' from command line to 'None'
[0.358s] Level 5:colcon.colcon_core.verb:set package 'turtle_move_pkg_ga' build argument 'catkin_cmake_args' from command line to 'None'
[0.358s] Level 5:colcon.colcon_core.verb:set package 'turtle_move_pkg_ga' build argument 'catkin_skip_building_tests' from command line to 'False'
[0.358s] DEBUG:colcon.colcon_core.verb:Building package 'turtle_move_pkg_ga' with the following arguments: {'ament_cmake_args': None, 'build_base': '/home/ivan/ros2_ws_2402/build/turtle_move_pkg_ga', 'catkin_cmake_args': None, 'catkin_skip_building_tests': False, 'cmake_args': None, 'cmake_clean_cache': False, 'cmake_clean_first': False, 'cmake_force_configure': False, 'cmake_target': None, 'cmake_target_skip_unavailable': False, 'install_base': '/home/ivan/ros2_ws_2402/install/turtle_move_pkg_ga', 'merge_install': False, 'path': '/home/ivan/ros2_ws_2402/src/turtle_move_pkg_ga', 'symlink_install': True, 'test_result_base': None}
[0.358s] Level 5:colcon.colcon_core.verb:set package 'twist2tf2_pkg_g01' build argument 'cmake_args' from command line to 'None'
[0.358s] Level 5:colcon.colcon_core.verb:set package 'twist2tf2_pkg_g01' build argument 'cmake_target' from command line to 'None'
[0.359s] Level 5:colcon.colcon_core.verb:set package 'twist2tf2_pkg_g01' build argument 'cmake_target_skip_unavailable' from command line to 'False'
[0.359s] Level 5:colcon.colcon_core.verb:set package 'twist2tf2_pkg_g01' build argument 'cmake_clean_cache' from command line to 'False'
[0.359s] Level 5:colcon.colcon_core.verb:set package 'twist2tf2_pkg_g01' build argument 'cmake_clean_first' from command line to 'False'
[0.359s] Level 5:colcon.colcon_core.verb:set package 'twist2tf2_pkg_g01' build argument 'cmake_force_configure' from command line to 'False'
[0.359s] Level 5:colcon.colcon_core.verb:set package 'twist2tf2_pkg_g01' build argument 'ament_cmake_args' from command line to 'None'
[0.359s] Level 5:colcon.colcon_core.verb:set package 'twist2tf2_pkg_g01' build argument 'catkin_cmake_args' from command line to 'None'
[0.359s] Level 5:colcon.colcon_core.verb:set package 'twist2tf2_pkg_g01' build argument 'catkin_skip_building_tests' from command line to 'False'
[0.359s] DEBUG:colcon.colcon_core.verb:Building package 'twist2tf2_pkg_g01' with the following arguments: {'ament_cmake_args': None, 'build_base': '/home/ivan/ros2_ws_2402/build/twist2tf2_pkg_g01', 'catkin_cmake_args': None, 'catkin_skip_building_tests': False, 'cmake_args': None, 'cmake_clean_cache': False, 'cmake_clean_first': False, 'cmake_force_configure': False, 'cmake_target': None, 'cmake_target_skip_unavailable': False, 'install_base': '/home/ivan/ros2_ws_2402/install/twist2tf2_pkg_g01', 'merge_install': False, 'path': '/home/ivan/ros2_ws_2402/src/twist2tf2_pkg_g01', 'symlink_install': True, 'test_result_base': None}
[0.359s] INFO:colcon.colcon_core.executor:Executing jobs using 'parallel' executor
[0.360s] DEBUG:colcon.colcon_parallel_executor.executor.parallel:run_until_complete
[0.360s] INFO:colcon.colcon_ros.task.ament_python.build:Building ROS package in '/home/ivan/ros2_ws_2402/src/launch_pkg_ga' with build type 'ament_python'
[0.360s] Level 1:colcon.colcon_core.shell:create_environment_hook('launch_pkg_ga', 'ament_prefix_path')
[0.362s] INFO:colcon.colcon_core.plugin_system:Skipping extension 'colcon_core.shell.bat': Not used on non-Windows systems
[0.363s] INFO:colcon.colcon_core.shell:Creating environment hook '/home/ivan/ros2_ws_2402/install/launch_pkg_ga/share/launch_pkg_ga/hook/ament_prefix_path.ps1'
[0.363s] INFO:colcon.colcon_core.shell:Creating environment descriptor '/home/ivan/ros2_ws_2402/install/launch_pkg_ga/share/launch_pkg_ga/hook/ament_prefix_path.dsv'
[0.364s] INFO:colcon.colcon_core.shell:Creating environment hook '/home/ivan/ros2_ws_2402/install/launch_pkg_ga/share/launch_pkg_ga/hook/ament_prefix_path.sh'
[0.364s] INFO:colcon.colcon_core.shell:Skip shell extension 'powershell' for command environment: Not usable outside of PowerShell
[0.364s] DEBUG:colcon.colcon_core.shell:Skip shell extension 'dsv' for command environment
[0.367s] INFO:colcon.colcon_ros.task.ament_python.build:Building ROS package in '/home/ivan/ros2_ws_2402/src/modelrobot3r_pkg_ga' with build type 'ament_python'
[0.368s] Level 1:colcon.colcon_core.shell:create_environment_hook('modelrobot3r_pkg_ga', 'ament_prefix_path')
[0.368s] INFO:colcon.colcon_core.shell:Creating environment hook '/home/ivan/ros2_ws_2402/install/modelrobot3r_pkg_ga/share/modelrobot3r_pkg_ga/hook/ament_prefix_path.ps1'
[0.368s] INFO:colcon.colcon_core.shell:Creating environment descriptor '/home/ivan/ros2_ws_2402/install/modelrobot3r_pkg_ga/share/modelrobot3r_pkg_ga/hook/ament_prefix_path.dsv'
[0.369s] INFO:colcon.colcon_core.shell:Creating environment hook '/home/ivan/ros2_ws_2402/install/modelrobot3r_pkg_ga/share/modelrobot3r_pkg_ga/hook/ament_prefix_path.sh'
[0.370s] INFO:colcon.colcon_core.shell:Skip shell extension 'powershell' for command environment: Not usable outside of PowerShell
[0.370s] DEBUG:colcon.colcon_core.shell:Skip shell extension 'dsv' for command environment
[0.374s] INFO:colcon.colcon_ros.task.ament_python.build:Building ROS package in '/home/ivan/ros2_ws_2402/src/modelrobot_pkg_ga' with build type 'ament_python'
[0.374s] Level 1:colcon.colcon_core.shell:create_environment_hook('modelrobot_pkg_ga', 'ament_prefix_path')
[0.374s] INFO:colcon.colcon_core.shell:Creating environment hook '/home/ivan/ros2_ws_2402/install/modelrobot_pkg_ga/share/modelrobot_pkg_ga/hook/ament_prefix_path.ps1'
[0.374s] INFO:colcon.colcon_core.shell:Creating environment descriptor '/home/ivan/ros2_ws_2402/install/modelrobot_pkg_ga/share/modelrobot_pkg_ga/hook/ament_prefix_path.dsv'
[0.375s] INFO:colcon.colcon_core.shell:Creating environment hook '/home/ivan/ros2_ws_2402/install/modelrobot_pkg_ga/share/modelrobot_pkg_ga/hook/ament_prefix_path.sh'
[0.375s] INFO:colcon.colcon_core.shell:Skip shell extension 'powershell' for command environment: Not usable outside of PowerShell
[0.376s] DEBUG:colcon.colcon_core.shell:Skip shell extension 'dsv' for command environment
[0.378s] INFO:colcon.colcon_ros.task.ament_python.build:Building ROS package in '/home/ivan/ros2_ws_2402/src/turtle_move_pkg_ga' with build type 'ament_python'
[0.378s] Level 1:colcon.colcon_core.shell:create_environment_hook('turtle_move_pkg_ga', 'ament_prefix_path')
[0.378s] INFO:colcon.colcon_core.shell:Creating environment hook '/home/ivan/ros2_ws_2402/install/turtle_move_pkg_ga/share/turtle_move_pkg_ga/hook/ament_prefix_path.ps1'
[0.379s] INFO:colcon.colcon_core.shell:Creating environment descriptor '/home/ivan/ros2_ws_2402/install/turtle_move_pkg_ga/share/turtle_move_pkg_ga/hook/ament_prefix_path.dsv'
[0.379s] INFO:colcon.colcon_core.shell:Creating environment hook '/home/ivan/ros2_ws_2402/install/turtle_move_pkg_ga/share/turtle_move_pkg_ga/hook/ament_prefix_path.sh'
[0.380s] INFO:colcon.colcon_core.shell:Skip shell extension 'powershell' for command environment: Not usable outside of PowerShell
[0.380s] DEBUG:colcon.colcon_core.shell:Skip shell extension 'dsv' for command environment
[0.643s] INFO:colcon.colcon_core.task.python.build:Building Python package in '/home/ivan/ros2_ws_2402/src/launch_pkg_ga'
[0.643s] INFO:colcon.colcon_core.shell:Skip shell extension 'powershell' for command environment: Not usable outside of PowerShell
[0.643s] DEBUG:colcon.colcon_core.shell:Skip shell extension 'dsv' for command environment
[0.894s] INFO:colcon.colcon_core.task.python.build:Building Python package in '/home/ivan/ros2_ws_2402/src/modelrobot3r_pkg_ga'
[0.895s] INFO:colcon.colcon_core.shell:Skip shell extension 'powershell' for command environment: Not usable outside of PowerShell
[0.895s] DEBUG:colcon.colcon_core.shell:Skip shell extension 'dsv' for command environment
[1.141s] INFO:colcon.colcon_core.task.python.build:Building Python package in '/home/ivan/ros2_ws_2402/src/modelrobot_pkg_ga'
[1.142s] INFO:colcon.colcon_core.shell:Skip shell extension 'powershell' for command environment: Not usable outside of PowerShell
[1.142s] DEBUG:colcon.colcon_core.shell:Skip shell extension 'dsv' for command environment
[1.402s] INFO:colcon.colcon_core.task.python.build:Building Python package in '/home/ivan/ros2_ws_2402/src/turtle_move_pkg_ga'
[1.402s] INFO:colcon.colcon_core.shell:Skip shell extension 'powershell' for command environment: Not usable outside of PowerShell
[1.402s] DEBUG:colcon.colcon_core.shell:Skip shell extension 'dsv' for command environment
[1.859s] DEBUG:colcon.colcon_core.event_handler.log_command:Invoking command in '/home/ivan/ros2_ws_2402/build/launch_pkg_ga': PYTHONPATH=/home/ivan/ros2_ws_2402/build/launch_pkg_ga/prefix_override:/usr/lib/python3/dist-packages/colcon_core/task/python/colcon_distutils_commands:/home/ivan/ros2_ws_2402/install/launch_pkg_ga/lib/python3.10/site-packages:${PYTHONPATH} /usr/bin/python3 -W ignore:setup.py install is deprecated setup.py develop --editable --build-directory /home/ivan/ros2_ws_2402/build/launch_pkg_ga/build --no-deps symlink_data
[1.871s] DEBUG:colcon.colcon_core.event_handler.log_command:Invoking command in '/home/ivan/ros2_ws_2402/build/modelrobot_pkg_ga': PYTHONPATH=/home/ivan/ros2_ws_2402/build/modelrobot_pkg_ga/prefix_override:/usr/lib/python3/dist-packages/colcon_core/task/python/colcon_distutils_commands:/home/ivan/ros2_ws_2402/install/modelrobot_pkg_ga/lib/python3.10/site-packages:${PYTHONPATH} /usr/bin/python3 -W ignore:setup.py install is deprecated setup.py develop --editable --build-directory /home/ivan/ros2_ws_2402/build/modelrobot_pkg_ga/build --no-deps symlink_data
[1.896s] DEBUG:colcon.colcon_core.event_handler.log_command:Invoking command in '/home/ivan/ros2_ws_2402/build/turtle_move_pkg_ga': PYTHONPATH=/home/ivan/ros2_ws_2402/build/turtle_move_pkg_ga/prefix_override:/usr/lib/python3/dist-packages/colcon_core/task/python/colcon_distutils_commands:/home/ivan/ros2_ws_2402/install/turtle_move_pkg_ga/lib/python3.10/site-packages:${PYTHONPATH} /usr/bin/python3 -W ignore:setup.py install is deprecated setup.py develop --editable --build-directory /home/ivan/ros2_ws_2402/build/turtle_move_pkg_ga/build --no-deps symlink_data
[1.907s] DEBUG:colcon.colcon_core.event_handler.log_command:Invoking command in '/home/ivan/ros2_ws_2402/build/modelrobot3r_pkg_ga': PYTHONPATH=/home/ivan/ros2_ws_2402/build/modelrobot3r_pkg_ga/prefix_override:/usr/lib/python3/dist-packages/colcon_core/task/python/colcon_distutils_commands:/home/ivan/ros2_ws_2402/install/modelrobot3r_pkg_ga/lib/python3.10/site-packages:${PYTHONPATH} /usr/bin/python3 -W ignore:setup.py install is deprecated setup.py develop --editable --build-directory /home/ivan/ros2_ws_2402/build/modelrobot3r_pkg_ga/build --no-deps symlink_data
[2.547s] Level 1:colcon.colcon_core.shell:create_environment_hook('modelrobot_pkg_ga', 'pythonpath_develop')
[2.547s] DEBUG:colcon.colcon_core.event_handler.log_command:Invoked command in '/home/ivan/ros2_ws_2402/build/modelrobot_pkg_ga' returned '0': PYTHONPATH=/home/ivan/ros2_ws_2402/build/modelrobot_pkg_ga/prefix_override:/usr/lib/python3/dist-packages/colcon_core/task/python/colcon_distutils_commands:/home/ivan/ros2_ws_2402/install/modelrobot_pkg_ga/lib/python3.10/site-packages:${PYTHONPATH} /usr/bin/python3 -W ignore:setup.py install is deprecated setup.py develop --editable --build-directory /home/ivan/ros2_ws_2402/build/modelrobot_pkg_ga/build --no-deps symlink_data
[2.548s] INFO:colcon.colcon_core.shell:Creating environment hook '/home/ivan/ros2_ws_2402/build/modelrobot_pkg_ga/share/modelrobot_pkg_ga/hook/pythonpath_develop.ps1'
[2.549s] INFO:colcon.colcon_core.shell:Creating environment descriptor '/home/ivan/ros2_ws_2402/build/modelrobot_pkg_ga/share/modelrobot_pkg_ga/hook/pythonpath_develop.dsv'
[2.549s] INFO:colcon.colcon_core.shell:Creating environment hook '/home/ivan/ros2_ws_2402/build/modelrobot_pkg_ga/share/modelrobot_pkg_ga/hook/pythonpath_develop.sh'
[2.553s] Level 1:colcon.colcon_core.environment:checking '/home/ivan/ros2_ws_2402/install/modelrobot_pkg_ga' for CMake module files
[2.553s] Level 1:colcon.colcon_core.environment:checking '/home/ivan/ros2_ws_2402/install/modelrobot_pkg_ga' for CMake config files
[2.554s] Level 1:colcon.colcon_core.environment:checking '/home/ivan/ros2_ws_2402/install/modelrobot_pkg_ga/lib'
[2.554s] Level 1:colcon.colcon_core.environment:checking '/home/ivan/ros2_ws_2402/install/modelrobot_pkg_ga/bin'
[2.554s] Level 1:colcon.colcon_core.environment:checking '/home/ivan/ros2_ws_2402/install/modelrobot_pkg_ga/lib/pkgconfig/modelrobot_pkg_ga.pc'
[2.555s] Level 1:colcon.colcon_core.environment:checking '/home/ivan/ros2_ws_2402/install/modelrobot_pkg_ga/lib/python3.10/site-packages'
[2.555s] Level 1:colcon.colcon_core.shell:create_environment_hook('modelrobot_pkg_ga', 'pythonpath')
[2.555s] INFO:colcon.colcon_core.shell:Creating environment hook '/home/ivan/ros2_ws_2402/install/modelrobot_pkg_ga/share/modelrobot_pkg_ga/hook/pythonpath.ps1'
[2.555s] INFO:colcon.colcon_core.shell:Creating environment descriptor '/home/ivan/ros2_ws_2402/install/modelrobot_pkg_ga/share/modelrobot_pkg_ga/hook/pythonpath.dsv'
[2.556s] INFO:colcon.colcon_core.shell:Creating environment hook '/home/ivan/ros2_ws_2402/install/modelrobot_pkg_ga/share/modelrobot_pkg_ga/hook/pythonpath.sh'
[2.556s] Level 1:colcon.colcon_core.environment:checking '/home/ivan/ros2_ws_2402/install/modelrobot_pkg_ga/bin'
[2.556s] Level 1:colcon.colcon_core.environment:create_environment_scripts_only(modelrobot_pkg_ga)
[2.557s] INFO:colcon.colcon_core.shell:Creating package script '/home/ivan/ros2_ws_2402/install/modelrobot_pkg_ga/share/modelrobot_pkg_ga/package.ps1'
[2.558s] INFO:colcon.colcon_core.shell:Creating package descriptor '/home/ivan/ros2_ws_2402/install/modelrobot_pkg_ga/share/modelrobot_pkg_ga/package.dsv'
[2.558s] INFO:colcon.colcon_core.shell:Creating package script '/home/ivan/ros2_ws_2402/install/modelrobot_pkg_ga/share/modelrobot_pkg_ga/package.sh'
[2.559s] INFO:colcon.colcon_core.shell:Creating package script '/home/ivan/ros2_ws_2402/install/modelrobot_pkg_ga/share/modelrobot_pkg_ga/package.bash'
[2.561s] INFO:colcon.colcon_core.shell:Creating package script '/home/ivan/ros2_ws_2402/install/modelrobot_pkg_ga/share/modelrobot_pkg_ga/package.zsh'
[2.562s] Level 1:colcon.colcon_core.environment:create_file_with_runtime_dependencies(/home/ivan/ros2_ws_2402/install/modelrobot_pkg_ga/share/colcon-core/packages/modelrobot_pkg_ga)
[2.562s] INFO:colcon.colcon_ros.task.ament_python.build:Building ROS package in '/home/ivan/ros2_ws_2402/src/twist2tf2_pkg_g01' with build type 'ament_python'
[2.562s] Level 1:colcon.colcon_core.shell:create_environment_hook('twist2tf2_pkg_g01', 'ament_prefix_path')
[2.563s] INFO:colcon.colcon_core.shell:Creating environment hook '/home/ivan/ros2_ws_2402/install/twist2tf2_pkg_g01/share/twist2tf2_pkg_g01/hook/ament_prefix_path.ps1'
[2.563s] INFO:colcon.colcon_core.shell:Creating environment descriptor '/home/ivan/ros2_ws_2402/install/twist2tf2_pkg_g01/share/twist2tf2_pkg_g01/hook/ament_prefix_path.dsv'
[2.564s] INFO:colcon.colcon_core.shell:Creating environment hook '/home/ivan/ros2_ws_2402/install/twist2tf2_pkg_g01/share/twist2tf2_pkg_g01/hook/ament_prefix_path.sh'
[2.564s] INFO:colcon.colcon_core.shell:Skip shell extension 'powershell' for command environment: Not usable outside of PowerShell
[2.564s] DEBUG:colcon.colcon_core.shell:Skip shell extension 'dsv' for command environment
[2.569s] Level 1:colcon.colcon_core.shell:create_environment_hook('launch_pkg_ga', 'pythonpath_develop')
[2.570s] INFO:colcon.colcon_core.shell:Creating environment hook '/home/ivan/ros2_ws_2402/build/launch_pkg_ga/share/launch_pkg_ga/hook/pythonpath_develop.ps1'
[2.571s] DEBUG:colcon.colcon_core.event_handler.log_command:Invoked command in '/home/ivan/ros2_ws_2402/build/launch_pkg_ga' returned '0': PYTHONPATH=/home/ivan/ros2_ws_2402/build/launch_pkg_ga/prefix_override:/usr/lib/python3/dist-packages/colcon_core/task/python/colcon_distutils_commands:/home/ivan/ros2_ws_2402/install/launch_pkg_ga/lib/python3.10/site-packages:${PYTHONPATH} /usr/bin/python3 -W ignore:setup.py install is deprecated setup.py develop --editable --build-directory /home/ivan/ros2_ws_2402/build/launch_pkg_ga/build --no-deps symlink_data
[2.572s] INFO:colcon.colcon_core.shell:Creating environment descriptor '/home/ivan/ros2_ws_2402/build/launch_pkg_ga/share/launch_pkg_ga/hook/pythonpath_develop.dsv'
[2.572s] INFO:colcon.colcon_core.shell:Creating environment hook '/home/ivan/ros2_ws_2402/build/launch_pkg_ga/share/launch_pkg_ga/hook/pythonpath_develop.sh'
[2.574s] Level 1:colcon.colcon_core.environment:checking '/home/ivan/ros2_ws_2402/install/launch_pkg_ga' for CMake module files
[2.575s] Level 1:colcon.colcon_core.environment:checking '/home/ivan/ros2_ws_2402/install/launch_pkg_ga' for CMake config files
[2.575s] Level 1:colcon.colcon_core.environment:checking '/home/ivan/ros2_ws_2402/install/launch_pkg_ga/lib'
[2.576s] Level 1:colcon.colcon_core.environment:checking '/home/ivan/ros2_ws_2402/install/launch_pkg_ga/bin'
[2.576s] Level 1:colcon.colcon_core.environment:checking '/home/ivan/ros2_ws_2402/install/launch_pkg_ga/lib/pkgconfig/launch_pkg_ga.pc'
[2.576s] Level 1:colcon.colcon_core.environment:checking '/home/ivan/ros2_ws_2402/install/launch_pkg_ga/lib/python3.10/site-packages'
[2.576s] Level 1:colcon.colcon_core.shell:create_environment_hook('launch_pkg_ga', 'pythonpath')
[2.576s] INFO:colcon.colcon_core.shell:Creating environment hook '/home/ivan/ros2_ws_2402/install/launch_pkg_ga/share/launch_pkg_ga/hook/pythonpath.ps1'
[2.577s] INFO:colcon.colcon_core.shell:Creating environment descriptor '/home/ivan/ros2_ws_2402/install/launch_pkg_ga/share/launch_pkg_ga/hook/pythonpath.dsv'
[2.577s] INFO:colcon.colcon_core.shell:Creating environment hook '/home/ivan/ros2_ws_2402/install/launch_pkg_ga/share/launch_pkg_ga/hook/pythonpath.sh'
[2.578s] Level 1:colcon.colcon_core.environment:checking '/home/ivan/ros2_ws_2402/install/launch_pkg_ga/bin'
[2.578s] Level 1:colcon.colcon_core.environment:create_environment_scripts_only(launch_pkg_ga)
[2.579s] INFO:colcon.colcon_core.shell:Creating package script '/home/ivan/ros2_ws_2402/install/launch_pkg_ga/share/launch_pkg_ga/package.ps1'
[2.580s] INFO:colcon.colcon_core.shell:Creating package descriptor '/home/ivan/ros2_ws_2402/install/launch_pkg_ga/share/launch_pkg_ga/package.dsv'
[2.581s] INFO:colcon.colcon_core.shell:Creating package script '/home/ivan/ros2_ws_2402/install/launch_pkg_ga/share/launch_pkg_ga/package.sh'
[2.581s] INFO:colcon.colcon_core.shell:Creating package script '/home/ivan/ros2_ws_2402/install/launch_pkg_ga/share/launch_pkg_ga/package.bash'
[2.582s] INFO:colcon.colcon_core.shell:Creating package script '/home/ivan/ros2_ws_2402/install/launch_pkg_ga/share/launch_pkg_ga/package.zsh'
[2.582s] Level 1:colcon.colcon_core.environment:create_file_with_runtime_dependencies(/home/ivan/ros2_ws_2402/install/launch_pkg_ga/share/colcon-core/packages/launch_pkg_ga)
[2.848s] INFO:colcon.colcon_core.task.python.build:Building Python package in '/home/ivan/ros2_ws_2402/src/twist2tf2_pkg_g01'
[2.849s] INFO:colcon.colcon_core.shell:Skip shell extension 'powershell' for command environment: Not usable outside of PowerShell
[2.849s] DEBUG:colcon.colcon_core.shell:Skip shell extension 'dsv' for command environment
[2.852s] Level 1:colcon.colcon_core.shell:create_environment_hook('turtle_move_pkg_ga', 'pythonpath_develop')
[2.853s] INFO:colcon.colcon_core.shell:Creating environment hook '/home/ivan/ros2_ws_2402/build/turtle_move_pkg_ga/share/turtle_move_pkg_ga/hook/pythonpath_develop.ps1'
[2.853s] DEBUG:colcon.colcon_core.event_handler.log_command:Invoked command in '/home/ivan/ros2_ws_2402/build/turtle_move_pkg_ga' returned '0': PYTHONPATH=/home/ivan/ros2_ws_2402/build/turtle_move_pkg_ga/prefix_override:/usr/lib/python3/dist-packages/colcon_core/task/python/colcon_distutils_commands:/home/ivan/ros2_ws_2402/install/turtle_move_pkg_ga/lib/python3.10/site-packages:${PYTHONPATH} /usr/bin/python3 -W ignore:setup.py install is deprecated setup.py develop --editable --build-directory /home/ivan/ros2_ws_2402/build/turtle_move_pkg_ga/build --no-deps symlink_data
[2.853s] INFO:colcon.colcon_core.shell:Creating environment descriptor '/home/ivan/ros2_ws_2402/build/turtle_move_pkg_ga/share/turtle_move_pkg_ga/hook/pythonpath_develop.dsv'
[2.854s] INFO:colcon.colcon_core.shell:Creating environment hook '/home/ivan/ros2_ws_2402/build/turtle_move_pkg_ga/share/turtle_move_pkg_ga/hook/pythonpath_develop.sh'
[2.854s] Level 1:colcon.colcon_core.environment:checking '/home/ivan/ros2_ws_2402/install/turtle_move_pkg_ga' for CMake module files
[2.855s] Level 1:colcon.colcon_core.environment:checking '/home/ivan/ros2_ws_2402/install/turtle_move_pkg_ga' for CMake config files
[2.855s] Level 1:colcon.colcon_core.environment:checking '/home/ivan/ros2_ws_2402/install/turtle_move_pkg_ga/lib'
[2.855s] Level 1:colcon.colcon_core.environment:checking '/home/ivan/ros2_ws_2402/install/turtle_move_pkg_ga/bin'
[2.855s] Level 1:colcon.colcon_core.environment:checking '/home/ivan/ros2_ws_2402/install/turtle_move_pkg_ga/lib/pkgconfig/turtle_move_pkg_ga.pc'
[2.855s] Level 1:colcon.colcon_core.environment:checking '/home/ivan/ros2_ws_2402/install/turtle_move_pkg_ga/lib/python3.10/site-packages'
[2.855s] Level 1:colcon.colcon_core.shell:create_environment_hook('turtle_move_pkg_ga', 'pythonpath')
[2.856s] INFO:colcon.colcon_core.shell:Creating environment hook '/home/ivan/ros2_ws_2402/install/turtle_move_pkg_ga/share/turtle_move_pkg_ga/hook/pythonpath.ps1'
[2.856s] INFO:colcon.colcon_core.shell:Creating environment descriptor '/home/ivan/ros2_ws_2402/install/turtle_move_pkg_ga/share/turtle_move_pkg_ga/hook/pythonpath.dsv'
[2.856s] INFO:colcon.colcon_core.shell:Creating environment hook '/home/ivan/ros2_ws_2402/install/turtle_move_pkg_ga/share/turtle_move_pkg_ga/hook/pythonpath.sh'
[2.857s] Level 1:colcon.colcon_core.environment:checking '/home/ivan/ros2_ws_2402/install/turtle_move_pkg_ga/bin'
[2.857s] Level 1:colcon.colcon_core.environment:create_environment_scripts_only(turtle_move_pkg_ga)
[2.857s] INFO:colcon.colcon_core.shell:Creating package script '/home/ivan/ros2_ws_2402/install/turtle_move_pkg_ga/share/turtle_move_pkg_ga/package.ps1'
[2.858s] INFO:colcon.colcon_core.shell:Creating package descriptor '/home/ivan/ros2_ws_2402/install/turtle_move_pkg_ga/share/turtle_move_pkg_ga/package.dsv'
[2.858s] INFO:colcon.colcon_core.shell:Creating package script '/home/ivan/ros2_ws_2402/install/turtle_move_pkg_ga/share/turtle_move_pkg_ga/package.sh'
[2.859s] INFO:colcon.colcon_core.shell:Creating package script '/home/ivan/ros2_ws_2402/install/turtle_move_pkg_ga/share/turtle_move_pkg_ga/package.bash'
[2.859s] INFO:colcon.colcon_core.shell:Creating package script '/home/ivan/ros2_ws_2402/install/turtle_move_pkg_ga/share/turtle_move_pkg_ga/package.zsh'
[2.859s] Level 1:colcon.colcon_core.environment:create_file_with_runtime_dependencies(/home/ivan/ros2_ws_2402/install/turtle_move_pkg_ga/share/colcon-core/packages/turtle_move_pkg_ga)
[2.862s] Level 1:colcon.colcon_core.shell:create_environment_hook('modelrobot3r_pkg_ga', 'pythonpath_develop')
[2.863s] DEBUG:colcon.colcon_core.event_handler.log_command:Invoked command in '/home/ivan/ros2_ws_2402/build/modelrobot3r_pkg_ga' returned '0': PYTHONPATH=/home/ivan/ros2_ws_2402/build/modelrobot3r_pkg_ga/prefix_override:/usr/lib/python3/dist-packages/colcon_core/task/python/colcon_distutils_commands:/home/ivan/ros2_ws_2402/install/modelrobot3r_pkg_ga/lib/python3.10/site-packages:${PYTHONPATH} /usr/bin/python3 -W ignore:setup.py install is deprecated setup.py develop --editable --build-directory /home/ivan/ros2_ws_2402/build/modelrobot3r_pkg_ga/build --no-deps symlink_data
[2.863s] INFO:colcon.colcon_core.shell:Creating environment hook '/home/ivan/ros2_ws_2402/build/modelrobot3r_pkg_ga/share/modelrobot3r_pkg_ga/hook/pythonpath_develop.ps1'
[2.863s] INFO:colcon.colcon_core.shell:Creating environment descriptor '/home/ivan/ros2_ws_2402/build/modelrobot3r_pkg_ga/share/modelrobot3r_pkg_ga/hook/pythonpath_develop.dsv'
[2.863s] INFO:colcon.colcon_core.shell:Creating environment hook '/home/ivan/ros2_ws_2402/build/modelrobot3r_pkg_ga/share/modelrobot3r_pkg_ga/hook/pythonpath_develop.sh'
[2.864s] Level 1:colcon.colcon_core.environment:checking '/home/ivan/ros2_ws_2402/install/modelrobot3r_pkg_ga' for CMake module files
[2.864s] Level 1:colcon.colcon_core.environment:checking '/home/ivan/ros2_ws_2402/install/modelrobot3r_pkg_ga' for CMake config files
[2.865s] Level 1:colcon.colcon_core.environment:checking '/home/ivan/ros2_ws_2402/install/modelrobot3r_pkg_ga/lib'
[2.865s] Level 1:colcon.colcon_core.environment:checking '/home/ivan/ros2_ws_2402/install/modelrobot3r_pkg_ga/bin'
[2.865s] Level 1:colcon.colcon_core.environment:checking '/home/ivan/ros2_ws_2402/install/modelrobot3r_pkg_ga/lib/pkgconfig/modelrobot3r_pkg_ga.pc'
[2.866s] Level 1:colcon.colcon_core.environment:checking '/home/ivan/ros2_ws_2402/install/modelrobot3r_pkg_ga/lib/python3.10/site-packages'
[2.866s] Level 1:colcon.colcon_core.shell:create_environment_hook('modelrobot3r_pkg_ga', 'pythonpath')
[2.866s] INFO:colcon.colcon_core.shell:Creating environment hook '/home/ivan/ros2_ws_2402/install/modelrobot3r_pkg_ga/share/modelrobot3r_pkg_ga/hook/pythonpath.ps1'
[2.866s] INFO:colcon.colcon_core.shell:Creating environment descriptor '/home/ivan/ros2_ws_2402/install/modelrobot3r_pkg_ga/share/modelrobot3r_pkg_ga/hook/pythonpath.dsv'
[2.866s] INFO:colcon.colcon_core.shell:Creating environment hook '/home/ivan/ros2_ws_2402/install/modelrobot3r_pkg_ga/share/modelrobot3r_pkg_ga/hook/pythonpath.sh'
[2.867s] Level 1:colcon.colcon_core.environment:checking '/home/ivan/ros2_ws_2402/install/modelrobot3r_pkg_ga/bin'
[2.867s] Level 1:colcon.colcon_core.environment:create_environment_scripts_only(modelrobot3r_pkg_ga)
[2.867s] INFO:colcon.colcon_core.shell:Creating package script '/home/ivan/ros2_ws_2402/install/modelrobot3r_pkg_ga/share/modelrobot3r_pkg_ga/package.ps1'
[2.868s] INFO:colcon.colcon_core.shell:Creating package descriptor '/home/ivan/ros2_ws_2402/install/modelrobot3r_pkg_ga/share/modelrobot3r_pkg_ga/package.dsv'
[2.868s] INFO:colcon.colcon_core.shell:Creating package script '/home/ivan/ros2_ws_2402/install/modelrobot3r_pkg_ga/share/modelrobot3r_pkg_ga/package.sh'
[2.869s] INFO:colcon.colcon_core.shell:Creating package script '/home/ivan/ros2_ws_2402/install/modelrobot3r_pkg_ga/share/modelrobot3r_pkg_ga/package.bash'
[2.869s] INFO:colcon.colcon_core.shell:Creating package script '/home/ivan/ros2_ws_2402/install/modelrobot3r_pkg_ga/share/modelrobot3r_pkg_ga/package.zsh'
[2.869s] Level 1:colcon.colcon_core.environment:create_file_with_runtime_dependencies(/home/ivan/ros2_ws_2402/install/modelrobot3r_pkg_ga/share/colcon-core/packages/modelrobot3r_pkg_ga)
[3.180s] DEBUG:colcon.colcon_core.event_handler.log_command:Invoking command in '/home/ivan/ros2_ws_2402/build/twist2tf2_pkg_g01': PYTHONPATH=/home/ivan/ros2_ws_2402/build/twist2tf2_pkg_g01/prefix_override:/usr/lib/python3/dist-packages/colcon_core/task/python/colcon_distutils_commands:/home/ivan/ros2_ws_2402/install/twist2tf2_pkg_g01/lib/python3.10/site-packages:${PYTHONPATH} /usr/bin/python3 -W ignore:setup.py install is deprecated setup.py develop --editable --build-directory /home/ivan/ros2_ws_2402/build/twist2tf2_pkg_g01/build --no-deps symlink_data
[3.606s] Level 1:colcon.colcon_core.shell:create_environment_hook('twist2tf2_pkg_g01', 'pythonpath_develop')
[3.606s] INFO:colcon.colcon_core.shell:Creating environment hook '/home/ivan/ros2_ws_2402/build/twist2tf2_pkg_g01/share/twist2tf2_pkg_g01/hook/pythonpath_develop.ps1'
[3.607s] DEBUG:colcon.colcon_core.event_handler.log_command:Invoked command in '/home/ivan/ros2_ws_2402/build/twist2tf2_pkg_g01' returned '0': PYTHONPATH=/home/ivan/ros2_ws_2402/build/twist2tf2_pkg_g01/prefix_override:/usr/lib/python3/dist-packages/colcon_core/task/python/colcon_distutils_commands:/home/ivan/ros2_ws_2402/install/twist2tf2_pkg_g01/lib/python3.10/site-packages:${PYTHONPATH} /usr/bin/python3 -W ignore:setup.py install is deprecated setup.py develop --editable --build-directory /home/ivan/ros2_ws_2402/build/twist2tf2_pkg_g01/build --no-deps symlink_data
[3.607s] INFO:colcon.colcon_core.shell:Creating environment descriptor '/home/ivan/ros2_ws_2402/build/twist2tf2_pkg_g01/share/twist2tf2_pkg_g01/hook/pythonpath_develop.dsv'
[3.608s] INFO:colcon.colcon_core.shell:Creating environment hook '/home/ivan/ros2_ws_2402/build/twist2tf2_pkg_g01/share/twist2tf2_pkg_g01/hook/pythonpath_develop.sh'
[3.609s] Level 1:colcon.colcon_core.environment:checking '/home/ivan/ros2_ws_2402/install/twist2tf2_pkg_g01' for CMake module files
[3.609s] Level 1:colcon.colcon_core.environment:checking '/home/ivan/ros2_ws_2402/install/twist2tf2_pkg_g01' for CMake config files
[3.609s] Level 1:colcon.colcon_core.environment:checking '/home/ivan/ros2_ws_2402/install/twist2tf2_pkg_g01/lib'
[3.609s] Level 1:colcon.colcon_core.environment:checking '/home/ivan/ros2_ws_2402/install/twist2tf2_pkg_g01/bin'
[3.609s] Level 1:colcon.colcon_core.environment:checking '/home/ivan/ros2_ws_2402/install/twist2tf2_pkg_g01/lib/pkgconfig/twist2tf2_pkg_g01.pc'
[3.610s] Level 1:colcon.colcon_core.environment:checking '/home/ivan/ros2_ws_2402/install/twist2tf2_pkg_g01/lib/python3.10/site-packages'
[3.610s] Level 1:colcon.colcon_core.shell:create_environment_hook('twist2tf2_pkg_g01', 'pythonpath')
[3.610s] INFO:colcon.colcon_core.shell:Creating environment hook '/home/ivan/ros2_ws_2402/install/twist2tf2_pkg_g01/share/twist2tf2_pkg_g01/hook/pythonpath.ps1'
[3.610s] INFO:colcon.colcon_core.shell:Creating environment descriptor '/home/ivan/ros2_ws_2402/install/twist2tf2_pkg_g01/share/twist2tf2_pkg_g01/hook/pythonpath.dsv'
[3.611s] INFO:colcon.colcon_core.shell:Creating environment hook '/home/ivan/ros2_ws_2402/install/twist2tf2_pkg_g01/share/twist2tf2_pkg_g01/hook/pythonpath.sh'
[3.611s] Level 1:colcon.colcon_core.environment:checking '/home/ivan/ros2_ws_2402/install/twist2tf2_pkg_g01/bin'
[3.611s] Level 1:colcon.colcon_core.environment:create_environment_scripts_only(twist2tf2_pkg_g01)
[3.612s] INFO:colcon.colcon_core.shell:Creating package script '/home/ivan/ros2_ws_2402/install/twist2tf2_pkg_g01/share/twist2tf2_pkg_g01/package.ps1'
[3.612s] INFO:colcon.colcon_core.shell:Creating package descriptor '/home/ivan/ros2_ws_2402/install/twist2tf2_pkg_g01/share/twist2tf2_pkg_g01/package.dsv'
[3.612s] INFO:colcon.colcon_core.shell:Creating package script '/home/ivan/ros2_ws_2402/install/twist2tf2_pkg_g01/share/twist2tf2_pkg_g01/package.sh'
[3.613s] INFO:colcon.colcon_core.shell:Creating package script '/home/ivan/ros2_ws_2402/install/twist2tf2_pkg_g01/share/twist2tf2_pkg_g01/package.bash'
[3.613s] INFO:colcon.colcon_core.shell:Creating package script '/home/ivan/ros2_ws_2402/install/twist2tf2_pkg_g01/share/twist2tf2_pkg_g01/package.zsh'
[3.613s] Level 1:colcon.colcon_core.environment:create_file_with_runtime_dependencies(/home/ivan/ros2_ws_2402/install/twist2tf2_pkg_g01/share/colcon-core/packages/twist2tf2_pkg_g01)
[3.614s] DEBUG:colcon.colcon_parallel_executor.executor.parallel:closing loop
[3.614s] DEBUG:colcon.colcon_parallel_executor.executor.parallel:loop closed
[3.614s] DEBUG:colcon.colcon_parallel_executor.executor.parallel:run_until_complete finished with '0'
[3.614s] DEBUG:colcon.colcon_core.event_reactor:joining thread
[3.619s] INFO:colcon.colcon_core.plugin_system:Skipping extension 'colcon_notification.desktop_notification.terminal_notifier': Not used on non-Darwin systems
[3.619s] INFO:colcon.colcon_core.plugin_system:Skipping extension 'colcon_notification.desktop_notification.win32': Not used on non-Windows systems
[3.619s] INFO:colcon.colcon_notification.desktop_notification:Sending desktop notification using 'notify2'
[3.629s] DEBUG:colcon.colcon_core.event_reactor:joined thread
[3.629s] INFO:colcon.colcon_core.shell:Creating prefix script '/home/ivan/ros2_ws_2402/install/local_setup.ps1'
[3.630s] INFO:colcon.colcon_core.shell:Creating prefix util module '/home/ivan/ros2_ws_2402/install/_local_setup_util_ps1.py'
[3.631s] INFO:colcon.colcon_core.shell:Creating prefix chain script '/home/ivan/ros2_ws_2402/install/setup.ps1'
[3.632s] INFO:colcon.colcon_core.shell:Creating prefix script '/home/ivan/ros2_ws_2402/install/local_setup.sh'
[3.633s] INFO:colcon.colcon_core.shell:Creating prefix util module '/home/ivan/ros2_ws_2402/install/_local_setup_util_sh.py'
[3.633s] INFO:colcon.colcon_core.shell:Creating prefix chain script '/home/ivan/ros2_ws_2402/install/setup.sh'
[3.637s] INFO:colcon.colcon_core.shell:Creating prefix script '/home/ivan/ros2_ws_2402/install/local_setup.bash'
[3.637s] INFO:colcon.colcon_core.shell:Creating prefix chain script '/home/ivan/ros2_ws_2402/install/setup.bash'
[3.638s] INFO:colcon.colcon_core.shell:Creating prefix script '/home/ivan/ros2_ws_2402/install/local_setup.zsh'
[3.639s] INFO:colcon.colcon_core.shell:Creating prefix chain script '/home/ivan/ros2_ws_2402/install/setup.zsh'
