[1.367s] Invoking command in '/home/ivan/ros2_ws_2402/build/modelrobot3r_pkg_ga': PYTHONPATH=/home/ivan/ros2_ws_2402/build/modelrobot3r_pkg_ga/prefix_override:/usr/lib/python3/dist-packages/colcon_core/task/python/colcon_distutils_commands:/home/ivan/ros2_ws_2402/install/modelrobot3r_pkg_ga/lib/python3.10/site-packages:${PYTHONPATH} /usr/bin/python3 -W ignore:setup.py install is deprecated setup.py develop --editable --build-directory /home/ivan/ros2_ws_2402/build/modelrobot3r_pkg_ga/build --no-deps symlink_data
[1.668s] running develop
[1.668s] /home/ivan/.local/lib/python3.10/site-packages/setuptools/command/easy_install.py:156: EasyInstallDeprecationWarning: easy_install command is deprecated. Use build and pip and other standards-based tools.
[1.668s]   warnings.warn(
[1.862s] running egg_info
[1.862s] writing modelrobot3r_pkg_ga.egg-info/PKG-INFO
[1.864s] writing dependency_links to modelrobot3r_pkg_ga.egg-info/dependency_links.txt
[1.864s] writing entry points to modelrobot3r_pkg_ga.egg-info/entry_points.txt
[1.864s] writing requirements to modelrobot3r_pkg_ga.egg-info/requires.txt
[1.864s] writing top-level names to modelrobot3r_pkg_ga.egg-info/top_level.txt
[1.866s] reading manifest file 'modelrobot3r_pkg_ga.egg-info/SOURCES.txt'
[1.867s] writing manifest file 'modelrobot3r_pkg_ga.egg-info/SOURCES.txt'
[1.868s] running build_ext
[1.870s] Creating /home/ivan/ros2_ws_2402/install/modelrobot3r_pkg_ga/lib/python3.10/site-packages/modelrobot3r-pkg-ga.egg-link (link to .)
[1.870s] 
[1.870s] Installed /home/ivan/ros2_ws_2402/build/modelrobot3r_pkg_ga
[1.870s] running symlink_data
[1.870s] creating /home/ivan/ros2_ws_2402/install/modelrobot3r_pkg_ga/share/modelrobot3r_pkg_ga/meshes
[1.870s] symbolically linking /home/ivan/ros2_ws_2402/build/modelrobot3r_pkg_ga/meshes/base.stl -> /home/ivan/ros2_ws_2402/install/modelrobot3r_pkg_ga/share/modelrobot3r_pkg_ga/meshes
[1.917s] Invoked command in '/home/ivan/ros2_ws_2402/build/modelrobot3r_pkg_ga' returned '0': PYTHONPATH=/home/ivan/ros2_ws_2402/build/modelrobot3r_pkg_ga/prefix_override:/usr/lib/python3/dist-packages/colcon_core/task/python/colcon_distutils_commands:/home/ivan/ros2_ws_2402/install/modelrobot3r_pkg_ga/lib/python3.10/site-packages:${PYTHONPATH} /usr/bin/python3 -W ignore:setup.py install is deprecated setup.py develop --editable --build-directory /home/ivan/ros2_ws_2402/build/modelrobot3r_pkg_ga/build --no-deps symlink_data
