[1.303s] Invoking command in '/home/ivan/ros2_ws_2402/build/modelrobot_pkg_ga': PYTHONPATH=/home/ivan/ros2_ws_2402/build/modelrobot_pkg_ga/prefix_override:/usr/lib/python3/dist-packages/colcon_core/task/python/colcon_distutils_commands:/home/ivan/ros2_ws_2402/install/modelrobot_pkg_ga/lib/python3.10/site-packages:${PYTHONPATH} /usr/bin/python3 -W ignore:setup.py install is deprecated setup.py develop --editable --build-directory /home/ivan/ros2_ws_2402/build/modelrobot_pkg_ga/build --no-deps symlink_data
[1.696s] running develop
[1.697s] /home/ivan/.local/lib/python3.10/site-packages/setuptools/command/easy_install.py:156: EasyInstallDeprecationWarning: easy_install command is deprecated. Use build and pip and other standards-based tools.
[1.697s]   warnings.warn(
[1.908s] running egg_info
[1.908s] creating modelrobot_pkg_ga.egg-info
[1.908s] writing modelrobot_pkg_ga.egg-info/PKG-INFO
[1.908s] writing dependency_links to modelrobot_pkg_ga.egg-info/dependency_links.txt
[1.908s] writing entry points to modelrobot_pkg_ga.egg-info/entry_points.txt
[1.908s] writing requirements to modelrobot_pkg_ga.egg-info/requires.txt
[1.908s] writing top-level names to modelrobot_pkg_ga.egg-info/top_level.txt
[1.908s] writing manifest file 'modelrobot_pkg_ga.egg-info/SOURCES.txt'
[1.909s] reading manifest file 'modelrobot_pkg_ga.egg-info/SOURCES.txt'
[1.909s] writing manifest file 'modelrobot_pkg_ga.egg-info/SOURCES.txt'
[1.911s] running build_ext
[1.911s] Creating /home/ivan/ros2_ws_2402/install/modelrobot_pkg_ga/lib/python3.10/site-packages/modelrobot-pkg-ga.egg-link (link to .)
[1.912s] 
[1.913s] Installed /home/ivan/ros2_ws_2402/build/modelrobot_pkg_ga
[1.913s] running symlink_data
[1.913s] creating /home/ivan/ros2_ws_2402/install/modelrobot_pkg_ga/share/ament_index
[1.913s] creating /home/ivan/ros2_ws_2402/install/modelrobot_pkg_ga/share/ament_index/resource_index
[1.913s] creating /home/ivan/ros2_ws_2402/install/modelrobot_pkg_ga/share/ament_index/resource_index/packages
[1.913s] symbolically linking /home/ivan/ros2_ws_2402/build/modelrobot_pkg_ga/resource/modelrobot_pkg_ga -> /home/ivan/ros2_ws_2402/install/modelrobot_pkg_ga/share/ament_index/resource_index/packages
[1.913s] symbolically linking /home/ivan/ros2_ws_2402/build/modelrobot_pkg_ga/package.xml -> /home/ivan/ros2_ws_2402/install/modelrobot_pkg_ga/share/modelrobot_pkg_ga
[1.944s] Invoked command in '/home/ivan/ros2_ws_2402/build/modelrobot_pkg_ga' returned '0': PYTHONPATH=/home/ivan/ros2_ws_2402/build/modelrobot_pkg_ga/prefix_override:/usr/lib/python3/dist-packages/colcon_core/task/python/colcon_distutils_commands:/home/ivan/ros2_ws_2402/install/modelrobot_pkg_ga/lib/python3.10/site-packages:${PYTHONPATH} /usr/bin/python3 -W ignore:setup.py install is deprecated setup.py develop --editable --build-directory /home/ivan/ros2_ws_2402/build/modelrobot_pkg_ga/build --no-deps symlink_data
