running develop
running egg_info
creating modelrobot3r_pkg_ga.egg-info
writing modelrobot3r_pkg_ga.egg-info/PKG-INFO
writing dependency_links to modelrobot3r_pkg_ga.egg-info/dependency_links.txt
writing entry points to modelrobot3r_pkg_ga.egg-info/entry_points.txt
writing requirements to modelrobot3r_pkg_ga.egg-info/requires.txt
writing top-level names to modelrobot3r_pkg_ga.egg-info/top_level.txt
writing manifest file 'modelrobot3r_pkg_ga.egg-info/SOURCES.txt'
reading manifest file 'modelrobot3r_pkg_ga.egg-info/SOURCES.txt'
writing manifest file 'modelrobot3r_pkg_ga.egg-info/SOURCES.txt'
running build_ext
Creating /home/ivan/ros2_ws_2402/install/modelrobot3r_pkg_ga/lib/python3.10/site-packages/modelrobot3r-pkg-ga.egg-link (link to .)

Installed /home/ivan/ros2_ws_2402/build/modelrobot3r_pkg_ga
running symlink_data
creating /home/ivan/ros2_ws_2402/install/modelrobot3r_pkg_ga/share/ament_index
creating /home/ivan/ros2_ws_2402/install/modelrobot3r_pkg_ga/share/ament_index/resource_index
creating /home/ivan/ros2_ws_2402/install/modelrobot3r_pkg_ga/share/ament_index/resource_index/packages
symbolically linking /home/ivan/ros2_ws_2402/build/modelrobot3r_pkg_ga/resource/modelrobot3r_pkg_ga -> /home/ivan/ros2_ws_2402/install/modelrobot3r_pkg_ga/share/ament_index/resource_index/packages
symbolically linking /home/ivan/ros2_ws_2402/build/modelrobot3r_pkg_ga/package.xml -> /home/ivan/ros2_ws_2402/install/modelrobot3r_pkg_ga/share/modelrobot3r_pkg_ga
creating /home/ivan/ros2_ws_2402/install/modelrobot3r_pkg_ga/share/modelrobot3r_pkg_ga/launch
symbolically linking /home/ivan/ros2_ws_2402/build/modelrobot3r_pkg_ga/launch/robot_launch_ga.launch.py -> /home/ivan/ros2_ws_2402/install/modelrobot3r_pkg_ga/share/modelrobot3r_pkg_ga/launch
creating /home/ivan/ros2_ws_2402/install/modelrobot3r_pkg_ga/share/modelrobot3r_pkg_ga/model
symbolically linking /home/ivan/ros2_ws_2402/build/modelrobot3r_pkg_ga/model/robot_3r_ga.urdf.xacro -> /home/ivan/ros2_ws_2402/install/modelrobot3r_pkg_ga/share/modelrobot3r_pkg_ga/model
