[1.338s] Invoking command in '/home/ivan/ros2_ws_2402/build/modelrobot3r_pkg_ga': PYTHONPATH=/home/ivan/ros2_ws_2402/build/modelrobot3r_pkg_ga/prefix_override:/usr/lib/python3/dist-packages/colcon_core/task/python/colcon_distutils_commands:/home/ivan/ros2_ws_2402/install/modelrobot3r_pkg_ga/lib/python3.10/site-packages:${PYTHONPATH} /usr/bin/python3 -W ignore:setup.py install is deprecated setup.py develop --editable --build-directory /home/ivan/ros2_ws_2402/build/modelrobot3r_pkg_ga/build --no-deps symlink_data
[1.634s] running develop
[1.634s] /home/ivan/.local/lib/python3.10/site-packages/setuptools/command/easy_install.py:156: EasyInstallDeprecationWarning: easy_install command is deprecated. Use build and pip and other standards-based tools.
[1.634s]   warnings.warn(
[1.845s] running egg_info
[1.845s] creating modelrobot3r_pkg_ga.egg-info
[1.846s] writing modelrobot3r_pkg_ga.egg-info/PKG-INFO
[1.846s] writing dependency_links to modelrobot3r_pkg_ga.egg-info/dependency_links.txt
[1.846s] writing entry points to modelrobot3r_pkg_ga.egg-info/entry_points.txt
[1.847s] writing requirements to modelrobot3r_pkg_ga.egg-info/requires.txt
[1.847s] writing top-level names to modelrobot3r_pkg_ga.egg-info/top_level.txt
[1.847s] writing manifest file 'modelrobot3r_pkg_ga.egg-info/SOURCES.txt'
[1.849s] reading manifest file 'modelrobot3r_pkg_ga.egg-info/SOURCES.txt'
[1.849s] writing manifest file 'modelrobot3r_pkg_ga.egg-info/SOURCES.txt'
[1.851s] running build_ext
[1.851s] Creating /home/ivan/ros2_ws_2402/install/modelrobot3r_pkg_ga/lib/python3.10/site-packages/modelrobot3r-pkg-ga.egg-link (link to .)
[1.852s] 
[1.852s] Installed /home/ivan/ros2_ws_2402/build/modelrobot3r_pkg_ga
[1.853s] running symlink_data
[1.853s] creating /home/ivan/ros2_ws_2402/install/modelrobot3r_pkg_ga/share/ament_index
[1.853s] creating /home/ivan/ros2_ws_2402/install/modelrobot3r_pkg_ga/share/ament_index/resource_index
[1.853s] creating /home/ivan/ros2_ws_2402/install/modelrobot3r_pkg_ga/share/ament_index/resource_index/packages
[1.853s] symbolically linking /home/ivan/ros2_ws_2402/build/modelrobot3r_pkg_ga/resource/modelrobot3r_pkg_ga -> /home/ivan/ros2_ws_2402/install/modelrobot3r_pkg_ga/share/ament_index/resource_index/packages
[1.853s] symbolically linking /home/ivan/ros2_ws_2402/build/modelrobot3r_pkg_ga/package.xml -> /home/ivan/ros2_ws_2402/install/modelrobot3r_pkg_ga/share/modelrobot3r_pkg_ga
[1.853s] creating /home/ivan/ros2_ws_2402/install/modelrobot3r_pkg_ga/share/modelrobot3r_pkg_ga/launch
[1.853s] symbolically linking /home/ivan/ros2_ws_2402/build/modelrobot3r_pkg_ga/launch/robot_launch_ga.launch.py -> /home/ivan/ros2_ws_2402/install/modelrobot3r_pkg_ga/share/modelrobot3r_pkg_ga/launch
[1.854s] creating /home/ivan/ros2_ws_2402/install/modelrobot3r_pkg_ga/share/modelrobot3r_pkg_ga/model
[1.854s] symbolically linking /home/ivan/ros2_ws_2402/build/modelrobot3r_pkg_ga/model/robot_3r_ga.urdf.xacro -> /home/ivan/ros2_ws_2402/install/modelrobot3r_pkg_ga/share/modelrobot3r_pkg_ga/model
[1.889s] Invoked command in '/home/ivan/ros2_ws_2402/build/modelrobot3r_pkg_ga' returned '0': PYTHONPATH=/home/ivan/ros2_ws_2402/build/modelrobot3r_pkg_ga/prefix_override:/usr/lib/python3/dist-packages/colcon_core/task/python/colcon_distutils_commands:/home/ivan/ros2_ws_2402/install/modelrobot3r_pkg_ga/lib/python3.10/site-packages:${PYTHONPATH} /usr/bin/python3 -W ignore:setup.py install is deprecated setup.py develop --editable --build-directory /home/ivan/ros2_ws_2402/build/modelrobot3r_pkg_ga/build --no-deps symlink_data
