[1.720s] Invoking command in '/home/ivan/ros2_ws_2402/src/build/modelrobot3r_pkg_ga': PYTHONPATH=/home/ivan/ros2_ws_2402/src/build/modelrobot3r_pkg_ga/prefix_override:/usr/lib/python3/dist-packages/colcon_core/task/python/colcon_distutils_commands:/home/ivan/ros2_ws_2402/src/install/modelrobot3r_pkg_ga/lib/python3.10/site-packages:${PYTHONPATH} /usr/bin/python3 -W ignore:setup.py install is deprecated setup.py develop --editable --build-directory /home/ivan/ros2_ws_2402/src/build/modelrobot3r_pkg_ga/build --no-deps symlink_data
[2.058s] running develop
[2.059s] /home/ivan/.local/lib/python3.10/site-packages/setuptools/command/easy_install.py:156: EasyInstallDeprecationWarning: easy_install command is deprecated. Use build and pip and other standards-based tools.
[2.059s]   warnings.warn(
[2.253s] running egg_info
[2.253s] writing modelrobot3r_pkg_ga.egg-info/PKG-INFO
[2.253s] writing dependency_links to modelrobot3r_pkg_ga.egg-info/dependency_links.txt
[2.253s] writing entry points to modelrobot3r_pkg_ga.egg-info/entry_points.txt
[2.253s] writing requirements to modelrobot3r_pkg_ga.egg-info/requires.txt
[2.253s] writing top-level names to modelrobot3r_pkg_ga.egg-info/top_level.txt
[2.256s] reading manifest file 'modelrobot3r_pkg_ga.egg-info/SOURCES.txt'
[2.258s] writing manifest file 'modelrobot3r_pkg_ga.egg-info/SOURCES.txt'
[2.262s] running build_ext
[2.263s] Creating /home/ivan/ros2_ws_2402/src/install/modelrobot3r_pkg_ga/lib/python3.10/site-packages/modelrobot3r-pkg-ga.egg-link (link to .)
[2.264s] 
[2.264s] Installed /home/ivan/ros2_ws_2402/src/build/modelrobot3r_pkg_ga
[2.265s] running symlink_data
[2.265s] creating /home/ivan/ros2_ws_2402/src/install/modelrobot3r_pkg_ga/share/modelrobot3r_pkg_ga/launch
[2.266s] symbolically linking /home/ivan/ros2_ws_2402/src/build/modelrobot3r_pkg_ga/launch/robot_launch_ga.launch.py -> /home/ivan/ros2_ws_2402/src/install/modelrobot3r_pkg_ga/share/modelrobot3r_pkg_ga/launch
[2.266s] creating /home/ivan/ros2_ws_2402/src/install/modelrobot3r_pkg_ga/share/modelrobot3r_pkg_ga/model
[2.266s] symbolically linking /home/ivan/ros2_ws_2402/src/build/modelrobot3r_pkg_ga/model/robot_3r_ga.urdf.xacro -> /home/ivan/ros2_ws_2402/src/install/modelrobot3r_pkg_ga/share/modelrobot3r_pkg_ga/model
[2.314s] Invoked command in '/home/ivan/ros2_ws_2402/src/build/modelrobot3r_pkg_ga' returned '0': PYTHONPATH=/home/ivan/ros2_ws_2402/src/build/modelrobot3r_pkg_ga/prefix_override:/usr/lib/python3/dist-packages/colcon_core/task/python/colcon_distutils_commands:/home/ivan/ros2_ws_2402/src/install/modelrobot3r_pkg_ga/lib/python3.10/site-packages:${PYTHONPATH} /usr/bin/python3 -W ignore:setup.py install is deprecated setup.py develop --editable --build-directory /home/ivan/ros2_ws_2402/src/build/modelrobot3r_pkg_ga/build --no-deps symlink_data
