running develop
running egg_info
creating twist2tf2_pkg_g01.egg-info
writing twist2tf2_pkg_g01.egg-info/PKG-INFO
writing dependency_links to twist2tf2_pkg_g01.egg-info/dependency_links.txt
writing entry points to twist2tf2_pkg_g01.egg-info/entry_points.txt
writing requirements to twist2tf2_pkg_g01.egg-info/requires.txt
writing top-level names to twist2tf2_pkg_g01.egg-info/top_level.txt
writing manifest file 'twist2tf2_pkg_g01.egg-info/SOURCES.txt'
reading manifest file 'twist2tf2_pkg_g01.egg-info/SOURCES.txt'
writing manifest file 'twist2tf2_pkg_g01.egg-info/SOURCES.txt'
running build_ext
Creating /home/ivan/ros2_ws_2402/install/twist2tf2_pkg_g01/lib/python3.10/site-packages/twist2tf2-pkg-g01.egg-link (link to .)

Installed /home/ivan/ros2_ws_2402/build/twist2tf2_pkg_g01
running symlink_data
creating /home/ivan/ros2_ws_2402/install/twist2tf2_pkg_g01/share/ament_index
creating /home/ivan/ros2_ws_2402/install/twist2tf2_pkg_g01/share/ament_index/resource_index
creating /home/ivan/ros2_ws_2402/install/twist2tf2_pkg_g01/share/ament_index/resource_index/packages
symbolically linking /home/ivan/ros2_ws_2402/build/twist2tf2_pkg_g01/resource/twist2tf2_pkg_g01 -> /home/ivan/ros2_ws_2402/install/twist2tf2_pkg_g01/share/ament_index/resource_index/packages
symbolically linking /home/ivan/ros2_ws_2402/build/twist2tf2_pkg_g01/package.xml -> /home/ivan/ros2_ws_2402/install/twist2tf2_pkg_g01/share/twist2tf2_pkg_g01
