running develop
/home/ivan/.local/lib/python3.10/site-packages/setuptools/command/easy_install.py:156: EasyInstallDeprecationWarning: easy_install command is deprecated. Use build and pip and other standards-based tools.
  warnings.warn(
running egg_info
creating turtle_move_pkg_ga.egg-info
writing turtle_move_pkg_ga.egg-info/PKG-INFO
writing dependency_links to turtle_move_pkg_ga.egg-info/dependency_links.txt
writing entry points to turtle_move_pkg_ga.egg-info/entry_points.txt
writing requirements to turtle_move_pkg_ga.egg-info/requires.txt
writing top-level names to turtle_move_pkg_ga.egg-info/top_level.txt
writing manifest file 'turtle_move_pkg_ga.egg-info/SOURCES.txt'
reading manifest file 'turtle_move_pkg_ga.egg-info/SOURCES.txt'
writing manifest file 'turtle_move_pkg_ga.egg-info/SOURCES.txt'
running build_ext
Creating /home/ivan/ros2_ws_2402/install/turtle_move_pkg_ga/lib/python3.10/site-packages/turtle-move-pkg-ga.egg-link (link to .)

Installed /home/ivan/ros2_ws_2402/build/turtle_move_pkg_ga
running symlink_data
creating /home/ivan/ros2_ws_2402/install/turtle_move_pkg_ga/share/ament_index
creating /home/ivan/ros2_ws_2402/install/turtle_move_pkg_ga/share/ament_index/resource_index
creating /home/ivan/ros2_ws_2402/install/turtle_move_pkg_ga/share/ament_index/resource_index/packages
symbolically linking /home/ivan/ros2_ws_2402/build/turtle_move_pkg_ga/resource/turtle_move_pkg_ga -> /home/ivan/ros2_ws_2402/install/turtle_move_pkg_ga/share/ament_index/resource_index/packages
symbolically linking /home/ivan/ros2_ws_2402/build/turtle_move_pkg_ga/package.xml -> /home/ivan/ros2_ws_2402/install/turtle_move_pkg_ga/share/turtle_move_pkg_ga
