[0.489s] Invoking command in '/home/ivan/ros2_ws_2402/build/turtle_move_pkg_ga': PYTHONPATH=/home/ivan/ros2_ws_2402/build/turtle_move_pkg_ga/prefix_override:/usr/lib/python3/dist-packages/colcon_core/task/python/colcon_distutils_commands:/home/ivan/ros2_ws_2402/install/turtle_move_pkg_ga/lib/python3.10/site-packages:${PYTHONPATH} /usr/bin/python3 -W ignore:setup.py install is deprecated setup.py develop --editable --build-directory /home/ivan/ros2_ws_2402/build/turtle_move_pkg_ga/build --no-deps symlink_data
[0.703s] running develop
[0.703s] /home/ivan/.local/lib/python3.10/site-packages/setuptools/command/easy_install.py:156: EasyInstallDeprecationWarning: easy_install command is deprecated. Use build and pip and other standards-based tools.
[0.703s]   warnings.warn(
[0.825s] running egg_info
[0.825s] creating turtle_move_pkg_ga.egg-info
[0.825s] writing turtle_move_pkg_ga.egg-info/PKG-INFO
[0.825s] writing dependency_links to turtle_move_pkg_ga.egg-info/dependency_links.txt
[0.825s] writing entry points to turtle_move_pkg_ga.egg-info/entry_points.txt
[0.826s] writing requirements to turtle_move_pkg_ga.egg-info/requires.txt
[0.826s] writing top-level names to turtle_move_pkg_ga.egg-info/top_level.txt
[0.826s] writing manifest file 'turtle_move_pkg_ga.egg-info/SOURCES.txt'
[0.827s] reading manifest file 'turtle_move_pkg_ga.egg-info/SOURCES.txt'
[0.828s] writing manifest file 'turtle_move_pkg_ga.egg-info/SOURCES.txt'
[0.829s] running build_ext
[0.829s] Creating /home/ivan/ros2_ws_2402/install/turtle_move_pkg_ga/lib/python3.10/site-packages/turtle-move-pkg-ga.egg-link (link to .)
[0.831s] 
[0.831s] Installed /home/ivan/ros2_ws_2402/build/turtle_move_pkg_ga
[0.831s] running symlink_data
[0.831s] creating /home/ivan/ros2_ws_2402/install/turtle_move_pkg_ga/share/ament_index
[0.831s] creating /home/ivan/ros2_ws_2402/install/turtle_move_pkg_ga/share/ament_index/resource_index
[0.831s] creating /home/ivan/ros2_ws_2402/install/turtle_move_pkg_ga/share/ament_index/resource_index/packages
[0.831s] symbolically linking /home/ivan/ros2_ws_2402/build/turtle_move_pkg_ga/resource/turtle_move_pkg_ga -> /home/ivan/ros2_ws_2402/install/turtle_move_pkg_ga/share/ament_index/resource_index/packages
[0.831s] symbolically linking /home/ivan/ros2_ws_2402/build/turtle_move_pkg_ga/package.xml -> /home/ivan/ros2_ws_2402/install/turtle_move_pkg_ga/share/turtle_move_pkg_ga
[0.854s] Invoked command in '/home/ivan/ros2_ws_2402/build/turtle_move_pkg_ga' returned '0': PYTHONPATH=/home/ivan/ros2_ws_2402/build/turtle_move_pkg_ga/prefix_override:/usr/lib/python3/dist-packages/colcon_core/task/python/colcon_distutils_commands:/home/ivan/ros2_ws_2402/install/turtle_move_pkg_ga/lib/python3.10/site-packages:${PYTHONPATH} /usr/bin/python3 -W ignore:setup.py install is deprecated setup.py develop --editable --build-directory /home/ivan/ros2_ws_2402/build/turtle_move_pkg_ga/build --no-deps symlink_data
