[0.118s] DEBUG:colcon:Command line arguments: ['/usr/bin/colcon', 'build', '--symlink-install']
[0.118s] DEBUG:colcon:Parsed command line arguments: Namespace(log_base=None, log_level=None, verb_name='build', build_base='build', install_base='install', merge_install=False, symlink_install=True, test_result_base=None, continue_on_error=False, executor='parallel', parallel_workers=4, event_handlers=None, ignore_user_meta=False, metas=['./colcon.meta'], base_paths=['.'], packages_ignore=None, packages_ignore_regex=None, paths=None, packages_up_to=None, packages_up_to_regex=None, packages_above=None, packages_above_and_dependencies=None, packages_above_depth=None, packages_select_by_dep=None, packages_skip_by_dep=None, packages_skip_up_to=None, packages_select_build_failed=False, packages_skip_build_finished=False, packages_select_test_failures=False, packages_skip_test_passed=False, packages_select=None, packages_skip=None, packages_select_regex=None, packages_skip_regex=None, packages_start=None, packages_end=None, allow_overriding=[], cmake_args=None, cmake_target=None, cmake_target_skip_unavailable=False, cmake_clean_cache=False, cmake_clean_first=False, cmake_force_configure=False, ament_cmake_args=None, catkin_cmake_args=None, catkin_skip_building_tests=False, verb_parser=<colcon_defaults.argument_parser.defaults.DefaultArgumentsDecorator object at 0x75eceac2ce20>, verb_extension=<colcon_core.verb.build.BuildVerb object at 0x75eceac2c8b0>, main=<bound method BuildVerb.main of <colcon_core.verb.build.BuildVerb object at 0x75eceac2c8b0>>)
[0.317s] Level 1:colcon.colcon_core.package_discovery:discover_packages(colcon_meta) check parameters
[0.317s] Level 1:colcon.colcon_core.package_discovery:discover_packages(recursive) check parameters
[0.317s] Level 1:colcon.colcon_core.package_discovery:discover_packages(ignore) check parameters
[0.317s] Level 1:colcon.colcon_core.package_discovery:discover_packages(path) check parameters
[0.317s] Level 1:colcon.colcon_core.package_discovery:discover_packages(colcon_meta) discover
[0.317s] Level 1:colcon.colcon_core.package_discovery:discover_packages(recursive) discover
[0.317s] INFO:colcon.colcon_core.package_discovery:Crawling recursively for packages in '/home/ivan/ros2_ws_2402'
[0.317s] Level 1:colcon.colcon_core.package_identification:_identify(.) by extensions ['ignore', 'ignore_ament_install']
[0.317s] Level 1:colcon.colcon_core.package_identification:_identify(.) by extension 'ignore'
[0.317s] Level 1:colcon.colcon_core.package_identification:_identify(.) by extension 'ignore_ament_install'
[0.317s] Level 1:colcon.colcon_core.package_identification:_identify(.) by extensions ['colcon_pkg']
[0.317s] Level 1:colcon.colcon_core.package_identification:_identify(.) by extension 'colcon_pkg'
[0.317s] Level 1:colcon.colcon_core.package_identification:_identify(.) by extensions ['colcon_meta']
[0.318s] Level 1:colcon.colcon_core.package_identification:_identify(.) by extension 'colcon_meta'
[0.318s] Level 1:colcon.colcon_core.package_identification:_identify(.) by extensions ['ros']
[0.318s] Level 1:colcon.colcon_core.package_identification:_identify(.) by extension 'ros'
[0.357s] Level 1:colcon.colcon_core.package_identification:_identify(.) by extensions ['cmake', 'python']
[0.357s] Level 1:colcon.colcon_core.package_identification:_identify(.) by extension 'cmake'
[0.357s] Level 1:colcon.colcon_core.package_identification:_identify(.) by extension 'python'
[0.357s] Level 1:colcon.colcon_core.package_identification:_identify(.) by extensions ['python_setup_py']
[0.357s] Level 1:colcon.colcon_core.package_identification:_identify(.) by extension 'python_setup_py'
[0.358s] Level 1:colcon.colcon_core.package_identification:_identify(build) by extensions ['ignore', 'ignore_ament_install']
[0.358s] Level 1:colcon.colcon_core.package_identification:_identify(build) by extension 'ignore'
[0.358s] Level 1:colcon.colcon_core.package_identification:_identify(build) ignored
[0.358s] Level 1:colcon.colcon_core.package_identification:_identify(install) by extensions ['ignore', 'ignore_ament_install']
[0.359s] Level 1:colcon.colcon_core.package_identification:_identify(install) by extension 'ignore'
[0.359s] Level 1:colcon.colcon_core.package_identification:_identify(install) ignored
[0.359s] Level 1:colcon.colcon_core.package_identification:_identify(log) by extensions ['ignore', 'ignore_ament_install']
[0.359s] Level 1:colcon.colcon_core.package_identification:_identify(log) by extension 'ignore'
[0.359s] Level 1:colcon.colcon_core.package_identification:_identify(log) ignored
[0.359s] Level 1:colcon.colcon_core.package_identification:_identify(src) by extensions ['ignore', 'ignore_ament_install']
[0.359s] Level 1:colcon.colcon_core.package_identification:_identify(src) by extension 'ignore'
[0.359s] Level 1:colcon.colcon_core.package_identification:_identify(src) by extension 'ignore_ament_install'
[0.360s] Level 1:colcon.colcon_core.package_identification:_identify(src) by extensions ['colcon_pkg']
[0.360s] Level 1:colcon.colcon_core.package_identification:_identify(src) by extension 'colcon_pkg'
[0.360s] Level 1:colcon.colcon_core.package_identification:_identify(src) by extensions ['colcon_meta']
[0.360s] Level 1:colcon.colcon_core.package_identification:_identify(src) by extension 'colcon_meta'
[0.360s] Level 1:colcon.colcon_core.package_identification:_identify(src) by extensions ['ros']
[0.360s] Level 1:colcon.colcon_core.package_identification:_identify(src) by extension 'ros'
[0.360s] Level 1:colcon.colcon_core.package_identification:_identify(src) by extensions ['cmake', 'python']
[0.360s] Level 1:colcon.colcon_core.package_identification:_identify(src) by extension 'cmake'
[0.360s] Level 1:colcon.colcon_core.package_identification:_identify(src) by extension 'python'
[0.360s] Level 1:colcon.colcon_core.package_identification:_identify(src) by extensions ['python_setup_py']
[0.360s] Level 1:colcon.colcon_core.package_identification:_identify(src) by extension 'python_setup_py'
[0.360s] Level 1:colcon.colcon_core.package_identification:_identify(src/build) by extensions ['ignore', 'ignore_ament_install']
[0.360s] Level 1:colcon.colcon_core.package_identification:_identify(src/build) by extension 'ignore'
[0.360s] Level 1:colcon.colcon_core.package_identification:_identify(src/build) ignored
[0.360s] Level 1:colcon.colcon_core.package_identification:_identify(src/install) by extensions ['ignore', 'ignore_ament_install']
[0.361s] Level 1:colcon.colcon_core.package_identification:_identify(src/install) by extension 'ignore'
[0.361s] Level 1:colcon.colcon_core.package_identification:_identify(src/install) ignored
[0.361s] Level 1:colcon.colcon_core.package_identification:_identify(src/launch_pkg_ga) by extensions ['ignore', 'ignore_ament_install']
[0.361s] Level 1:colcon.colcon_core.package_identification:_identify(src/launch_pkg_ga) by extension 'ignore'
[0.361s] Level 1:colcon.colcon_core.package_identification:_identify(src/launch_pkg_ga) by extension 'ignore_ament_install'
[0.361s] Level 1:colcon.colcon_core.package_identification:_identify(src/launch_pkg_ga) by extensions ['colcon_pkg']
[0.361s] Level 1:colcon.colcon_core.package_identification:_identify(src/launch_pkg_ga) by extension 'colcon_pkg'
[0.361s] Level 1:colcon.colcon_core.package_identification:_identify(src/launch_pkg_ga) by extensions ['colcon_meta']
[0.361s] Level 1:colcon.colcon_core.package_identification:_identify(src/launch_pkg_ga) by extension 'colcon_meta'
[0.361s] Level 1:colcon.colcon_core.package_identification:_identify(src/launch_pkg_ga) by extensions ['ros']
[0.361s] Level 1:colcon.colcon_core.package_identification:_identify(src/launch_pkg_ga) by extension 'ros'
[0.364s] DEBUG:colcon.colcon_core.package_identification:Package 'src/launch_pkg_ga' with type 'ros.ament_python' and name 'launch_pkg_ga'
[0.364s] Level 1:colcon.colcon_core.package_identification:_identify(src/log) by extensions ['ignore', 'ignore_ament_install']
[0.364s] Level 1:colcon.colcon_core.package_identification:_identify(src/log) by extension 'ignore'
[0.365s] Level 1:colcon.colcon_core.package_identification:_identify(src/log) ignored
[0.365s] Level 1:colcon.colcon_core.package_identification:_identify(src/modelrobot3r_pkg_ga) by extensions ['ignore', 'ignore_ament_install']
[0.365s] Level 1:colcon.colcon_core.package_identification:_identify(src/modelrobot3r_pkg_ga) by extension 'ignore'
[0.365s] Level 1:colcon.colcon_core.package_identification:_identify(src/modelrobot3r_pkg_ga) by extension 'ignore_ament_install'
[0.365s] Level 1:colcon.colcon_core.package_identification:_identify(src/modelrobot3r_pkg_ga) by extensions ['colcon_pkg']
[0.365s] Level 1:colcon.colcon_core.package_identification:_identify(src/modelrobot3r_pkg_ga) by extension 'colcon_pkg'
[0.365s] Level 1:colcon.colcon_core.package_identification:_identify(src/modelrobot3r_pkg_ga) by extensions ['colcon_meta']
[0.365s] Level 1:colcon.colcon_core.package_identification:_identify(src/modelrobot3r_pkg_ga) by extension 'colcon_meta'
[0.365s] Level 1:colcon.colcon_core.package_identification:_identify(src/modelrobot3r_pkg_ga) by extensions ['ros']
[0.365s] Level 1:colcon.colcon_core.package_identification:_identify(src/modelrobot3r_pkg_ga) by extension 'ros'
[0.366s] DEBUG:colcon.colcon_core.package_identification:Package 'src/modelrobot3r_pkg_ga' with type 'ros.ament_python' and name 'modelrobot3r_pkg_ga'
[0.367s] Level 1:colcon.colcon_core.package_identification:_identify(src/modelrobot_pkg_ga) by extensions ['ignore', 'ignore_ament_install']
[0.367s] Level 1:colcon.colcon_core.package_identification:_identify(src/modelrobot_pkg_ga) by extension 'ignore'
[0.367s] Level 1:colcon.colcon_core.package_identification:_identify(src/modelrobot_pkg_ga) by extension 'ignore_ament_install'
[0.367s] Level 1:colcon.colcon_core.package_identification:_identify(src/modelrobot_pkg_ga) by extensions ['colcon_pkg']
[0.367s] Level 1:colcon.colcon_core.package_identification:_identify(src/modelrobot_pkg_ga) by extension 'colcon_pkg'
[0.367s] Level 1:colcon.colcon_core.package_identification:_identify(src/modelrobot_pkg_ga) by extensions ['colcon_meta']
[0.367s] Level 1:colcon.colcon_core.package_identification:_identify(src/modelrobot_pkg_ga) by extension 'colcon_meta'
[0.368s] Level 1:colcon.colcon_core.package_identification:_identify(src/modelrobot_pkg_ga) by extensions ['ros']
[0.368s] Level 1:colcon.colcon_core.package_identification:_identify(src/modelrobot_pkg_ga) by extension 'ros'
[0.369s] DEBUG:colcon.colcon_core.package_identification:Package 'src/modelrobot_pkg_ga' with type 'ros.ament_python' and name 'modelrobot_pkg_ga'
[0.369s] Level 1:colcon.colcon_core.package_identification:_identify(src/temp) by extensions ['ignore', 'ignore_ament_install']
[0.369s] Level 1:colcon.colcon_core.package_identification:_identify(src/temp) by extension 'ignore'
[0.369s] Level 1:colcon.colcon_core.package_identification:_identify(src/temp) by extension 'ignore_ament_install'
[0.369s] Level 1:colcon.colcon_core.package_identification:_identify(src/temp) by extensions ['colcon_pkg']
[0.369s] Level 1:colcon.colcon_core.package_identification:_identify(src/temp) by extension 'colcon_pkg'
[0.369s] Level 1:colcon.colcon_core.package_identification:_identify(src/temp) by extensions ['colcon_meta']
[0.369s] Level 1:colcon.colcon_core.package_identification:_identify(src/temp) by extension 'colcon_meta'
[0.370s] Level 1:colcon.colcon_core.package_identification:_identify(src/temp) by extensions ['ros']
[0.370s] Level 1:colcon.colcon_core.package_identification:_identify(src/temp) by extension 'ros'
[0.370s] Level 1:colcon.colcon_core.package_identification:_identify(src/temp) by extensions ['cmake', 'python']
[0.370s] Level 1:colcon.colcon_core.package_identification:_identify(src/temp) by extension 'cmake'
[0.370s] Level 1:colcon.colcon_core.package_identification:_identify(src/temp) by extension 'python'
[0.370s] Level 1:colcon.colcon_core.package_identification:_identify(src/temp) by extensions ['python_setup_py']
[0.370s] Level 1:colcon.colcon_core.package_identification:_identify(src/temp) by extension 'python_setup_py'
[0.370s] Level 1:colcon.colcon_core.package_identification:_identify(src/turtle_move_pkg_ga) by extensions ['ignore', 'ignore_ament_install']
[0.371s] Level 1:colcon.colcon_core.package_identification:_identify(src/turtle_move_pkg_ga) by extension 'ignore'
[0.371s] Level 1:colcon.colcon_core.package_identification:_identify(src/turtle_move_pkg_ga) by extension 'ignore_ament_install'
[0.371s] Level 1:colcon.colcon_core.package_identification:_identify(src/turtle_move_pkg_ga) by extensions ['colcon_pkg']
[0.371s] Level 1:colcon.colcon_core.package_identification:_identify(src/turtle_move_pkg_ga) by extension 'colcon_pkg'
[0.371s] Level 1:colcon.colcon_core.package_identification:_identify(src/turtle_move_pkg_ga) by extensions ['colcon_meta']
[0.371s] Level 1:colcon.colcon_core.package_identification:_identify(src/turtle_move_pkg_ga) by extension 'colcon_meta'
[0.371s] Level 1:colcon.colcon_core.package_identification:_identify(src/turtle_move_pkg_ga) by extensions ['ros']
[0.371s] Level 1:colcon.colcon_core.package_identification:_identify(src/turtle_move_pkg_ga) by extension 'ros'
[0.373s] DEBUG:colcon.colcon_core.package_identification:Package 'src/turtle_move_pkg_ga' with type 'ros.ament_python' and name 'turtle_move_pkg_ga'
[0.373s] Level 1:colcon.colcon_core.package_identification:_identify(src/twist2tf2_pkg_g01) by extensions ['ignore', 'ignore_ament_install']
[0.373s] Level 1:colcon.colcon_core.package_identification:_identify(src/twist2tf2_pkg_g01) by extension 'ignore'
[0.373s] Level 1:colcon.colcon_core.package_identification:_identify(src/twist2tf2_pkg_g01) by extension 'ignore_ament_install'
[0.373s] Level 1:colcon.colcon_core.package_identification:_identify(src/twist2tf2_pkg_g01) by extensions ['colcon_pkg']
[0.373s] Level 1:colcon.colcon_core.package_identification:_identify(src/twist2tf2_pkg_g01) by extension 'colcon_pkg'
[0.373s] Level 1:colcon.colcon_core.package_identification:_identify(src/twist2tf2_pkg_g01) by extensions ['colcon_meta']
[0.373s] Level 1:colcon.colcon_core.package_identification:_identify(src/twist2tf2_pkg_g01) by extension 'colcon_meta'
[0.374s] Level 1:colcon.colcon_core.package_identification:_identify(src/twist2tf2_pkg_g01) by extensions ['ros']
[0.374s] Level 1:colcon.colcon_core.package_identification:_identify(src/twist2tf2_pkg_g01) by extension 'ros'
[0.374s] DEBUG:colcon.colcon_core.package_identification:Package 'src/twist2tf2_pkg_g01' with type 'ros.ament_python' and name 'twist2tf2_pkg_g01'
[0.374s] Level 1:colcon.colcon_core.package_discovery:discover_packages(recursive) using defaults
[0.374s] Level 1:colcon.colcon_core.package_discovery:discover_packages(ignore) discover
[0.374s] Level 1:colcon.colcon_core.package_discovery:discover_packages(ignore) using defaults
[0.374s] Level 1:colcon.colcon_core.package_discovery:discover_packages(path) discover
[0.374s] Level 1:colcon.colcon_core.package_discovery:discover_packages(path) using defaults
[0.397s] Level 1:colcon.colcon_core.package_discovery:discover_packages(prefix_path) check parameters
[0.397s] Level 1:colcon.colcon_core.package_discovery:discover_packages(prefix_path) discover
[0.399s] DEBUG:colcon.colcon_installed_package_information.package_discovery:Found 5 installed packages in /home/ivan/ros2_ws_2402/install
[0.401s] DEBUG:colcon.colcon_installed_package_information.package_discovery:Found 280 installed packages in /opt/ros/humble
[0.403s] Level 1:colcon.colcon_core.package_discovery:discover_packages(prefix_path) using defaults
[0.444s] Level 5:colcon.colcon_core.verb:set package 'launch_pkg_ga' build argument 'cmake_args' from command line to 'None'
[0.444s] Level 5:colcon.colcon_core.verb:set package 'launch_pkg_ga' build argument 'cmake_target' from command line to 'None'
[0.444s] Level 5:colcon.colcon_core.verb:set package 'launch_pkg_ga' build argument 'cmake_target_skip_unavailable' from command line to 'False'
[0.444s] Level 5:colcon.colcon_core.verb:set package 'launch_pkg_ga' build argument 'cmake_clean_cache' from command line to 'False'
[0.444s] Level 5:colcon.colcon_core.verb:set package 'launch_pkg_ga' build argument 'cmake_clean_first' from command line to 'False'
[0.444s] Level 5:colcon.colcon_core.verb:set package 'launch_pkg_ga' build argument 'cmake_force_configure' from command line to 'False'
[0.444s] Level 5:colcon.colcon_core.verb:set package 'launch_pkg_ga' build argument 'ament_cmake_args' from command line to 'None'
[0.444s] Level 5:colcon.colcon_core.verb:set package 'launch_pkg_ga' build argument 'catkin_cmake_args' from command line to 'None'
[0.444s] Level 5:colcon.colcon_core.verb:set package 'launch_pkg_ga' build argument 'catkin_skip_building_tests' from command line to 'False'
[0.444s] DEBUG:colcon.colcon_core.verb:Building package 'launch_pkg_ga' with the following arguments: {'ament_cmake_args': None, 'build_base': '/home/ivan/ros2_ws_2402/build/launch_pkg_ga', 'catkin_cmake_args': None, 'catkin_skip_building_tests': False, 'cmake_args': None, 'cmake_clean_cache': False, 'cmake_clean_first': False, 'cmake_force_configure': False, 'cmake_target': None, 'cmake_target_skip_unavailable': False, 'install_base': '/home/ivan/ros2_ws_2402/install/launch_pkg_ga', 'merge_install': False, 'path': '/home/ivan/ros2_ws_2402/src/launch_pkg_ga', 'symlink_install': True, 'test_result_base': None}
[0.445s] Level 5:colcon.colcon_core.verb:set package 'modelrobot3r_pkg_ga' build argument 'cmake_args' from command line to 'None'
[0.445s] Level 5:colcon.colcon_core.verb:set package 'modelrobot3r_pkg_ga' build argument 'cmake_target' from command line to 'None'
[0.445s] Level 5:colcon.colcon_core.verb:set package 'modelrobot3r_pkg_ga' build argument 'cmake_target_skip_unavailable' from command line to 'False'
[0.445s] Level 5:colcon.colcon_core.verb:set package 'modelrobot3r_pkg_ga' build argument 'cmake_clean_cache' from command line to 'False'
[0.445s] Level 5:colcon.colcon_core.verb:set package 'modelrobot3r_pkg_ga' build argument 'cmake_clean_first' from command line to 'False'
[0.445s] Level 5:colcon.colcon_core.verb:set package 'modelrobot3r_pkg_ga' build argument 'cmake_force_configure' from command line to 'False'
[0.445s] Level 5:colcon.colcon_core.verb:set package 'modelrobot3r_pkg_ga' build argument 'ament_cmake_args' from command line to 'None'
[0.445s] Level 5:colcon.colcon_core.verb:set package 'modelrobot3r_pkg_ga' build argument 'catkin_cmake_args' from command line to 'None'
[0.445s] Level 5:colcon.colcon_core.verb:set package 'modelrobot3r_pkg_ga' build argument 'catkin_skip_building_tests' from command line to 'False'
[0.445s] DEBUG:colcon.colcon_core.verb:Building package 'modelrobot3r_pkg_ga' with the following arguments: {'ament_cmake_args': None, 'build_base': '/home/ivan/ros2_ws_2402/build/modelrobot3r_pkg_ga', 'catkin_cmake_args': None, 'catkin_skip_building_tests': False, 'cmake_args': None, 'cmake_clean_cache': False, 'cmake_clean_first': False, 'cmake_force_configure': False, 'cmake_target': None, 'cmake_target_skip_unavailable': False, 'install_base': '/home/ivan/ros2_ws_2402/install/modelrobot3r_pkg_ga', 'merge_install': False, 'path': '/home/ivan/ros2_ws_2402/src/modelrobot3r_pkg_ga', 'symlink_install': True, 'test_result_base': None}
[0.446s] Level 5:colcon.colcon_core.verb:set package 'modelrobot_pkg_ga' build argument 'cmake_args' from command line to 'None'
[0.446s] Level 5:colcon.colcon_core.verb:set package 'modelrobot_pkg_ga' build argument 'cmake_target' from command line to 'None'
[0.446s] Level 5:colcon.colcon_core.verb:set package 'modelrobot_pkg_ga' build argument 'cmake_target_skip_unavailable' from command line to 'False'
[0.446s] Level 5:colcon.colcon_core.verb:set package 'modelrobot_pkg_ga' build argument 'cmake_clean_cache' from command line to 'False'
[0.446s] Level 5:colcon.colcon_core.verb:set package 'modelrobot_pkg_ga' build argument 'cmake_clean_first' from command line to 'False'
[0.446s] Level 5:colcon.colcon_core.verb:set package 'modelrobot_pkg_ga' build argument 'cmake_force_configure' from command line to 'False'
[0.446s] Level 5:colcon.colcon_core.verb:set package 'modelrobot_pkg_ga' build argument 'ament_cmake_args' from command line to 'None'
[0.446s] Level 5:colcon.colcon_core.verb:set package 'modelrobot_pkg_ga' build argument 'catkin_cmake_args' from command line to 'None'
[0.446s] Level 5:colcon.colcon_core.verb:set package 'modelrobot_pkg_ga' build argument 'catkin_skip_building_tests' from command line to 'False'
[0.446s] DEBUG:colcon.colcon_core.verb:Building package 'modelrobot_pkg_ga' with the following arguments: {'ament_cmake_args': None, 'build_base': '/home/ivan/ros2_ws_2402/build/modelrobot_pkg_ga', 'catkin_cmake_args': None, 'catkin_skip_building_tests': False, 'cmake_args': None, 'cmake_clean_cache': False, 'cmake_clean_first': False, 'cmake_force_configure': False, 'cmake_target': None, 'cmake_target_skip_unavailable': False, 'install_base': '/home/ivan/ros2_ws_2402/install/modelrobot_pkg_ga', 'merge_install': False, 'path': '/home/ivan/ros2_ws_2402/src/modelrobot_pkg_ga', 'symlink_install': True, 'test_result_base': None}
[0.446s] Level 5:colcon.colcon_core.verb:set package 'turtle_move_pkg_ga' build argument 'cmake_args' from command line to 'None'
[0.446s] Level 5:colcon.colcon_core.verb:set package 'turtle_move_pkg_ga' build argument 'cmake_target' from command line to 'None'
[0.446s] Level 5:colcon.colcon_core.verb:set package 'turtle_move_pkg_ga' build argument 'cmake_target_skip_unavailable' from command line to 'False'
[0.446s] Level 5:colcon.colcon_core.verb:set package 'turtle_move_pkg_ga' build argument 'cmake_clean_cache' from command line to 'False'
[0.446s] Level 5:colcon.colcon_core.verb:set package 'turtle_move_pkg_ga' build argument 'cmake_clean_first' from command line to 'False'
[0.446s] Level 5:colcon.colcon_core.verb:set package 'turtle_move_pkg_ga' build argument 'cmake_force_configure' from command line to 'False'
[0.446s] Level 5:colcon.colcon_core.verb:set package 'turtle_move_pkg_ga' build argument 'ament_cmake_args' from command line to 'None'
[0.446s] Level 5:colcon.colcon_core.verb:set package 'turtle_move_pkg_ga' build argument 'catkin_cmake_args' from command line to 'None'
[0.446s] Level 5:colcon.colcon_core.verb:set package 'turtle_move_pkg_ga' build argument 'catkin_skip_building_tests' from command line to 'False'
[0.446s] DEBUG:colcon.colcon_core.verb:Building package 'turtle_move_pkg_ga' with the following arguments: {'ament_cmake_args': None, 'build_base': '/home/ivan/ros2_ws_2402/build/turtle_move_pkg_ga', 'catkin_cmake_args': None, 'catkin_skip_building_tests': False, 'cmake_args': None, 'cmake_clean_cache': False, 'cmake_clean_first': False, 'cmake_force_configure': False, 'cmake_target': None, 'cmake_target_skip_unavailable': False, 'install_base': '/home/ivan/ros2_ws_2402/install/turtle_move_pkg_ga', 'merge_install': False, 'path': '/home/ivan/ros2_ws_2402/src/turtle_move_pkg_ga', 'symlink_install': True, 'test_result_base': None}
[0.447s] Level 5:colcon.colcon_core.verb:set package 'twist2tf2_pkg_g01' build argument 'cmake_args' from command line to 'None'
[0.447s] Level 5:colcon.colcon_core.verb:set package 'twist2tf2_pkg_g01' build argument 'cmake_target' from command line to 'None'
[0.447s] Level 5:colcon.colcon_core.verb:set package 'twist2tf2_pkg_g01' build argument 'cmake_target_skip_unavailable' from command line to 'False'
[0.447s] Level 5:colcon.colcon_core.verb:set package 'twist2tf2_pkg_g01' build argument 'cmake_clean_cache' from command line to 'False'
[0.447s] Level 5:colcon.colcon_core.verb:set package 'twist2tf2_pkg_g01' build argument 'cmake_clean_first' from command line to 'False'
[0.447s] Level 5:colcon.colcon_core.verb:set package 'twist2tf2_pkg_g01' build argument 'cmake_force_configure' from command line to 'False'
[0.447s] Level 5:colcon.colcon_core.verb:set package 'twist2tf2_pkg_g01' build argument 'ament_cmake_args' from command line to 'None'
[0.447s] Level 5:colcon.colcon_core.verb:set package 'twist2tf2_pkg_g01' build argument 'catkin_cmake_args' from command line to 'None'
[0.447s] Level 5:colcon.colcon_core.verb:set package 'twist2tf2_pkg_g01' build argument 'catkin_skip_building_tests' from command line to 'False'
[0.447s] DEBUG:colcon.colcon_core.verb:Building package 'twist2tf2_pkg_g01' with the following arguments: {'ament_cmake_args': None, 'build_base': '/home/ivan/ros2_ws_2402/build/twist2tf2_pkg_g01', 'catkin_cmake_args': None, 'catkin_skip_building_tests': False, 'cmake_args': None, 'cmake_clean_cache': False, 'cmake_clean_first': False, 'cmake_force_configure': False, 'cmake_target': None, 'cmake_target_skip_unavailable': False, 'install_base': '/home/ivan/ros2_ws_2402/install/twist2tf2_pkg_g01', 'merge_install': False, 'path': '/home/ivan/ros2_ws_2402/src/twist2tf2_pkg_g01', 'symlink_install': True, 'test_result_base': None}
[0.447s] INFO:colcon.colcon_core.executor:Executing jobs using 'parallel' executor
[0.448s] DEBUG:colcon.colcon_parallel_executor.executor.parallel:run_until_complete
[0.449s] INFO:colcon.colcon_ros.task.ament_python.build:Building ROS package in '/home/ivan/ros2_ws_2402/src/launch_pkg_ga' with build type 'ament_python'
[0.449s] Level 1:colcon.colcon_core.shell:create_environment_hook('launch_pkg_ga', 'ament_prefix_path')
[0.451s] INFO:colcon.colcon_core.plugin_system:Skipping extension 'colcon_core.shell.bat': Not used on non-Windows systems
[0.452s] INFO:colcon.colcon_core.shell:Creating environment hook '/home/ivan/ros2_ws_2402/install/launch_pkg_ga/share/launch_pkg_ga/hook/ament_prefix_path.ps1'
[0.452s] INFO:colcon.colcon_core.shell:Creating environment descriptor '/home/ivan/ros2_ws_2402/install/launch_pkg_ga/share/launch_pkg_ga/hook/ament_prefix_path.dsv'
[0.453s] INFO:colcon.colcon_core.shell:Creating environment hook '/home/ivan/ros2_ws_2402/install/launch_pkg_ga/share/launch_pkg_ga/hook/ament_prefix_path.sh'
[0.454s] INFO:colcon.colcon_core.shell:Skip shell extension 'powershell' for command environment: Not usable outside of PowerShell
[0.454s] DEBUG:colcon.colcon_core.shell:Skip shell extension 'dsv' for command environment
[0.457s] INFO:colcon.colcon_ros.task.ament_python.build:Building ROS package in '/home/ivan/ros2_ws_2402/src/modelrobot3r_pkg_ga' with build type 'ament_python'
[0.457s] Level 1:colcon.colcon_core.shell:create_environment_hook('modelrobot3r_pkg_ga', 'ament_prefix_path')
[0.458s] INFO:colcon.colcon_core.shell:Creating environment hook '/home/ivan/ros2_ws_2402/install/modelrobot3r_pkg_ga/share/modelrobot3r_pkg_ga/hook/ament_prefix_path.ps1'
[0.458s] INFO:colcon.colcon_core.shell:Creating environment descriptor '/home/ivan/ros2_ws_2402/install/modelrobot3r_pkg_ga/share/modelrobot3r_pkg_ga/hook/ament_prefix_path.dsv'
[0.459s] INFO:colcon.colcon_core.shell:Creating environment hook '/home/ivan/ros2_ws_2402/install/modelrobot3r_pkg_ga/share/modelrobot3r_pkg_ga/hook/ament_prefix_path.sh'
[0.460s] INFO:colcon.colcon_core.shell:Skip shell extension 'powershell' for command environment: Not usable outside of PowerShell
[0.460s] DEBUG:colcon.colcon_core.shell:Skip shell extension 'dsv' for command environment
[0.464s] INFO:colcon.colcon_ros.task.ament_python.build:Building ROS package in '/home/ivan/ros2_ws_2402/src/modelrobot_pkg_ga' with build type 'ament_python'
[0.464s] Level 1:colcon.colcon_core.shell:create_environment_hook('modelrobot_pkg_ga', 'ament_prefix_path')
[0.464s] INFO:colcon.colcon_core.shell:Creating environment hook '/home/ivan/ros2_ws_2402/install/modelrobot_pkg_ga/share/modelrobot_pkg_ga/hook/ament_prefix_path.ps1'
[0.465s] INFO:colcon.colcon_core.shell:Creating environment descriptor '/home/ivan/ros2_ws_2402/install/modelrobot_pkg_ga/share/modelrobot_pkg_ga/hook/ament_prefix_path.dsv'
[0.466s] INFO:colcon.colcon_core.shell:Creating environment hook '/home/ivan/ros2_ws_2402/install/modelrobot_pkg_ga/share/modelrobot_pkg_ga/hook/ament_prefix_path.sh'
[0.467s] INFO:colcon.colcon_core.shell:Skip shell extension 'powershell' for command environment: Not usable outside of PowerShell
[0.467s] DEBUG:colcon.colcon_core.shell:Skip shell extension 'dsv' for command environment
[0.472s] INFO:colcon.colcon_ros.task.ament_python.build:Building ROS package in '/home/ivan/ros2_ws_2402/src/turtle_move_pkg_ga' with build type 'ament_python'
[0.472s] Level 1:colcon.colcon_core.shell:create_environment_hook('turtle_move_pkg_ga', 'ament_prefix_path')
[0.472s] INFO:colcon.colcon_core.shell:Creating environment hook '/home/ivan/ros2_ws_2402/install/turtle_move_pkg_ga/share/turtle_move_pkg_ga/hook/ament_prefix_path.ps1'
[0.473s] INFO:colcon.colcon_core.shell:Creating environment descriptor '/home/ivan/ros2_ws_2402/install/turtle_move_pkg_ga/share/turtle_move_pkg_ga/hook/ament_prefix_path.dsv'
[0.474s] INFO:colcon.colcon_core.shell:Creating environment hook '/home/ivan/ros2_ws_2402/install/turtle_move_pkg_ga/share/turtle_move_pkg_ga/hook/ament_prefix_path.sh'
[0.474s] INFO:colcon.colcon_core.shell:Skip shell extension 'powershell' for command environment: Not usable outside of PowerShell
[0.474s] DEBUG:colcon.colcon_core.shell:Skip shell extension 'dsv' for command environment
[0.795s] INFO:colcon.colcon_core.task.python.build:Building Python package in '/home/ivan/ros2_ws_2402/src/launch_pkg_ga'
[0.796s] INFO:colcon.colcon_core.shell:Skip shell extension 'powershell' for command environment: Not usable outside of PowerShell
[0.796s] DEBUG:colcon.colcon_core.shell:Skip shell extension 'dsv' for command environment
[1.099s] INFO:colcon.colcon_core.task.python.build:Building Python package in '/home/ivan/ros2_ws_2402/src/modelrobot3r_pkg_ga'
[1.100s] INFO:colcon.colcon_core.shell:Skip shell extension 'powershell' for command environment: Not usable outside of PowerShell
[1.100s] DEBUG:colcon.colcon_core.shell:Skip shell extension 'dsv' for command environment
[1.405s] INFO:colcon.colcon_core.task.python.build:Building Python package in '/home/ivan/ros2_ws_2402/src/modelrobot_pkg_ga'
[1.405s] INFO:colcon.colcon_core.shell:Skip shell extension 'powershell' for command environment: Not usable outside of PowerShell
[1.405s] DEBUG:colcon.colcon_core.shell:Skip shell extension 'dsv' for command environment
[1.715s] INFO:colcon.colcon_core.task.python.build:Building Python package in '/home/ivan/ros2_ws_2402/src/turtle_move_pkg_ga'
[1.715s] INFO:colcon.colcon_core.shell:Skip shell extension 'powershell' for command environment: Not usable outside of PowerShell
[1.715s] DEBUG:colcon.colcon_core.shell:Skip shell extension 'dsv' for command environment
[2.253s] DEBUG:colcon.colcon_core.event_handler.log_command:Invoking command in '/home/ivan/ros2_ws_2402/build/modelrobot3r_pkg_ga': PYTHONPATH=/home/ivan/ros2_ws_2402/build/modelrobot3r_pkg_ga/prefix_override:/usr/lib/python3/dist-packages/colcon_core/task/python/colcon_distutils_commands:/home/ivan/ros2_ws_2402/install/modelrobot3r_pkg_ga/lib/python3.10/site-packages:${PYTHONPATH} /usr/bin/python3 -W ignore:setup.py install is deprecated setup.py develop --editable --build-directory /home/ivan/ros2_ws_2402/build/modelrobot3r_pkg_ga/build --no-deps symlink_data
[2.260s] DEBUG:colcon.colcon_core.event_handler.log_command:Invoking command in '/home/ivan/ros2_ws_2402/build/launch_pkg_ga': PYTHONPATH=/home/ivan/ros2_ws_2402/build/launch_pkg_ga/prefix_override:/usr/lib/python3/dist-packages/colcon_core/task/python/colcon_distutils_commands:/home/ivan/ros2_ws_2402/install/launch_pkg_ga/lib/python3.10/site-packages:${PYTHONPATH} /usr/bin/python3 -W ignore:setup.py install is deprecated setup.py develop --editable --build-directory /home/ivan/ros2_ws_2402/build/launch_pkg_ga/build --no-deps symlink_data
[2.266s] DEBUG:colcon.colcon_core.event_handler.log_command:Invoking command in '/home/ivan/ros2_ws_2402/build/turtle_move_pkg_ga': PYTHONPATH=/home/ivan/ros2_ws_2402/build/turtle_move_pkg_ga/prefix_override:/usr/lib/python3/dist-packages/colcon_core/task/python/colcon_distutils_commands:/home/ivan/ros2_ws_2402/install/turtle_move_pkg_ga/lib/python3.10/site-packages:${PYTHONPATH} /usr/bin/python3 -W ignore:setup.py install is deprecated setup.py develop --editable --build-directory /home/ivan/ros2_ws_2402/build/turtle_move_pkg_ga/build --no-deps symlink_data
[2.289s] DEBUG:colcon.colcon_core.event_handler.log_command:Invoking command in '/home/ivan/ros2_ws_2402/build/modelrobot_pkg_ga': PYTHONPATH=/home/ivan/ros2_ws_2402/build/modelrobot_pkg_ga/prefix_override:/usr/lib/python3/dist-packages/colcon_core/task/python/colcon_distutils_commands:/home/ivan/ros2_ws_2402/install/modelrobot_pkg_ga/lib/python3.10/site-packages:${PYTHONPATH} /usr/bin/python3 -W ignore:setup.py install is deprecated setup.py develop --editable --build-directory /home/ivan/ros2_ws_2402/build/modelrobot_pkg_ga/build --no-deps symlink_data
[2.875s] Level 1:colcon.colcon_core.shell:create_environment_hook('modelrobot3r_pkg_ga', 'pythonpath_develop')
[2.876s] INFO:colcon.colcon_core.shell:Creating environment hook '/home/ivan/ros2_ws_2402/build/modelrobot3r_pkg_ga/share/modelrobot3r_pkg_ga/hook/pythonpath_develop.ps1'
[2.876s] DEBUG:colcon.colcon_core.event_handler.log_command:Invoked command in '/home/ivan/ros2_ws_2402/build/modelrobot3r_pkg_ga' returned '0': PYTHONPATH=/home/ivan/ros2_ws_2402/build/modelrobot3r_pkg_ga/prefix_override:/usr/lib/python3/dist-packages/colcon_core/task/python/colcon_distutils_commands:/home/ivan/ros2_ws_2402/install/modelrobot3r_pkg_ga/lib/python3.10/site-packages:${PYTHONPATH} /usr/bin/python3 -W ignore:setup.py install is deprecated setup.py develop --editable --build-directory /home/ivan/ros2_ws_2402/build/modelrobot3r_pkg_ga/build --no-deps symlink_data
[2.877s] INFO:colcon.colcon_core.shell:Creating environment descriptor '/home/ivan/ros2_ws_2402/build/modelrobot3r_pkg_ga/share/modelrobot3r_pkg_ga/hook/pythonpath_develop.dsv'
[2.877s] INFO:colcon.colcon_core.shell:Creating environment hook '/home/ivan/ros2_ws_2402/build/modelrobot3r_pkg_ga/share/modelrobot3r_pkg_ga/hook/pythonpath_develop.sh'
[2.881s] Level 1:colcon.colcon_core.environment:checking '/home/ivan/ros2_ws_2402/install/modelrobot3r_pkg_ga' for CMake module files
[2.883s] Level 1:colcon.colcon_core.environment:checking '/home/ivan/ros2_ws_2402/install/modelrobot3r_pkg_ga' for CMake config files
[2.884s] Level 1:colcon.colcon_core.environment:checking '/home/ivan/ros2_ws_2402/install/modelrobot3r_pkg_ga/lib'
[2.885s] Level 1:colcon.colcon_core.environment:checking '/home/ivan/ros2_ws_2402/install/modelrobot3r_pkg_ga/bin'
[2.885s] Level 1:colcon.colcon_core.environment:checking '/home/ivan/ros2_ws_2402/install/modelrobot3r_pkg_ga/lib/pkgconfig/modelrobot3r_pkg_ga.pc'
[2.885s] Level 1:colcon.colcon_core.environment:checking '/home/ivan/ros2_ws_2402/install/modelrobot3r_pkg_ga/lib/python3.10/site-packages'
[2.885s] Level 1:colcon.colcon_core.shell:create_environment_hook('modelrobot3r_pkg_ga', 'pythonpath')
[2.886s] INFO:colcon.colcon_core.shell:Creating environment hook '/home/ivan/ros2_ws_2402/install/modelrobot3r_pkg_ga/share/modelrobot3r_pkg_ga/hook/pythonpath.ps1'
[2.887s] INFO:colcon.colcon_core.shell:Creating environment descriptor '/home/ivan/ros2_ws_2402/install/modelrobot3r_pkg_ga/share/modelrobot3r_pkg_ga/hook/pythonpath.dsv'
[2.888s] INFO:colcon.colcon_core.shell:Creating environment hook '/home/ivan/ros2_ws_2402/install/modelrobot3r_pkg_ga/share/modelrobot3r_pkg_ga/hook/pythonpath.sh'
[2.888s] Level 1:colcon.colcon_core.environment:checking '/home/ivan/ros2_ws_2402/install/modelrobot3r_pkg_ga/bin'
[2.890s] Level 1:colcon.colcon_core.environment:create_environment_scripts_only(modelrobot3r_pkg_ga)
[2.892s] INFO:colcon.colcon_core.shell:Creating package script '/home/ivan/ros2_ws_2402/install/modelrobot3r_pkg_ga/share/modelrobot3r_pkg_ga/package.ps1'
[2.893s] INFO:colcon.colcon_core.shell:Creating package descriptor '/home/ivan/ros2_ws_2402/install/modelrobot3r_pkg_ga/share/modelrobot3r_pkg_ga/package.dsv'
[2.897s] INFO:colcon.colcon_core.shell:Creating package script '/home/ivan/ros2_ws_2402/install/modelrobot3r_pkg_ga/share/modelrobot3r_pkg_ga/package.sh'
[2.901s] INFO:colcon.colcon_core.shell:Creating package script '/home/ivan/ros2_ws_2402/install/modelrobot3r_pkg_ga/share/modelrobot3r_pkg_ga/package.bash'
[2.902s] INFO:colcon.colcon_core.shell:Creating package script '/home/ivan/ros2_ws_2402/install/modelrobot3r_pkg_ga/share/modelrobot3r_pkg_ga/package.zsh'
[2.903s] Level 1:colcon.colcon_core.environment:create_file_with_runtime_dependencies(/home/ivan/ros2_ws_2402/install/modelrobot3r_pkg_ga/share/colcon-core/packages/modelrobot3r_pkg_ga)
[2.905s] INFO:colcon.colcon_ros.task.ament_python.build:Building ROS package in '/home/ivan/ros2_ws_2402/src/twist2tf2_pkg_g01' with build type 'ament_python'
[2.906s] Level 1:colcon.colcon_core.shell:create_environment_hook('twist2tf2_pkg_g01', 'ament_prefix_path')
[2.907s] INFO:colcon.colcon_core.shell:Creating environment hook '/home/ivan/ros2_ws_2402/install/twist2tf2_pkg_g01/share/twist2tf2_pkg_g01/hook/ament_prefix_path.ps1'
[2.908s] INFO:colcon.colcon_core.shell:Creating environment descriptor '/home/ivan/ros2_ws_2402/install/twist2tf2_pkg_g01/share/twist2tf2_pkg_g01/hook/ament_prefix_path.dsv'
[2.909s] INFO:colcon.colcon_core.shell:Creating environment hook '/home/ivan/ros2_ws_2402/install/twist2tf2_pkg_g01/share/twist2tf2_pkg_g01/hook/ament_prefix_path.sh'
[2.910s] INFO:colcon.colcon_core.shell:Skip shell extension 'powershell' for command environment: Not usable outside of PowerShell
[2.910s] DEBUG:colcon.colcon_core.shell:Skip shell extension 'dsv' for command environment
[2.916s] Level 1:colcon.colcon_core.shell:create_environment_hook('launch_pkg_ga', 'pythonpath_develop')
[2.917s] INFO:colcon.colcon_core.shell:Creating environment hook '/home/ivan/ros2_ws_2402/build/launch_pkg_ga/share/launch_pkg_ga/hook/pythonpath_develop.ps1'
[2.918s] INFO:colcon.colcon_core.shell:Creating environment descriptor '/home/ivan/ros2_ws_2402/build/launch_pkg_ga/share/launch_pkg_ga/hook/pythonpath_develop.dsv'
[2.918s] INFO:colcon.colcon_core.shell:Creating environment hook '/home/ivan/ros2_ws_2402/build/launch_pkg_ga/share/launch_pkg_ga/hook/pythonpath_develop.sh'
[2.919s] Level 1:colcon.colcon_core.environment:checking '/home/ivan/ros2_ws_2402/install/launch_pkg_ga' for CMake module files
[2.919s] Level 1:colcon.colcon_core.environment:checking '/home/ivan/ros2_ws_2402/install/launch_pkg_ga' for CMake config files
[2.921s] DEBUG:colcon.colcon_core.event_handler.log_command:Invoked command in '/home/ivan/ros2_ws_2402/build/launch_pkg_ga' returned '0': PYTHONPATH=/home/ivan/ros2_ws_2402/build/launch_pkg_ga/prefix_override:/usr/lib/python3/dist-packages/colcon_core/task/python/colcon_distutils_commands:/home/ivan/ros2_ws_2402/install/launch_pkg_ga/lib/python3.10/site-packages:${PYTHONPATH} /usr/bin/python3 -W ignore:setup.py install is deprecated setup.py develop --editable --build-directory /home/ivan/ros2_ws_2402/build/launch_pkg_ga/build --no-deps symlink_data
[2.921s] Level 1:colcon.colcon_core.environment:checking '/home/ivan/ros2_ws_2402/install/launch_pkg_ga/lib'
[2.921s] Level 1:colcon.colcon_core.environment:checking '/home/ivan/ros2_ws_2402/install/launch_pkg_ga/bin'
[2.921s] Level 1:colcon.colcon_core.environment:checking '/home/ivan/ros2_ws_2402/install/launch_pkg_ga/lib/pkgconfig/launch_pkg_ga.pc'
[2.922s] Level 1:colcon.colcon_core.environment:checking '/home/ivan/ros2_ws_2402/install/launch_pkg_ga/lib/python3.10/site-packages'
[2.922s] Level 1:colcon.colcon_core.shell:create_environment_hook('launch_pkg_ga', 'pythonpath')
[2.922s] INFO:colcon.colcon_core.shell:Creating environment hook '/home/ivan/ros2_ws_2402/install/launch_pkg_ga/share/launch_pkg_ga/hook/pythonpath.ps1'
[2.923s] INFO:colcon.colcon_core.shell:Creating environment descriptor '/home/ivan/ros2_ws_2402/install/launch_pkg_ga/share/launch_pkg_ga/hook/pythonpath.dsv'
[2.924s] INFO:colcon.colcon_core.shell:Creating environment hook '/home/ivan/ros2_ws_2402/install/launch_pkg_ga/share/launch_pkg_ga/hook/pythonpath.sh'
[2.925s] Level 1:colcon.colcon_core.environment:checking '/home/ivan/ros2_ws_2402/install/launch_pkg_ga/bin'
[2.925s] Level 1:colcon.colcon_core.environment:create_environment_scripts_only(launch_pkg_ga)
[2.925s] INFO:colcon.colcon_core.shell:Creating package script '/home/ivan/ros2_ws_2402/install/launch_pkg_ga/share/launch_pkg_ga/package.ps1'
[2.929s] INFO:colcon.colcon_core.shell:Creating package descriptor '/home/ivan/ros2_ws_2402/install/launch_pkg_ga/share/launch_pkg_ga/package.dsv'
[2.930s] INFO:colcon.colcon_core.shell:Creating package script '/home/ivan/ros2_ws_2402/install/launch_pkg_ga/share/launch_pkg_ga/package.sh'
[2.931s] INFO:colcon.colcon_core.shell:Creating package script '/home/ivan/ros2_ws_2402/install/launch_pkg_ga/share/launch_pkg_ga/package.bash'
[2.932s] INFO:colcon.colcon_core.shell:Creating package script '/home/ivan/ros2_ws_2402/install/launch_pkg_ga/share/launch_pkg_ga/package.zsh'
[2.933s] Level 1:colcon.colcon_core.environment:create_file_with_runtime_dependencies(/home/ivan/ros2_ws_2402/install/launch_pkg_ga/share/colcon-core/packages/launch_pkg_ga)
[3.234s] INFO:colcon.colcon_core.task.python.build:Building Python package in '/home/ivan/ros2_ws_2402/src/twist2tf2_pkg_g01'
[3.235s] INFO:colcon.colcon_core.shell:Skip shell extension 'powershell' for command environment: Not usable outside of PowerShell
[3.235s] DEBUG:colcon.colcon_core.shell:Skip shell extension 'dsv' for command environment
[3.238s] Level 1:colcon.colcon_core.shell:create_environment_hook('turtle_move_pkg_ga', 'pythonpath_develop')
[3.239s] INFO:colcon.colcon_core.shell:Creating environment hook '/home/ivan/ros2_ws_2402/build/turtle_move_pkg_ga/share/turtle_move_pkg_ga/hook/pythonpath_develop.ps1'
[3.240s] DEBUG:colcon.colcon_core.event_handler.log_command:Invoked command in '/home/ivan/ros2_ws_2402/build/turtle_move_pkg_ga' returned '0': PYTHONPATH=/home/ivan/ros2_ws_2402/build/turtle_move_pkg_ga/prefix_override:/usr/lib/python3/dist-packages/colcon_core/task/python/colcon_distutils_commands:/home/ivan/ros2_ws_2402/install/turtle_move_pkg_ga/lib/python3.10/site-packages:${PYTHONPATH} /usr/bin/python3 -W ignore:setup.py install is deprecated setup.py develop --editable --build-directory /home/ivan/ros2_ws_2402/build/turtle_move_pkg_ga/build --no-deps symlink_data
[3.240s] INFO:colcon.colcon_core.shell:Creating environment descriptor '/home/ivan/ros2_ws_2402/build/turtle_move_pkg_ga/share/turtle_move_pkg_ga/hook/pythonpath_develop.dsv'
[3.241s] INFO:colcon.colcon_core.shell:Creating environment hook '/home/ivan/ros2_ws_2402/build/turtle_move_pkg_ga/share/turtle_move_pkg_ga/hook/pythonpath_develop.sh'
[3.241s] Level 1:colcon.colcon_core.environment:checking '/home/ivan/ros2_ws_2402/install/turtle_move_pkg_ga' for CMake module files
[3.242s] Level 1:colcon.colcon_core.environment:checking '/home/ivan/ros2_ws_2402/install/turtle_move_pkg_ga' for CMake config files
[3.242s] Level 1:colcon.colcon_core.environment:checking '/home/ivan/ros2_ws_2402/install/turtle_move_pkg_ga/lib'
[3.242s] Level 1:colcon.colcon_core.environment:checking '/home/ivan/ros2_ws_2402/install/turtle_move_pkg_ga/bin'
[3.242s] Level 1:colcon.colcon_core.environment:checking '/home/ivan/ros2_ws_2402/install/turtle_move_pkg_ga/lib/pkgconfig/turtle_move_pkg_ga.pc'
[3.242s] Level 1:colcon.colcon_core.environment:checking '/home/ivan/ros2_ws_2402/install/turtle_move_pkg_ga/lib/python3.10/site-packages'
[3.242s] Level 1:colcon.colcon_core.shell:create_environment_hook('turtle_move_pkg_ga', 'pythonpath')
[3.243s] INFO:colcon.colcon_core.shell:Creating environment hook '/home/ivan/ros2_ws_2402/install/turtle_move_pkg_ga/share/turtle_move_pkg_ga/hook/pythonpath.ps1'
[3.243s] INFO:colcon.colcon_core.shell:Creating environment descriptor '/home/ivan/ros2_ws_2402/install/turtle_move_pkg_ga/share/turtle_move_pkg_ga/hook/pythonpath.dsv'
[3.243s] INFO:colcon.colcon_core.shell:Creating environment hook '/home/ivan/ros2_ws_2402/install/turtle_move_pkg_ga/share/turtle_move_pkg_ga/hook/pythonpath.sh'
[3.244s] Level 1:colcon.colcon_core.environment:checking '/home/ivan/ros2_ws_2402/install/turtle_move_pkg_ga/bin'
[3.244s] Level 1:colcon.colcon_core.environment:create_environment_scripts_only(turtle_move_pkg_ga)
[3.244s] INFO:colcon.colcon_core.shell:Creating package script '/home/ivan/ros2_ws_2402/install/turtle_move_pkg_ga/share/turtle_move_pkg_ga/package.ps1'
[3.245s] INFO:colcon.colcon_core.shell:Creating package descriptor '/home/ivan/ros2_ws_2402/install/turtle_move_pkg_ga/share/turtle_move_pkg_ga/package.dsv'
[3.245s] INFO:colcon.colcon_core.shell:Creating package script '/home/ivan/ros2_ws_2402/install/turtle_move_pkg_ga/share/turtle_move_pkg_ga/package.sh'
[3.246s] INFO:colcon.colcon_core.shell:Creating package script '/home/ivan/ros2_ws_2402/install/turtle_move_pkg_ga/share/turtle_move_pkg_ga/package.bash'
[3.246s] INFO:colcon.colcon_core.shell:Creating package script '/home/ivan/ros2_ws_2402/install/turtle_move_pkg_ga/share/turtle_move_pkg_ga/package.zsh'
[3.247s] Level 1:colcon.colcon_core.environment:create_file_with_runtime_dependencies(/home/ivan/ros2_ws_2402/install/turtle_move_pkg_ga/share/colcon-core/packages/turtle_move_pkg_ga)
[3.256s] Level 1:colcon.colcon_core.shell:create_environment_hook('modelrobot_pkg_ga', 'pythonpath_develop')
[3.256s] INFO:colcon.colcon_core.shell:Creating environment hook '/home/ivan/ros2_ws_2402/build/modelrobot_pkg_ga/share/modelrobot_pkg_ga/hook/pythonpath_develop.ps1'
[3.257s] DEBUG:colcon.colcon_core.event_handler.log_command:Invoked command in '/home/ivan/ros2_ws_2402/build/modelrobot_pkg_ga' returned '0': PYTHONPATH=/home/ivan/ros2_ws_2402/build/modelrobot_pkg_ga/prefix_override:/usr/lib/python3/dist-packages/colcon_core/task/python/colcon_distutils_commands:/home/ivan/ros2_ws_2402/install/modelrobot_pkg_ga/lib/python3.10/site-packages:${PYTHONPATH} /usr/bin/python3 -W ignore:setup.py install is deprecated setup.py develop --editable --build-directory /home/ivan/ros2_ws_2402/build/modelrobot_pkg_ga/build --no-deps symlink_data
[3.257s] INFO:colcon.colcon_core.shell:Creating environment descriptor '/home/ivan/ros2_ws_2402/build/modelrobot_pkg_ga/share/modelrobot_pkg_ga/hook/pythonpath_develop.dsv'
[3.257s] INFO:colcon.colcon_core.shell:Creating environment hook '/home/ivan/ros2_ws_2402/build/modelrobot_pkg_ga/share/modelrobot_pkg_ga/hook/pythonpath_develop.sh'
[3.258s] Level 1:colcon.colcon_core.environment:checking '/home/ivan/ros2_ws_2402/install/modelrobot_pkg_ga' for CMake module files
[3.259s] Level 1:colcon.colcon_core.environment:checking '/home/ivan/ros2_ws_2402/install/modelrobot_pkg_ga' for CMake config files
[3.259s] Level 1:colcon.colcon_core.environment:checking '/home/ivan/ros2_ws_2402/install/modelrobot_pkg_ga/lib'
[3.259s] Level 1:colcon.colcon_core.environment:checking '/home/ivan/ros2_ws_2402/install/modelrobot_pkg_ga/bin'
[3.259s] Level 1:colcon.colcon_core.environment:checking '/home/ivan/ros2_ws_2402/install/modelrobot_pkg_ga/lib/pkgconfig/modelrobot_pkg_ga.pc'
[3.260s] Level 1:colcon.colcon_core.environment:checking '/home/ivan/ros2_ws_2402/install/modelrobot_pkg_ga/lib/python3.10/site-packages'
[3.260s] Level 1:colcon.colcon_core.shell:create_environment_hook('modelrobot_pkg_ga', 'pythonpath')
[3.260s] INFO:colcon.colcon_core.shell:Creating environment hook '/home/ivan/ros2_ws_2402/install/modelrobot_pkg_ga/share/modelrobot_pkg_ga/hook/pythonpath.ps1'
[3.261s] INFO:colcon.colcon_core.shell:Creating environment descriptor '/home/ivan/ros2_ws_2402/install/modelrobot_pkg_ga/share/modelrobot_pkg_ga/hook/pythonpath.dsv'
[3.261s] INFO:colcon.colcon_core.shell:Creating environment hook '/home/ivan/ros2_ws_2402/install/modelrobot_pkg_ga/share/modelrobot_pkg_ga/hook/pythonpath.sh'
[3.262s] Level 1:colcon.colcon_core.environment:checking '/home/ivan/ros2_ws_2402/install/modelrobot_pkg_ga/bin'
[3.262s] Level 1:colcon.colcon_core.environment:create_environment_scripts_only(modelrobot_pkg_ga)
[3.265s] INFO:colcon.colcon_core.shell:Creating package script '/home/ivan/ros2_ws_2402/install/modelrobot_pkg_ga/share/modelrobot_pkg_ga/package.ps1'
[3.266s] INFO:colcon.colcon_core.shell:Creating package descriptor '/home/ivan/ros2_ws_2402/install/modelrobot_pkg_ga/share/modelrobot_pkg_ga/package.dsv'
[3.267s] INFO:colcon.colcon_core.shell:Creating package script '/home/ivan/ros2_ws_2402/install/modelrobot_pkg_ga/share/modelrobot_pkg_ga/package.sh'
[3.268s] INFO:colcon.colcon_core.shell:Creating package script '/home/ivan/ros2_ws_2402/install/modelrobot_pkg_ga/share/modelrobot_pkg_ga/package.bash'
[3.268s] INFO:colcon.colcon_core.shell:Creating package script '/home/ivan/ros2_ws_2402/install/modelrobot_pkg_ga/share/modelrobot_pkg_ga/package.zsh'
[3.268s] Level 1:colcon.colcon_core.environment:create_file_with_runtime_dependencies(/home/ivan/ros2_ws_2402/install/modelrobot_pkg_ga/share/colcon-core/packages/modelrobot_pkg_ga)
[3.619s] DEBUG:colcon.colcon_core.event_handler.log_command:Invoking command in '/home/ivan/ros2_ws_2402/build/twist2tf2_pkg_g01': PYTHONPATH=/home/ivan/ros2_ws_2402/build/twist2tf2_pkg_g01/prefix_override:/usr/lib/python3/dist-packages/colcon_core/task/python/colcon_distutils_commands:/home/ivan/ros2_ws_2402/install/twist2tf2_pkg_g01/lib/python3.10/site-packages:${PYTHONPATH} /usr/bin/python3 -W ignore:setup.py install is deprecated setup.py develop --editable --build-directory /home/ivan/ros2_ws_2402/build/twist2tf2_pkg_g01/build --no-deps symlink_data
[4.099s] Level 1:colcon.colcon_core.shell:create_environment_hook('twist2tf2_pkg_g01', 'pythonpath_develop')
[4.099s] INFO:colcon.colcon_core.shell:Creating environment hook '/home/ivan/ros2_ws_2402/build/twist2tf2_pkg_g01/share/twist2tf2_pkg_g01/hook/pythonpath_develop.ps1'
[4.100s] DEBUG:colcon.colcon_core.event_handler.log_command:Invoked command in '/home/ivan/ros2_ws_2402/build/twist2tf2_pkg_g01' returned '0': PYTHONPATH=/home/ivan/ros2_ws_2402/build/twist2tf2_pkg_g01/prefix_override:/usr/lib/python3/dist-packages/colcon_core/task/python/colcon_distutils_commands:/home/ivan/ros2_ws_2402/install/twist2tf2_pkg_g01/lib/python3.10/site-packages:${PYTHONPATH} /usr/bin/python3 -W ignore:setup.py install is deprecated setup.py develop --editable --build-directory /home/ivan/ros2_ws_2402/build/twist2tf2_pkg_g01/build --no-deps symlink_data
[4.100s] INFO:colcon.colcon_core.shell:Creating environment descriptor '/home/ivan/ros2_ws_2402/build/twist2tf2_pkg_g01/share/twist2tf2_pkg_g01/hook/pythonpath_develop.dsv'
[4.101s] INFO:colcon.colcon_core.shell:Creating environment hook '/home/ivan/ros2_ws_2402/build/twist2tf2_pkg_g01/share/twist2tf2_pkg_g01/hook/pythonpath_develop.sh'
[4.101s] Level 1:colcon.colcon_core.environment:checking '/home/ivan/ros2_ws_2402/install/twist2tf2_pkg_g01' for CMake module files
[4.102s] Level 1:colcon.colcon_core.environment:checking '/home/ivan/ros2_ws_2402/install/twist2tf2_pkg_g01' for CMake config files
[4.102s] Level 1:colcon.colcon_core.environment:checking '/home/ivan/ros2_ws_2402/install/twist2tf2_pkg_g01/lib'
[4.102s] Level 1:colcon.colcon_core.environment:checking '/home/ivan/ros2_ws_2402/install/twist2tf2_pkg_g01/bin'
[4.102s] Level 1:colcon.colcon_core.environment:checking '/home/ivan/ros2_ws_2402/install/twist2tf2_pkg_g01/lib/pkgconfig/twist2tf2_pkg_g01.pc'
[4.102s] Level 1:colcon.colcon_core.environment:checking '/home/ivan/ros2_ws_2402/install/twist2tf2_pkg_g01/lib/python3.10/site-packages'
[4.102s] Level 1:colcon.colcon_core.shell:create_environment_hook('twist2tf2_pkg_g01', 'pythonpath')
[4.102s] INFO:colcon.colcon_core.shell:Creating environment hook '/home/ivan/ros2_ws_2402/install/twist2tf2_pkg_g01/share/twist2tf2_pkg_g01/hook/pythonpath.ps1'
[4.103s] INFO:colcon.colcon_core.shell:Creating environment descriptor '/home/ivan/ros2_ws_2402/install/twist2tf2_pkg_g01/share/twist2tf2_pkg_g01/hook/pythonpath.dsv'
[4.103s] INFO:colcon.colcon_core.shell:Creating environment hook '/home/ivan/ros2_ws_2402/install/twist2tf2_pkg_g01/share/twist2tf2_pkg_g01/hook/pythonpath.sh'
[4.104s] Level 1:colcon.colcon_core.environment:checking '/home/ivan/ros2_ws_2402/install/twist2tf2_pkg_g01/bin'
[4.104s] Level 1:colcon.colcon_core.environment:create_environment_scripts_only(twist2tf2_pkg_g01)
[4.104s] INFO:colcon.colcon_core.shell:Creating package script '/home/ivan/ros2_ws_2402/install/twist2tf2_pkg_g01/share/twist2tf2_pkg_g01/package.ps1'
[4.105s] INFO:colcon.colcon_core.shell:Creating package descriptor '/home/ivan/ros2_ws_2402/install/twist2tf2_pkg_g01/share/twist2tf2_pkg_g01/package.dsv'
[4.105s] INFO:colcon.colcon_core.shell:Creating package script '/home/ivan/ros2_ws_2402/install/twist2tf2_pkg_g01/share/twist2tf2_pkg_g01/package.sh'
[4.106s] INFO:colcon.colcon_core.shell:Creating package script '/home/ivan/ros2_ws_2402/install/twist2tf2_pkg_g01/share/twist2tf2_pkg_g01/package.bash'
[4.106s] INFO:colcon.colcon_core.shell:Creating package script '/home/ivan/ros2_ws_2402/install/twist2tf2_pkg_g01/share/twist2tf2_pkg_g01/package.zsh'
[4.107s] Level 1:colcon.colcon_core.environment:create_file_with_runtime_dependencies(/home/ivan/ros2_ws_2402/install/twist2tf2_pkg_g01/share/colcon-core/packages/twist2tf2_pkg_g01)
[4.107s] DEBUG:colcon.colcon_parallel_executor.executor.parallel:closing loop
[4.107s] DEBUG:colcon.colcon_parallel_executor.executor.parallel:loop closed
[4.107s] DEBUG:colcon.colcon_parallel_executor.executor.parallel:run_until_complete finished with '0'
[4.107s] DEBUG:colcon.colcon_core.event_reactor:joining thread
[4.113s] INFO:colcon.colcon_core.plugin_system:Skipping extension 'colcon_notification.desktop_notification.terminal_notifier': Not used on non-Darwin systems
[4.113s] INFO:colcon.colcon_core.plugin_system:Skipping extension 'colcon_notification.desktop_notification.win32': Not used on non-Windows systems
[4.113s] INFO:colcon.colcon_notification.desktop_notification:Sending desktop notification using 'notify2'
[4.124s] DEBUG:colcon.colcon_core.event_reactor:joined thread
[4.124s] INFO:colcon.colcon_core.shell:Creating prefix script '/home/ivan/ros2_ws_2402/install/local_setup.ps1'
[4.125s] INFO:colcon.colcon_core.shell:Creating prefix util module '/home/ivan/ros2_ws_2402/install/_local_setup_util_ps1.py'
[4.126s] INFO:colcon.colcon_core.shell:Creating prefix chain script '/home/ivan/ros2_ws_2402/install/setup.ps1'
[4.128s] INFO:colcon.colcon_core.shell:Creating prefix script '/home/ivan/ros2_ws_2402/install/local_setup.sh'
[4.128s] INFO:colcon.colcon_core.shell:Creating prefix util module '/home/ivan/ros2_ws_2402/install/_local_setup_util_sh.py'
[4.129s] INFO:colcon.colcon_core.shell:Creating prefix chain script '/home/ivan/ros2_ws_2402/install/setup.sh'
[4.130s] INFO:colcon.colcon_core.shell:Creating prefix script '/home/ivan/ros2_ws_2402/install/local_setup.bash'
[4.131s] INFO:colcon.colcon_core.shell:Creating prefix chain script '/home/ivan/ros2_ws_2402/install/setup.bash'
[4.132s] INFO:colcon.colcon_core.shell:Creating prefix script '/home/ivan/ros2_ws_2402/install/local_setup.zsh'
[4.132s] INFO:colcon.colcon_core.shell:Creating prefix chain script '/home/ivan/ros2_ws_2402/install/setup.zsh'
