[0.086s] DEBUG:colcon:Command line arguments: ['/usr/bin/colcon', 'build', '--symlink-install']
[0.086s] DEBUG:colcon:Parsed command line arguments: Namespace(log_base=None, log_level=None, verb_name='build', build_base='build', install_base='install', merge_install=False, symlink_install=True, test_result_base=None, continue_on_error=False, executor='parallel', parallel_workers=4, event_handlers=None, ignore_user_meta=False, metas=['./colcon.meta'], base_paths=['.'], packages_ignore=None, packages_ignore_regex=None, paths=None, packages_up_to=None, packages_up_to_regex=None, packages_above=None, packages_above_and_dependencies=None, packages_above_depth=None, packages_select_by_dep=None, packages_skip_by_dep=None, packages_skip_up_to=None, packages_select_build_failed=False, packages_skip_build_finished=False, packages_select_test_failures=False, packages_skip_test_passed=False, packages_select=None, packages_skip=None, packages_select_regex=None, packages_skip_regex=None, packages_start=None, packages_end=None, allow_overriding=[], cmake_args=None, cmake_target=None, cmake_target_skip_unavailable=False, cmake_clean_cache=False, cmake_clean_first=False, cmake_force_configure=False, ament_cmake_args=None, catkin_cmake_args=None, catkin_skip_building_tests=False, verb_parser=<colcon_defaults.argument_parser.defaults.DefaultArgumentsDecorator object at 0x784a3b9245b0>, verb_extension=<colcon_core.verb.build.BuildVerb object at 0x784a3ba211e0>, main=<bound method BuildVerb.main of <colcon_core.verb.build.BuildVerb object at 0x784a3ba211e0>>)
[0.216s] Level 1:colcon.colcon_core.package_discovery:discover_packages(colcon_meta) check parameters
[0.216s] Level 1:colcon.colcon_core.package_discovery:discover_packages(recursive) check parameters
[0.216s] Level 1:colcon.colcon_core.package_discovery:discover_packages(ignore) check parameters
[0.216s] Level 1:colcon.colcon_core.package_discovery:discover_packages(path) check parameters
[0.216s] Level 1:colcon.colcon_core.package_discovery:discover_packages(colcon_meta) discover
[0.216s] Level 1:colcon.colcon_core.package_discovery:discover_packages(recursive) discover
[0.216s] INFO:colcon.colcon_core.package_discovery:Crawling recursively for packages in '/home/ivan/ros2_ws_2402'
[0.216s] Level 1:colcon.colcon_core.package_identification:_identify(.) by extensions ['ignore', 'ignore_ament_install']
[0.216s] Level 1:colcon.colcon_core.package_identification:_identify(.) by extension 'ignore'
[0.216s] Level 1:colcon.colcon_core.package_identification:_identify(.) by extension 'ignore_ament_install'
[0.216s] Level 1:colcon.colcon_core.package_identification:_identify(.) by extensions ['colcon_pkg']
[0.216s] Level 1:colcon.colcon_core.package_identification:_identify(.) by extension 'colcon_pkg'
[0.216s] Level 1:colcon.colcon_core.package_identification:_identify(.) by extensions ['colcon_meta']
[0.216s] Level 1:colcon.colcon_core.package_identification:_identify(.) by extension 'colcon_meta'
[0.216s] Level 1:colcon.colcon_core.package_identification:_identify(.) by extensions ['ros']
[0.217s] Level 1:colcon.colcon_core.package_identification:_identify(.) by extension 'ros'
[0.226s] Level 1:colcon.colcon_core.package_identification:_identify(.) by extensions ['cmake', 'python']
[0.226s] Level 1:colcon.colcon_core.package_identification:_identify(.) by extension 'cmake'
[0.226s] Level 1:colcon.colcon_core.package_identification:_identify(.) by extension 'python'
[0.226s] Level 1:colcon.colcon_core.package_identification:_identify(.) by extensions ['python_setup_py']
[0.226s] Level 1:colcon.colcon_core.package_identification:_identify(.) by extension 'python_setup_py'
[0.226s] Level 1:colcon.colcon_core.package_identification:_identify(build) by extensions ['ignore', 'ignore_ament_install']
[0.226s] Level 1:colcon.colcon_core.package_identification:_identify(build) by extension 'ignore'
[0.226s] Level 1:colcon.colcon_core.package_identification:_identify(build) ignored
[0.226s] Level 1:colcon.colcon_core.package_identification:_identify(install) by extensions ['ignore', 'ignore_ament_install']
[0.226s] Level 1:colcon.colcon_core.package_identification:_identify(install) by extension 'ignore'
[0.226s] Level 1:colcon.colcon_core.package_identification:_identify(install) ignored
[0.227s] Level 1:colcon.colcon_core.package_identification:_identify(log) by extensions ['ignore', 'ignore_ament_install']
[0.227s] Level 1:colcon.colcon_core.package_identification:_identify(log) by extension 'ignore'
[0.227s] Level 1:colcon.colcon_core.package_identification:_identify(log) ignored
[0.227s] Level 1:colcon.colcon_core.package_identification:_identify(src) by extensions ['ignore', 'ignore_ament_install']
[0.227s] Level 1:colcon.colcon_core.package_identification:_identify(src) by extension 'ignore'
[0.227s] Level 1:colcon.colcon_core.package_identification:_identify(src) by extension 'ignore_ament_install'
[0.227s] Level 1:colcon.colcon_core.package_identification:_identify(src) by extensions ['colcon_pkg']
[0.227s] Level 1:colcon.colcon_core.package_identification:_identify(src) by extension 'colcon_pkg'
[0.227s] Level 1:colcon.colcon_core.package_identification:_identify(src) by extensions ['colcon_meta']
[0.227s] Level 1:colcon.colcon_core.package_identification:_identify(src) by extension 'colcon_meta'
[0.227s] Level 1:colcon.colcon_core.package_identification:_identify(src) by extensions ['ros']
[0.227s] Level 1:colcon.colcon_core.package_identification:_identify(src) by extension 'ros'
[0.227s] Level 1:colcon.colcon_core.package_identification:_identify(src) by extensions ['cmake', 'python']
[0.227s] Level 1:colcon.colcon_core.package_identification:_identify(src) by extension 'cmake'
[0.227s] Level 1:colcon.colcon_core.package_identification:_identify(src) by extension 'python'
[0.227s] Level 1:colcon.colcon_core.package_identification:_identify(src) by extensions ['python_setup_py']
[0.227s] Level 1:colcon.colcon_core.package_identification:_identify(src) by extension 'python_setup_py'
[0.227s] Level 1:colcon.colcon_core.package_identification:_identify(src/build) by extensions ['ignore', 'ignore_ament_install']
[0.227s] Level 1:colcon.colcon_core.package_identification:_identify(src/build) by extension 'ignore'
[0.228s] Level 1:colcon.colcon_core.package_identification:_identify(src/build) ignored
[0.228s] Level 1:colcon.colcon_core.package_identification:_identify(src/install) by extensions ['ignore', 'ignore_ament_install']
[0.228s] Level 1:colcon.colcon_core.package_identification:_identify(src/install) by extension 'ignore'
[0.228s] Level 1:colcon.colcon_core.package_identification:_identify(src/install) ignored
[0.228s] Level 1:colcon.colcon_core.package_identification:_identify(src/launch_pkg_ga) by extensions ['ignore', 'ignore_ament_install']
[0.228s] Level 1:colcon.colcon_core.package_identification:_identify(src/launch_pkg_ga) by extension 'ignore'
[0.228s] Level 1:colcon.colcon_core.package_identification:_identify(src/launch_pkg_ga) by extension 'ignore_ament_install'
[0.228s] Level 1:colcon.colcon_core.package_identification:_identify(src/launch_pkg_ga) by extensions ['colcon_pkg']
[0.228s] Level 1:colcon.colcon_core.package_identification:_identify(src/launch_pkg_ga) by extension 'colcon_pkg'
[0.228s] Level 1:colcon.colcon_core.package_identification:_identify(src/launch_pkg_ga) by extensions ['colcon_meta']
[0.228s] Level 1:colcon.colcon_core.package_identification:_identify(src/launch_pkg_ga) by extension 'colcon_meta'
[0.228s] Level 1:colcon.colcon_core.package_identification:_identify(src/launch_pkg_ga) by extensions ['ros']
[0.228s] Level 1:colcon.colcon_core.package_identification:_identify(src/launch_pkg_ga) by extension 'ros'
[0.230s] DEBUG:colcon.colcon_core.package_identification:Package 'src/launch_pkg_ga' with type 'ros.ament_python' and name 'launch_pkg_ga'
[0.230s] Level 1:colcon.colcon_core.package_identification:_identify(src/log) by extensions ['ignore', 'ignore_ament_install']
[0.230s] Level 1:colcon.colcon_core.package_identification:_identify(src/log) by extension 'ignore'
[0.230s] Level 1:colcon.colcon_core.package_identification:_identify(src/log) ignored
[0.230s] Level 1:colcon.colcon_core.package_identification:_identify(src/modelrobot3r_pkg_ga) by extensions ['ignore', 'ignore_ament_install']
[0.230s] Level 1:colcon.colcon_core.package_identification:_identify(src/modelrobot3r_pkg_ga) by extension 'ignore'
[0.230s] Level 1:colcon.colcon_core.package_identification:_identify(src/modelrobot3r_pkg_ga) by extension 'ignore_ament_install'
[0.231s] Level 1:colcon.colcon_core.package_identification:_identify(src/modelrobot3r_pkg_ga) by extensions ['colcon_pkg']
[0.231s] Level 1:colcon.colcon_core.package_identification:_identify(src/modelrobot3r_pkg_ga) by extension 'colcon_pkg'
[0.231s] Level 1:colcon.colcon_core.package_identification:_identify(src/modelrobot3r_pkg_ga) by extensions ['colcon_meta']
[0.231s] Level 1:colcon.colcon_core.package_identification:_identify(src/modelrobot3r_pkg_ga) by extension 'colcon_meta'
[0.231s] Level 1:colcon.colcon_core.package_identification:_identify(src/modelrobot3r_pkg_ga) by extensions ['ros']
[0.231s] Level 1:colcon.colcon_core.package_identification:_identify(src/modelrobot3r_pkg_ga) by extension 'ros'
[0.231s] DEBUG:colcon.colcon_core.package_identification:Package 'src/modelrobot3r_pkg_ga' with type 'ros.ament_python' and name 'modelrobot3r_pkg_ga'
[0.231s] Level 1:colcon.colcon_core.package_identification:_identify(src/modelrobot_pkg_ga) by extensions ['ignore', 'ignore_ament_install']
[0.231s] Level 1:colcon.colcon_core.package_identification:_identify(src/modelrobot_pkg_ga) by extension 'ignore'
[0.231s] Level 1:colcon.colcon_core.package_identification:_identify(src/modelrobot_pkg_ga) by extension 'ignore_ament_install'
[0.231s] Level 1:colcon.colcon_core.package_identification:_identify(src/modelrobot_pkg_ga) by extensions ['colcon_pkg']
[0.231s] Level 1:colcon.colcon_core.package_identification:_identify(src/modelrobot_pkg_ga) by extension 'colcon_pkg'
[0.231s] Level 1:colcon.colcon_core.package_identification:_identify(src/modelrobot_pkg_ga) by extensions ['colcon_meta']
[0.231s] Level 1:colcon.colcon_core.package_identification:_identify(src/modelrobot_pkg_ga) by extension 'colcon_meta'
[0.231s] Level 1:colcon.colcon_core.package_identification:_identify(src/modelrobot_pkg_ga) by extensions ['ros']
[0.232s] Level 1:colcon.colcon_core.package_identification:_identify(src/modelrobot_pkg_ga) by extension 'ros'
[0.232s] DEBUG:colcon.colcon_core.package_identification:Package 'src/modelrobot_pkg_ga' with type 'ros.ament_python' and name 'modelrobot_pkg_ga'
[0.232s] Level 1:colcon.colcon_core.package_identification:_identify(src/temp) by extensions ['ignore', 'ignore_ament_install']
[0.232s] Level 1:colcon.colcon_core.package_identification:_identify(src/temp) by extension 'ignore'
[0.232s] Level 1:colcon.colcon_core.package_identification:_identify(src/temp) by extension 'ignore_ament_install'
[0.232s] Level 1:colcon.colcon_core.package_identification:_identify(src/temp) by extensions ['colcon_pkg']
[0.232s] Level 1:colcon.colcon_core.package_identification:_identify(src/temp) by extension 'colcon_pkg'
[0.232s] Level 1:colcon.colcon_core.package_identification:_identify(src/temp) by extensions ['colcon_meta']
[0.232s] Level 1:colcon.colcon_core.package_identification:_identify(src/temp) by extension 'colcon_meta'
[0.232s] Level 1:colcon.colcon_core.package_identification:_identify(src/temp) by extensions ['ros']
[0.232s] Level 1:colcon.colcon_core.package_identification:_identify(src/temp) by extension 'ros'
[0.233s] Level 1:colcon.colcon_core.package_identification:_identify(src/temp) by extensions ['cmake', 'python']
[0.233s] Level 1:colcon.colcon_core.package_identification:_identify(src/temp) by extension 'cmake'
[0.233s] Level 1:colcon.colcon_core.package_identification:_identify(src/temp) by extension 'python'
[0.233s] Level 1:colcon.colcon_core.package_identification:_identify(src/temp) by extensions ['python_setup_py']
[0.233s] Level 1:colcon.colcon_core.package_identification:_identify(src/temp) by extension 'python_setup_py'
[0.233s] Level 1:colcon.colcon_core.package_identification:_identify(src/turtle_move_pkg_ga) by extensions ['ignore', 'ignore_ament_install']
[0.233s] Level 1:colcon.colcon_core.package_identification:_identify(src/turtle_move_pkg_ga) by extension 'ignore'
[0.233s] Level 1:colcon.colcon_core.package_identification:_identify(src/turtle_move_pkg_ga) by extension 'ignore_ament_install'
[0.233s] Level 1:colcon.colcon_core.package_identification:_identify(src/turtle_move_pkg_ga) by extensions ['colcon_pkg']
[0.233s] Level 1:colcon.colcon_core.package_identification:_identify(src/turtle_move_pkg_ga) by extension 'colcon_pkg'
[0.233s] Level 1:colcon.colcon_core.package_identification:_identify(src/turtle_move_pkg_ga) by extensions ['colcon_meta']
[0.233s] Level 1:colcon.colcon_core.package_identification:_identify(src/turtle_move_pkg_ga) by extension 'colcon_meta'
[0.233s] Level 1:colcon.colcon_core.package_identification:_identify(src/turtle_move_pkg_ga) by extensions ['ros']
[0.233s] Level 1:colcon.colcon_core.package_identification:_identify(src/turtle_move_pkg_ga) by extension 'ros'
[0.234s] DEBUG:colcon.colcon_core.package_identification:Package 'src/turtle_move_pkg_ga' with type 'ros.ament_python' and name 'turtle_move_pkg_ga'
[0.234s] Level 1:colcon.colcon_core.package_discovery:discover_packages(recursive) using defaults
[0.234s] Level 1:colcon.colcon_core.package_discovery:discover_packages(ignore) discover
[0.234s] Level 1:colcon.colcon_core.package_discovery:discover_packages(ignore) using defaults
[0.234s] Level 1:colcon.colcon_core.package_discovery:discover_packages(path) discover
[0.234s] Level 1:colcon.colcon_core.package_discovery:discover_packages(path) using defaults
[0.250s] Level 1:colcon.colcon_core.package_discovery:discover_packages(prefix_path) check parameters
[0.250s] Level 1:colcon.colcon_core.package_discovery:discover_packages(prefix_path) discover
[0.252s] DEBUG:colcon.colcon_installed_package_information.package_discovery:Found 4 installed packages in /home/ivan/ros2_ws_2402/install
[0.253s] DEBUG:colcon.colcon_installed_package_information.package_discovery:Found 280 installed packages in /opt/ros/humble
[0.254s] Level 1:colcon.colcon_core.package_discovery:discover_packages(prefix_path) using defaults
[0.292s] Level 5:colcon.colcon_core.verb:set package 'launch_pkg_ga' build argument 'cmake_args' from command line to 'None'
[0.292s] Level 5:colcon.colcon_core.verb:set package 'launch_pkg_ga' build argument 'cmake_target' from command line to 'None'
[0.292s] Level 5:colcon.colcon_core.verb:set package 'launch_pkg_ga' build argument 'cmake_target_skip_unavailable' from command line to 'False'
[0.292s] Level 5:colcon.colcon_core.verb:set package 'launch_pkg_ga' build argument 'cmake_clean_cache' from command line to 'False'
[0.292s] Level 5:colcon.colcon_core.verb:set package 'launch_pkg_ga' build argument 'cmake_clean_first' from command line to 'False'
[0.292s] Level 5:colcon.colcon_core.verb:set package 'launch_pkg_ga' build argument 'cmake_force_configure' from command line to 'False'
[0.292s] Level 5:colcon.colcon_core.verb:set package 'launch_pkg_ga' build argument 'ament_cmake_args' from command line to 'None'
[0.292s] Level 5:colcon.colcon_core.verb:set package 'launch_pkg_ga' build argument 'catkin_cmake_args' from command line to 'None'
[0.292s] Level 5:colcon.colcon_core.verb:set package 'launch_pkg_ga' build argument 'catkin_skip_building_tests' from command line to 'False'
[0.292s] DEBUG:colcon.colcon_core.verb:Building package 'launch_pkg_ga' with the following arguments: {'ament_cmake_args': None, 'build_base': '/home/ivan/ros2_ws_2402/build/launch_pkg_ga', 'catkin_cmake_args': None, 'catkin_skip_building_tests': False, 'cmake_args': None, 'cmake_clean_cache': False, 'cmake_clean_first': False, 'cmake_force_configure': False, 'cmake_target': None, 'cmake_target_skip_unavailable': False, 'install_base': '/home/ivan/ros2_ws_2402/install/launch_pkg_ga', 'merge_install': False, 'path': '/home/ivan/ros2_ws_2402/src/launch_pkg_ga', 'symlink_install': True, 'test_result_base': None}
[0.293s] Level 5:colcon.colcon_core.verb:set package 'modelrobot3r_pkg_ga' build argument 'cmake_args' from command line to 'None'
[0.293s] Level 5:colcon.colcon_core.verb:set package 'modelrobot3r_pkg_ga' build argument 'cmake_target' from command line to 'None'
[0.293s] Level 5:colcon.colcon_core.verb:set package 'modelrobot3r_pkg_ga' build argument 'cmake_target_skip_unavailable' from command line to 'False'
[0.293s] Level 5:colcon.colcon_core.verb:set package 'modelrobot3r_pkg_ga' build argument 'cmake_clean_cache' from command line to 'False'
[0.293s] Level 5:colcon.colcon_core.verb:set package 'modelrobot3r_pkg_ga' build argument 'cmake_clean_first' from command line to 'False'
[0.293s] Level 5:colcon.colcon_core.verb:set package 'modelrobot3r_pkg_ga' build argument 'cmake_force_configure' from command line to 'False'
[0.293s] Level 5:colcon.colcon_core.verb:set package 'modelrobot3r_pkg_ga' build argument 'ament_cmake_args' from command line to 'None'
[0.293s] Level 5:colcon.colcon_core.verb:set package 'modelrobot3r_pkg_ga' build argument 'catkin_cmake_args' from command line to 'None'
[0.293s] Level 5:colcon.colcon_core.verb:set package 'modelrobot3r_pkg_ga' build argument 'catkin_skip_building_tests' from command line to 'False'
[0.293s] DEBUG:colcon.colcon_core.verb:Building package 'modelrobot3r_pkg_ga' with the following arguments: {'ament_cmake_args': None, 'build_base': '/home/ivan/ros2_ws_2402/build/modelrobot3r_pkg_ga', 'catkin_cmake_args': None, 'catkin_skip_building_tests': False, 'cmake_args': None, 'cmake_clean_cache': False, 'cmake_clean_first': False, 'cmake_force_configure': False, 'cmake_target': None, 'cmake_target_skip_unavailable': False, 'install_base': '/home/ivan/ros2_ws_2402/install/modelrobot3r_pkg_ga', 'merge_install': False, 'path': '/home/ivan/ros2_ws_2402/src/modelrobot3r_pkg_ga', 'symlink_install': True, 'test_result_base': None}
[0.293s] Level 5:colcon.colcon_core.verb:set package 'modelrobot_pkg_ga' build argument 'cmake_args' from command line to 'None'
[0.293s] Level 5:colcon.colcon_core.verb:set package 'modelrobot_pkg_ga' build argument 'cmake_target' from command line to 'None'
[0.293s] Level 5:colcon.colcon_core.verb:set package 'modelrobot_pkg_ga' build argument 'cmake_target_skip_unavailable' from command line to 'False'
[0.293s] Level 5:colcon.colcon_core.verb:set package 'modelrobot_pkg_ga' build argument 'cmake_clean_cache' from command line to 'False'
[0.293s] Level 5:colcon.colcon_core.verb:set package 'modelrobot_pkg_ga' build argument 'cmake_clean_first' from command line to 'False'
[0.293s] Level 5:colcon.colcon_core.verb:set package 'modelrobot_pkg_ga' build argument 'cmake_force_configure' from command line to 'False'
[0.293s] Level 5:colcon.colcon_core.verb:set package 'modelrobot_pkg_ga' build argument 'ament_cmake_args' from command line to 'None'
[0.293s] Level 5:colcon.colcon_core.verb:set package 'modelrobot_pkg_ga' build argument 'catkin_cmake_args' from command line to 'None'
[0.293s] Level 5:colcon.colcon_core.verb:set package 'modelrobot_pkg_ga' build argument 'catkin_skip_building_tests' from command line to 'False'
[0.293s] DEBUG:colcon.colcon_core.verb:Building package 'modelrobot_pkg_ga' with the following arguments: {'ament_cmake_args': None, 'build_base': '/home/ivan/ros2_ws_2402/build/modelrobot_pkg_ga', 'catkin_cmake_args': None, 'catkin_skip_building_tests': False, 'cmake_args': None, 'cmake_clean_cache': False, 'cmake_clean_first': False, 'cmake_force_configure': False, 'cmake_target': None, 'cmake_target_skip_unavailable': False, 'install_base': '/home/ivan/ros2_ws_2402/install/modelrobot_pkg_ga', 'merge_install': False, 'path': '/home/ivan/ros2_ws_2402/src/modelrobot_pkg_ga', 'symlink_install': True, 'test_result_base': None}
[0.294s] Level 5:colcon.colcon_core.verb:set package 'turtle_move_pkg_ga' build argument 'cmake_args' from command line to 'None'
[0.294s] Level 5:colcon.colcon_core.verb:set package 'turtle_move_pkg_ga' build argument 'cmake_target' from command line to 'None'
[0.294s] Level 5:colcon.colcon_core.verb:set package 'turtle_move_pkg_ga' build argument 'cmake_target_skip_unavailable' from command line to 'False'
[0.294s] Level 5:colcon.colcon_core.verb:set package 'turtle_move_pkg_ga' build argument 'cmake_clean_cache' from command line to 'False'
[0.294s] Level 5:colcon.colcon_core.verb:set package 'turtle_move_pkg_ga' build argument 'cmake_clean_first' from command line to 'False'
[0.294s] Level 5:colcon.colcon_core.verb:set package 'turtle_move_pkg_ga' build argument 'cmake_force_configure' from command line to 'False'
[0.294s] Level 5:colcon.colcon_core.verb:set package 'turtle_move_pkg_ga' build argument 'ament_cmake_args' from command line to 'None'
[0.294s] Level 5:colcon.colcon_core.verb:set package 'turtle_move_pkg_ga' build argument 'catkin_cmake_args' from command line to 'None'
[0.294s] Level 5:colcon.colcon_core.verb:set package 'turtle_move_pkg_ga' build argument 'catkin_skip_building_tests' from command line to 'False'
[0.294s] DEBUG:colcon.colcon_core.verb:Building package 'turtle_move_pkg_ga' with the following arguments: {'ament_cmake_args': None, 'build_base': '/home/ivan/ros2_ws_2402/build/turtle_move_pkg_ga', 'catkin_cmake_args': None, 'catkin_skip_building_tests': False, 'cmake_args': None, 'cmake_clean_cache': False, 'cmake_clean_first': False, 'cmake_force_configure': False, 'cmake_target': None, 'cmake_target_skip_unavailable': False, 'install_base': '/home/ivan/ros2_ws_2402/install/turtle_move_pkg_ga', 'merge_install': False, 'path': '/home/ivan/ros2_ws_2402/src/turtle_move_pkg_ga', 'symlink_install': True, 'test_result_base': None}
[0.294s] INFO:colcon.colcon_core.executor:Executing jobs using 'parallel' executor
[0.295s] DEBUG:colcon.colcon_parallel_executor.executor.parallel:run_until_complete
[0.295s] INFO:colcon.colcon_ros.task.ament_python.build:Building ROS package in '/home/ivan/ros2_ws_2402/src/launch_pkg_ga' with build type 'ament_python'
[0.295s] Level 1:colcon.colcon_core.shell:create_environment_hook('launch_pkg_ga', 'ament_prefix_path')
[0.297s] INFO:colcon.colcon_core.plugin_system:Skipping extension 'colcon_core.shell.bat': Not used on non-Windows systems
[0.297s] INFO:colcon.colcon_core.shell:Creating environment hook '/home/ivan/ros2_ws_2402/install/launch_pkg_ga/share/launch_pkg_ga/hook/ament_prefix_path.ps1'
[0.298s] INFO:colcon.colcon_core.shell:Creating environment descriptor '/home/ivan/ros2_ws_2402/install/launch_pkg_ga/share/launch_pkg_ga/hook/ament_prefix_path.dsv'
[0.298s] INFO:colcon.colcon_core.shell:Creating environment hook '/home/ivan/ros2_ws_2402/install/launch_pkg_ga/share/launch_pkg_ga/hook/ament_prefix_path.sh'
[0.299s] INFO:colcon.colcon_core.shell:Skip shell extension 'powershell' for command environment: Not usable outside of PowerShell
[0.299s] DEBUG:colcon.colcon_core.shell:Skip shell extension 'dsv' for command environment
[0.301s] INFO:colcon.colcon_ros.task.ament_python.build:Building ROS package in '/home/ivan/ros2_ws_2402/src/modelrobot3r_pkg_ga' with build type 'ament_python'
[0.301s] Level 1:colcon.colcon_core.shell:create_environment_hook('modelrobot3r_pkg_ga', 'ament_prefix_path')
[0.302s] INFO:colcon.colcon_core.shell:Creating environment hook '/home/ivan/ros2_ws_2402/install/modelrobot3r_pkg_ga/share/modelrobot3r_pkg_ga/hook/ament_prefix_path.ps1'
[0.302s] INFO:colcon.colcon_core.shell:Creating environment descriptor '/home/ivan/ros2_ws_2402/install/modelrobot3r_pkg_ga/share/modelrobot3r_pkg_ga/hook/ament_prefix_path.dsv'
[0.302s] INFO:colcon.colcon_core.shell:Creating environment hook '/home/ivan/ros2_ws_2402/install/modelrobot3r_pkg_ga/share/modelrobot3r_pkg_ga/hook/ament_prefix_path.sh'
[0.303s] INFO:colcon.colcon_core.shell:Skip shell extension 'powershell' for command environment: Not usable outside of PowerShell
[0.303s] DEBUG:colcon.colcon_core.shell:Skip shell extension 'dsv' for command environment
[0.305s] INFO:colcon.colcon_ros.task.ament_python.build:Building ROS package in '/home/ivan/ros2_ws_2402/src/modelrobot_pkg_ga' with build type 'ament_python'
[0.305s] Level 1:colcon.colcon_core.shell:create_environment_hook('modelrobot_pkg_ga', 'ament_prefix_path')
[0.305s] INFO:colcon.colcon_core.shell:Creating environment hook '/home/ivan/ros2_ws_2402/install/modelrobot_pkg_ga/share/modelrobot_pkg_ga/hook/ament_prefix_path.ps1'
[0.306s] INFO:colcon.colcon_core.shell:Creating environment descriptor '/home/ivan/ros2_ws_2402/install/modelrobot_pkg_ga/share/modelrobot_pkg_ga/hook/ament_prefix_path.dsv'
[0.306s] INFO:colcon.colcon_core.shell:Creating environment hook '/home/ivan/ros2_ws_2402/install/modelrobot_pkg_ga/share/modelrobot_pkg_ga/hook/ament_prefix_path.sh'
[0.307s] INFO:colcon.colcon_core.shell:Skip shell extension 'powershell' for command environment: Not usable outside of PowerShell
[0.307s] DEBUG:colcon.colcon_core.shell:Skip shell extension 'dsv' for command environment
[0.312s] INFO:colcon.colcon_ros.task.ament_python.build:Building ROS package in '/home/ivan/ros2_ws_2402/src/turtle_move_pkg_ga' with build type 'ament_python'
[0.313s] Level 1:colcon.colcon_core.shell:create_environment_hook('turtle_move_pkg_ga', 'ament_prefix_path')
[0.313s] INFO:colcon.colcon_core.shell:Creating environment hook '/home/ivan/ros2_ws_2402/install/turtle_move_pkg_ga/share/turtle_move_pkg_ga/hook/ament_prefix_path.ps1'
[0.314s] INFO:colcon.colcon_core.shell:Creating environment descriptor '/home/ivan/ros2_ws_2402/install/turtle_move_pkg_ga/share/turtle_move_pkg_ga/hook/ament_prefix_path.dsv'
[0.315s] INFO:colcon.colcon_core.shell:Creating environment hook '/home/ivan/ros2_ws_2402/install/turtle_move_pkg_ga/share/turtle_move_pkg_ga/hook/ament_prefix_path.sh'
[0.315s] INFO:colcon.colcon_core.shell:Skip shell extension 'powershell' for command environment: Not usable outside of PowerShell
[0.315s] DEBUG:colcon.colcon_core.shell:Skip shell extension 'dsv' for command environment
[0.568s] INFO:colcon.colcon_core.task.python.build:Building Python package in '/home/ivan/ros2_ws_2402/src/launch_pkg_ga'
[0.568s] INFO:colcon.colcon_core.shell:Skip shell extension 'powershell' for command environment: Not usable outside of PowerShell
[0.568s] DEBUG:colcon.colcon_core.shell:Skip shell extension 'dsv' for command environment
[0.808s] INFO:colcon.colcon_core.task.python.build:Building Python package in '/home/ivan/ros2_ws_2402/src/modelrobot3r_pkg_ga'
[0.808s] INFO:colcon.colcon_core.shell:Skip shell extension 'powershell' for command environment: Not usable outside of PowerShell
[0.808s] DEBUG:colcon.colcon_core.shell:Skip shell extension 'dsv' for command environment
[1.055s] INFO:colcon.colcon_core.task.python.build:Building Python package in '/home/ivan/ros2_ws_2402/src/modelrobot_pkg_ga'
[1.055s] INFO:colcon.colcon_core.shell:Skip shell extension 'powershell' for command environment: Not usable outside of PowerShell
[1.055s] DEBUG:colcon.colcon_core.shell:Skip shell extension 'dsv' for command environment
[1.302s] INFO:colcon.colcon_core.task.python.build:Building Python package in '/home/ivan/ros2_ws_2402/src/turtle_move_pkg_ga'
[1.302s] INFO:colcon.colcon_core.shell:Skip shell extension 'powershell' for command environment: Not usable outside of PowerShell
[1.302s] DEBUG:colcon.colcon_core.shell:Skip shell extension 'dsv' for command environment
[1.653s] DEBUG:colcon.colcon_core.event_handler.log_command:Invoking command in '/home/ivan/ros2_ws_2402/build/launch_pkg_ga': PYTHONPATH=/home/ivan/ros2_ws_2402/build/launch_pkg_ga/prefix_override:/usr/lib/python3/dist-packages/colcon_core/task/python/colcon_distutils_commands:/home/ivan/ros2_ws_2402/install/launch_pkg_ga/lib/python3.10/site-packages:${PYTHONPATH} /usr/bin/python3 -W ignore:setup.py install is deprecated setup.py develop --editable --build-directory /home/ivan/ros2_ws_2402/build/launch_pkg_ga/build --no-deps symlink_data
[1.687s] DEBUG:colcon.colcon_core.event_handler.log_command:Invoking command in '/home/ivan/ros2_ws_2402/build/modelrobot_pkg_ga': PYTHONPATH=/home/ivan/ros2_ws_2402/build/modelrobot_pkg_ga/prefix_override:/usr/lib/python3/dist-packages/colcon_core/task/python/colcon_distutils_commands:/home/ivan/ros2_ws_2402/install/modelrobot_pkg_ga/lib/python3.10/site-packages:${PYTHONPATH} /usr/bin/python3 -W ignore:setup.py install is deprecated setup.py develop --editable --build-directory /home/ivan/ros2_ws_2402/build/modelrobot_pkg_ga/build --no-deps symlink_data
[1.688s] DEBUG:colcon.colcon_core.event_handler.log_command:Invoking command in '/home/ivan/ros2_ws_2402/build/modelrobot3r_pkg_ga': PYTHONPATH=/home/ivan/ros2_ws_2402/build/modelrobot3r_pkg_ga/prefix_override:/usr/lib/python3/dist-packages/colcon_core/task/python/colcon_distutils_commands:/home/ivan/ros2_ws_2402/install/modelrobot3r_pkg_ga/lib/python3.10/site-packages:${PYTHONPATH} /usr/bin/python3 -W ignore:setup.py install is deprecated setup.py develop --editable --build-directory /home/ivan/ros2_ws_2402/build/modelrobot3r_pkg_ga/build --no-deps symlink_data
[1.700s] DEBUG:colcon.colcon_core.event_handler.log_command:Invoking command in '/home/ivan/ros2_ws_2402/build/turtle_move_pkg_ga': PYTHONPATH=/home/ivan/ros2_ws_2402/build/turtle_move_pkg_ga/prefix_override:/usr/lib/python3/dist-packages/colcon_core/task/python/colcon_distutils_commands:/home/ivan/ros2_ws_2402/install/turtle_move_pkg_ga/lib/python3.10/site-packages:${PYTHONPATH} /usr/bin/python3 -W ignore:setup.py install is deprecated setup.py develop --editable --build-directory /home/ivan/ros2_ws_2402/build/turtle_move_pkg_ga/build --no-deps symlink_data
[2.169s] Level 1:colcon.colcon_core.shell:create_environment_hook('launch_pkg_ga', 'pythonpath_develop')
[2.170s] INFO:colcon.colcon_core.shell:Creating environment hook '/home/ivan/ros2_ws_2402/build/launch_pkg_ga/share/launch_pkg_ga/hook/pythonpath_develop.ps1'
[2.171s] INFO:colcon.colcon_core.shell:Creating environment descriptor '/home/ivan/ros2_ws_2402/build/launch_pkg_ga/share/launch_pkg_ga/hook/pythonpath_develop.dsv'
[2.171s] INFO:colcon.colcon_core.shell:Creating environment hook '/home/ivan/ros2_ws_2402/build/launch_pkg_ga/share/launch_pkg_ga/hook/pythonpath_develop.sh'
[2.172s] DEBUG:colcon.colcon_core.event_handler.log_command:Invoked command in '/home/ivan/ros2_ws_2402/build/launch_pkg_ga' returned '0': PYTHONPATH=/home/ivan/ros2_ws_2402/build/launch_pkg_ga/prefix_override:/usr/lib/python3/dist-packages/colcon_core/task/python/colcon_distutils_commands:/home/ivan/ros2_ws_2402/install/launch_pkg_ga/lib/python3.10/site-packages:${PYTHONPATH} /usr/bin/python3 -W ignore:setup.py install is deprecated setup.py develop --editable --build-directory /home/ivan/ros2_ws_2402/build/launch_pkg_ga/build --no-deps symlink_data
[2.175s] Level 1:colcon.colcon_core.environment:checking '/home/ivan/ros2_ws_2402/install/launch_pkg_ga' for CMake module files
[2.176s] Level 1:colcon.colcon_core.environment:checking '/home/ivan/ros2_ws_2402/install/launch_pkg_ga' for CMake config files
[2.176s] Level 1:colcon.colcon_core.environment:checking '/home/ivan/ros2_ws_2402/install/launch_pkg_ga/lib'
[2.177s] Level 1:colcon.colcon_core.environment:checking '/home/ivan/ros2_ws_2402/install/launch_pkg_ga/bin'
[2.177s] Level 1:colcon.colcon_core.environment:checking '/home/ivan/ros2_ws_2402/install/launch_pkg_ga/lib/pkgconfig/launch_pkg_ga.pc'
[2.177s] Level 1:colcon.colcon_core.environment:checking '/home/ivan/ros2_ws_2402/install/launch_pkg_ga/lib/python3.10/site-packages'
[2.177s] Level 1:colcon.colcon_core.shell:create_environment_hook('launch_pkg_ga', 'pythonpath')
[2.177s] INFO:colcon.colcon_core.shell:Creating environment hook '/home/ivan/ros2_ws_2402/install/launch_pkg_ga/share/launch_pkg_ga/hook/pythonpath.ps1'
[2.178s] INFO:colcon.colcon_core.shell:Creating environment descriptor '/home/ivan/ros2_ws_2402/install/launch_pkg_ga/share/launch_pkg_ga/hook/pythonpath.dsv'
[2.178s] INFO:colcon.colcon_core.shell:Creating environment hook '/home/ivan/ros2_ws_2402/install/launch_pkg_ga/share/launch_pkg_ga/hook/pythonpath.sh'
[2.179s] Level 1:colcon.colcon_core.environment:checking '/home/ivan/ros2_ws_2402/install/launch_pkg_ga/bin'
[2.179s] Level 1:colcon.colcon_core.environment:create_environment_scripts_only(launch_pkg_ga)
[2.180s] INFO:colcon.colcon_core.shell:Creating package script '/home/ivan/ros2_ws_2402/install/launch_pkg_ga/share/launch_pkg_ga/package.ps1'
[2.181s] INFO:colcon.colcon_core.shell:Creating package descriptor '/home/ivan/ros2_ws_2402/install/launch_pkg_ga/share/launch_pkg_ga/package.dsv'
[2.182s] INFO:colcon.colcon_core.shell:Creating package script '/home/ivan/ros2_ws_2402/install/launch_pkg_ga/share/launch_pkg_ga/package.sh'
[2.183s] INFO:colcon.colcon_core.shell:Creating package script '/home/ivan/ros2_ws_2402/install/launch_pkg_ga/share/launch_pkg_ga/package.bash'
[2.184s] INFO:colcon.colcon_core.shell:Creating package script '/home/ivan/ros2_ws_2402/install/launch_pkg_ga/share/launch_pkg_ga/package.zsh'
[2.185s] Level 1:colcon.colcon_core.environment:create_file_with_runtime_dependencies(/home/ivan/ros2_ws_2402/install/launch_pkg_ga/share/colcon-core/packages/launch_pkg_ga)
[2.190s] Level 1:colcon.colcon_core.shell:create_environment_hook('modelrobot3r_pkg_ga', 'pythonpath_develop')
[2.191s] INFO:colcon.colcon_core.shell:Creating environment hook '/home/ivan/ros2_ws_2402/build/modelrobot3r_pkg_ga/share/modelrobot3r_pkg_ga/hook/pythonpath_develop.ps1'
[2.191s] INFO:colcon.colcon_core.shell:Creating environment descriptor '/home/ivan/ros2_ws_2402/build/modelrobot3r_pkg_ga/share/modelrobot3r_pkg_ga/hook/pythonpath_develop.dsv'
[2.192s] DEBUG:colcon.colcon_core.event_handler.log_command:Invoked command in '/home/ivan/ros2_ws_2402/build/modelrobot3r_pkg_ga' returned '0': PYTHONPATH=/home/ivan/ros2_ws_2402/build/modelrobot3r_pkg_ga/prefix_override:/usr/lib/python3/dist-packages/colcon_core/task/python/colcon_distutils_commands:/home/ivan/ros2_ws_2402/install/modelrobot3r_pkg_ga/lib/python3.10/site-packages:${PYTHONPATH} /usr/bin/python3 -W ignore:setup.py install is deprecated setup.py develop --editable --build-directory /home/ivan/ros2_ws_2402/build/modelrobot3r_pkg_ga/build --no-deps symlink_data
[2.192s] INFO:colcon.colcon_core.shell:Creating environment hook '/home/ivan/ros2_ws_2402/build/modelrobot3r_pkg_ga/share/modelrobot3r_pkg_ga/hook/pythonpath_develop.sh'
[2.192s] Level 1:colcon.colcon_core.environment:checking '/home/ivan/ros2_ws_2402/install/modelrobot3r_pkg_ga' for CMake module files
[2.193s] Level 1:colcon.colcon_core.environment:checking '/home/ivan/ros2_ws_2402/install/modelrobot3r_pkg_ga' for CMake config files
[2.193s] Level 1:colcon.colcon_core.environment:checking '/home/ivan/ros2_ws_2402/install/modelrobot3r_pkg_ga/lib'
[2.193s] Level 1:colcon.colcon_core.environment:checking '/home/ivan/ros2_ws_2402/install/modelrobot3r_pkg_ga/bin'
[2.193s] Level 1:colcon.colcon_core.environment:checking '/home/ivan/ros2_ws_2402/install/modelrobot3r_pkg_ga/lib/pkgconfig/modelrobot3r_pkg_ga.pc'
[2.194s] Level 1:colcon.colcon_core.environment:checking '/home/ivan/ros2_ws_2402/install/modelrobot3r_pkg_ga/lib/python3.10/site-packages'
[2.194s] Level 1:colcon.colcon_core.shell:create_environment_hook('modelrobot3r_pkg_ga', 'pythonpath')
[2.194s] INFO:colcon.colcon_core.shell:Creating environment hook '/home/ivan/ros2_ws_2402/install/modelrobot3r_pkg_ga/share/modelrobot3r_pkg_ga/hook/pythonpath.ps1'
[2.194s] INFO:colcon.colcon_core.shell:Creating environment descriptor '/home/ivan/ros2_ws_2402/install/modelrobot3r_pkg_ga/share/modelrobot3r_pkg_ga/hook/pythonpath.dsv'
[2.195s] INFO:colcon.colcon_core.shell:Creating environment hook '/home/ivan/ros2_ws_2402/install/modelrobot3r_pkg_ga/share/modelrobot3r_pkg_ga/hook/pythonpath.sh'
[2.195s] Level 1:colcon.colcon_core.environment:checking '/home/ivan/ros2_ws_2402/install/modelrobot3r_pkg_ga/bin'
[2.195s] Level 1:colcon.colcon_core.environment:create_environment_scripts_only(modelrobot3r_pkg_ga)
[2.196s] INFO:colcon.colcon_core.shell:Creating package script '/home/ivan/ros2_ws_2402/install/modelrobot3r_pkg_ga/share/modelrobot3r_pkg_ga/package.ps1'
[2.196s] INFO:colcon.colcon_core.shell:Creating package descriptor '/home/ivan/ros2_ws_2402/install/modelrobot3r_pkg_ga/share/modelrobot3r_pkg_ga/package.dsv'
[2.197s] INFO:colcon.colcon_core.shell:Creating package script '/home/ivan/ros2_ws_2402/install/modelrobot3r_pkg_ga/share/modelrobot3r_pkg_ga/package.sh'
[2.198s] INFO:colcon.colcon_core.shell:Creating package script '/home/ivan/ros2_ws_2402/install/modelrobot3r_pkg_ga/share/modelrobot3r_pkg_ga/package.bash'
[2.198s] INFO:colcon.colcon_core.shell:Creating package script '/home/ivan/ros2_ws_2402/install/modelrobot3r_pkg_ga/share/modelrobot3r_pkg_ga/package.zsh'
[2.199s] Level 1:colcon.colcon_core.environment:create_file_with_runtime_dependencies(/home/ivan/ros2_ws_2402/install/modelrobot3r_pkg_ga/share/colcon-core/packages/modelrobot3r_pkg_ga)
[2.200s] Level 1:colcon.colcon_core.shell:create_environment_hook('modelrobot_pkg_ga', 'pythonpath_develop')
[2.200s] INFO:colcon.colcon_core.shell:Creating environment hook '/home/ivan/ros2_ws_2402/build/modelrobot_pkg_ga/share/modelrobot_pkg_ga/hook/pythonpath_develop.ps1'
[2.201s] INFO:colcon.colcon_core.shell:Creating environment descriptor '/home/ivan/ros2_ws_2402/build/modelrobot_pkg_ga/share/modelrobot_pkg_ga/hook/pythonpath_develop.dsv'
[2.201s] INFO:colcon.colcon_core.shell:Creating environment hook '/home/ivan/ros2_ws_2402/build/modelrobot_pkg_ga/share/modelrobot_pkg_ga/hook/pythonpath_develop.sh'
[2.202s] Level 1:colcon.colcon_core.environment:checking '/home/ivan/ros2_ws_2402/install/modelrobot_pkg_ga' for CMake module files
[2.202s] Level 1:colcon.colcon_core.environment:checking '/home/ivan/ros2_ws_2402/install/modelrobot_pkg_ga' for CMake config files
[2.203s] DEBUG:colcon.colcon_core.event_handler.log_command:Invoked command in '/home/ivan/ros2_ws_2402/build/modelrobot_pkg_ga' returned '0': PYTHONPATH=/home/ivan/ros2_ws_2402/build/modelrobot_pkg_ga/prefix_override:/usr/lib/python3/dist-packages/colcon_core/task/python/colcon_distutils_commands:/home/ivan/ros2_ws_2402/install/modelrobot_pkg_ga/lib/python3.10/site-packages:${PYTHONPATH} /usr/bin/python3 -W ignore:setup.py install is deprecated setup.py develop --editable --build-directory /home/ivan/ros2_ws_2402/build/modelrobot_pkg_ga/build --no-deps symlink_data
[2.203s] Level 1:colcon.colcon_core.environment:checking '/home/ivan/ros2_ws_2402/install/modelrobot_pkg_ga/lib'
[2.203s] Level 1:colcon.colcon_core.environment:checking '/home/ivan/ros2_ws_2402/install/modelrobot_pkg_ga/bin'
[2.203s] Level 1:colcon.colcon_core.environment:checking '/home/ivan/ros2_ws_2402/install/modelrobot_pkg_ga/lib/pkgconfig/modelrobot_pkg_ga.pc'
[2.204s] Level 1:colcon.colcon_core.environment:checking '/home/ivan/ros2_ws_2402/install/modelrobot_pkg_ga/lib/python3.10/site-packages'
[2.204s] Level 1:colcon.colcon_core.shell:create_environment_hook('modelrobot_pkg_ga', 'pythonpath')
[2.207s] INFO:colcon.colcon_core.shell:Creating environment hook '/home/ivan/ros2_ws_2402/install/modelrobot_pkg_ga/share/modelrobot_pkg_ga/hook/pythonpath.ps1'
[2.210s] INFO:colcon.colcon_core.shell:Creating environment descriptor '/home/ivan/ros2_ws_2402/install/modelrobot_pkg_ga/share/modelrobot_pkg_ga/hook/pythonpath.dsv'
[2.210s] INFO:colcon.colcon_core.shell:Creating environment hook '/home/ivan/ros2_ws_2402/install/modelrobot_pkg_ga/share/modelrobot_pkg_ga/hook/pythonpath.sh'
[2.211s] Level 1:colcon.colcon_core.environment:checking '/home/ivan/ros2_ws_2402/install/modelrobot_pkg_ga/bin'
[2.211s] Level 1:colcon.colcon_core.environment:create_environment_scripts_only(modelrobot_pkg_ga)
[2.212s] INFO:colcon.colcon_core.shell:Creating package script '/home/ivan/ros2_ws_2402/install/modelrobot_pkg_ga/share/modelrobot_pkg_ga/package.ps1'
[2.212s] INFO:colcon.colcon_core.shell:Creating package descriptor '/home/ivan/ros2_ws_2402/install/modelrobot_pkg_ga/share/modelrobot_pkg_ga/package.dsv'
[2.213s] INFO:colcon.colcon_core.shell:Creating package script '/home/ivan/ros2_ws_2402/install/modelrobot_pkg_ga/share/modelrobot_pkg_ga/package.sh'
[2.213s] INFO:colcon.colcon_core.shell:Creating package script '/home/ivan/ros2_ws_2402/install/modelrobot_pkg_ga/share/modelrobot_pkg_ga/package.bash'
[2.214s] INFO:colcon.colcon_core.shell:Creating package script '/home/ivan/ros2_ws_2402/install/modelrobot_pkg_ga/share/modelrobot_pkg_ga/package.zsh'
[2.214s] Level 1:colcon.colcon_core.environment:create_file_with_runtime_dependencies(/home/ivan/ros2_ws_2402/install/modelrobot_pkg_ga/share/colcon-core/packages/modelrobot_pkg_ga)
[2.228s] Level 1:colcon.colcon_core.shell:create_environment_hook('turtle_move_pkg_ga', 'pythonpath_develop')
[2.228s] INFO:colcon.colcon_core.shell:Creating environment hook '/home/ivan/ros2_ws_2402/build/turtle_move_pkg_ga/share/turtle_move_pkg_ga/hook/pythonpath_develop.ps1'
[2.229s] INFO:colcon.colcon_core.shell:Creating environment descriptor '/home/ivan/ros2_ws_2402/build/turtle_move_pkg_ga/share/turtle_move_pkg_ga/hook/pythonpath_develop.dsv'
[2.229s] INFO:colcon.colcon_core.shell:Creating environment hook '/home/ivan/ros2_ws_2402/build/turtle_move_pkg_ga/share/turtle_move_pkg_ga/hook/pythonpath_develop.sh'
[2.230s] Level 1:colcon.colcon_core.environment:checking '/home/ivan/ros2_ws_2402/install/turtle_move_pkg_ga' for CMake module files
[2.230s] DEBUG:colcon.colcon_core.event_handler.log_command:Invoked command in '/home/ivan/ros2_ws_2402/build/turtle_move_pkg_ga' returned '0': PYTHONPATH=/home/ivan/ros2_ws_2402/build/turtle_move_pkg_ga/prefix_override:/usr/lib/python3/dist-packages/colcon_core/task/python/colcon_distutils_commands:/home/ivan/ros2_ws_2402/install/turtle_move_pkg_ga/lib/python3.10/site-packages:${PYTHONPATH} /usr/bin/python3 -W ignore:setup.py install is deprecated setup.py develop --editable --build-directory /home/ivan/ros2_ws_2402/build/turtle_move_pkg_ga/build --no-deps symlink_data
[2.230s] Level 1:colcon.colcon_core.environment:checking '/home/ivan/ros2_ws_2402/install/turtle_move_pkg_ga' for CMake config files
[2.231s] Level 1:colcon.colcon_core.environment:checking '/home/ivan/ros2_ws_2402/install/turtle_move_pkg_ga/lib'
[2.231s] Level 1:colcon.colcon_core.environment:checking '/home/ivan/ros2_ws_2402/install/turtle_move_pkg_ga/bin'
[2.231s] Level 1:colcon.colcon_core.environment:checking '/home/ivan/ros2_ws_2402/install/turtle_move_pkg_ga/lib/pkgconfig/turtle_move_pkg_ga.pc'
[2.231s] Level 1:colcon.colcon_core.environment:checking '/home/ivan/ros2_ws_2402/install/turtle_move_pkg_ga/lib/python3.10/site-packages'
[2.231s] Level 1:colcon.colcon_core.shell:create_environment_hook('turtle_move_pkg_ga', 'pythonpath')
[2.231s] INFO:colcon.colcon_core.shell:Creating environment hook '/home/ivan/ros2_ws_2402/install/turtle_move_pkg_ga/share/turtle_move_pkg_ga/hook/pythonpath.ps1'
[2.232s] INFO:colcon.colcon_core.shell:Creating environment descriptor '/home/ivan/ros2_ws_2402/install/turtle_move_pkg_ga/share/turtle_move_pkg_ga/hook/pythonpath.dsv'
[2.232s] INFO:colcon.colcon_core.shell:Creating environment hook '/home/ivan/ros2_ws_2402/install/turtle_move_pkg_ga/share/turtle_move_pkg_ga/hook/pythonpath.sh'
[2.232s] Level 1:colcon.colcon_core.environment:checking '/home/ivan/ros2_ws_2402/install/turtle_move_pkg_ga/bin'
[2.232s] Level 1:colcon.colcon_core.environment:create_environment_scripts_only(turtle_move_pkg_ga)
[2.233s] INFO:colcon.colcon_core.shell:Creating package script '/home/ivan/ros2_ws_2402/install/turtle_move_pkg_ga/share/turtle_move_pkg_ga/package.ps1'
[2.233s] INFO:colcon.colcon_core.shell:Creating package descriptor '/home/ivan/ros2_ws_2402/install/turtle_move_pkg_ga/share/turtle_move_pkg_ga/package.dsv'
[2.236s] INFO:colcon.colcon_core.shell:Creating package script '/home/ivan/ros2_ws_2402/install/turtle_move_pkg_ga/share/turtle_move_pkg_ga/package.sh'
[2.237s] INFO:colcon.colcon_core.shell:Creating package script '/home/ivan/ros2_ws_2402/install/turtle_move_pkg_ga/share/turtle_move_pkg_ga/package.bash'
[2.238s] INFO:colcon.colcon_core.shell:Creating package script '/home/ivan/ros2_ws_2402/install/turtle_move_pkg_ga/share/turtle_move_pkg_ga/package.zsh'
[2.238s] Level 1:colcon.colcon_core.environment:create_file_with_runtime_dependencies(/home/ivan/ros2_ws_2402/install/turtle_move_pkg_ga/share/colcon-core/packages/turtle_move_pkg_ga)
[2.239s] DEBUG:colcon.colcon_parallel_executor.executor.parallel:closing loop
[2.239s] DEBUG:colcon.colcon_parallel_executor.executor.parallel:loop closed
[2.239s] DEBUG:colcon.colcon_parallel_executor.executor.parallel:run_until_complete finished with '0'
[2.239s] DEBUG:colcon.colcon_core.event_reactor:joining thread
[2.244s] INFO:colcon.colcon_core.plugin_system:Skipping extension 'colcon_notification.desktop_notification.terminal_notifier': Not used on non-Darwin systems
[2.244s] INFO:colcon.colcon_core.plugin_system:Skipping extension 'colcon_notification.desktop_notification.win32': Not used on non-Windows systems
[2.244s] INFO:colcon.colcon_notification.desktop_notification:Sending desktop notification using 'notify2'
[2.256s] DEBUG:colcon.colcon_core.event_reactor:joined thread
[2.256s] INFO:colcon.colcon_core.shell:Creating prefix script '/home/ivan/ros2_ws_2402/install/local_setup.ps1'
[2.257s] INFO:colcon.colcon_core.shell:Creating prefix util module '/home/ivan/ros2_ws_2402/install/_local_setup_util_ps1.py'
[2.258s] INFO:colcon.colcon_core.shell:Creating prefix chain script '/home/ivan/ros2_ws_2402/install/setup.ps1'
[2.259s] INFO:colcon.colcon_core.shell:Creating prefix script '/home/ivan/ros2_ws_2402/install/local_setup.sh'
[2.259s] INFO:colcon.colcon_core.shell:Creating prefix util module '/home/ivan/ros2_ws_2402/install/_local_setup_util_sh.py'
[2.260s] INFO:colcon.colcon_core.shell:Creating prefix chain script '/home/ivan/ros2_ws_2402/install/setup.sh'
[2.261s] INFO:colcon.colcon_core.shell:Creating prefix script '/home/ivan/ros2_ws_2402/install/local_setup.bash'
[2.261s] INFO:colcon.colcon_core.shell:Creating prefix chain script '/home/ivan/ros2_ws_2402/install/setup.bash'
[2.262s] INFO:colcon.colcon_core.shell:Creating prefix script '/home/ivan/ros2_ws_2402/install/local_setup.zsh'
[2.262s] INFO:colcon.colcon_core.shell:Creating prefix chain script '/home/ivan/ros2_ws_2402/install/setup.zsh'
