[1.667s] Invoking command in '/home/ivan/ros2_ws_2402/build/modelrobot3r_pkg_ga': PYTHONPATH=/home/ivan/ros2_ws_2402/build/modelrobot3r_pkg_ga/prefix_override:/usr/lib/python3/dist-packages/colcon_core/task/python/colcon_distutils_commands:/home/ivan/ros2_ws_2402/install/modelrobot3r_pkg_ga/lib/python3.10/site-packages:${PYTHONPATH} /usr/bin/python3 -W ignore:setup.py install is deprecated setup.py develop --editable --build-directory /home/ivan/ros2_ws_2402/build/modelrobot3r_pkg_ga/build --no-deps symlink_data
[1.976s] running develop
[1.979s] /home/ivan/.local/lib/python3.10/site-packages/setuptools/command/easy_install.py:156: EasyInstallDeprecationWarning: easy_install command is deprecated. Use build and pip and other standards-based tools.
[1.979s]   warnings.warn(
[2.155s] running egg_info
[2.155s] writing modelrobot3r_pkg_ga.egg-info/PKG-INFO
[2.156s] writing dependency_links to modelrobot3r_pkg_ga.egg-info/dependency_links.txt
[2.156s] writing entry points to modelrobot3r_pkg_ga.egg-info/entry_points.txt
[2.158s] writing requirements to modelrobot3r_pkg_ga.egg-info/requires.txt
[2.158s] writing top-level names to modelrobot3r_pkg_ga.egg-info/top_level.txt
[2.158s] reading manifest file 'modelrobot3r_pkg_ga.egg-info/SOURCES.txt'
[2.164s] writing manifest file 'modelrobot3r_pkg_ga.egg-info/SOURCES.txt'
[2.165s] running build_ext
[2.165s] Creating /home/ivan/ros2_ws_2402/install/modelrobot3r_pkg_ga/lib/python3.10/site-packages/modelrobot3r-pkg-ga.egg-link (link to .)
[2.166s] 
[2.166s] Installed /home/ivan/ros2_ws_2402/build/modelrobot3r_pkg_ga
[2.166s] running symlink_data
[2.167s] symbolically linking /home/ivan/ros2_ws_2402/build/modelrobot3r_pkg_ga/meshes/palo2.stl -> /home/ivan/ros2_ws_2402/install/modelrobot3r_pkg_ga/share/modelrobot3r_pkg_ga/meshes
[2.167s] symbolically linking /home/ivan/ros2_ws_2402/build/modelrobot3r_pkg_ga/meshes/pinza.stl -> /home/ivan/ros2_ws_2402/install/modelrobot3r_pkg_ga/share/modelrobot3r_pkg_ga/meshes
[2.206s] Invoked command in '/home/ivan/ros2_ws_2402/build/modelrobot3r_pkg_ga' returned '0': PYTHONPATH=/home/ivan/ros2_ws_2402/build/modelrobot3r_pkg_ga/prefix_override:/usr/lib/python3/dist-packages/colcon_core/task/python/colcon_distutils_commands:/home/ivan/ros2_ws_2402/install/modelrobot3r_pkg_ga/lib/python3.10/site-packages:${PYTHONPATH} /usr/bin/python3 -W ignore:setup.py install is deprecated setup.py develop --editable --build-directory /home/ivan/ros2_ws_2402/build/modelrobot3r_pkg_ga/build --no-deps symlink_data
