[0.981s] Invoking command in '/home/ivan/ros2_ws_2402/src/build/turtle_move_pkg_ga': PYTHONPATH=/home/ivan/ros2_ws_2402/src/build/turtle_move_pkg_ga/prefix_override:/usr/lib/python3/dist-packages/colcon_core/task/python/colcon_distutils_commands:/home/ivan/ros2_ws_2402/src/install/turtle_move_pkg_ga/lib/python3.10/site-packages:${PYTHONPATH} /usr/bin/python3 -W ignore:setup.py install is deprecated setup.py develop --editable --build-directory /home/ivan/ros2_ws_2402/src/build/turtle_move_pkg_ga/build --no-deps symlink_data
[1.284s] running develop
[1.285s] /home/ivan/.local/lib/python3.10/site-packages/setuptools/command/easy_install.py:156: EasyInstallDeprecationWarning: easy_install command is deprecated. Use build and pip and other standards-based tools.
[1.285s]   warnings.warn(
[1.442s] running egg_info
[1.443s] creating turtle_move_pkg_ga.egg-info
[1.443s] writing turtle_move_pkg_ga.egg-info/PKG-INFO
[1.443s] writing dependency_links to turtle_move_pkg_ga.egg-info/dependency_links.txt
[1.443s] writing entry points to turtle_move_pkg_ga.egg-info/entry_points.txt
[1.444s] writing requirements to turtle_move_pkg_ga.egg-info/requires.txt
[1.444s] writing top-level names to turtle_move_pkg_ga.egg-info/top_level.txt
[1.444s] writing manifest file 'turtle_move_pkg_ga.egg-info/SOURCES.txt'
[1.446s] reading manifest file 'turtle_move_pkg_ga.egg-info/SOURCES.txt'
[1.446s] writing manifest file 'turtle_move_pkg_ga.egg-info/SOURCES.txt'
[1.448s] running build_ext
[1.448s] Creating /home/ivan/ros2_ws_2402/src/install/turtle_move_pkg_ga/lib/python3.10/site-packages/turtle-move-pkg-ga.egg-link (link to .)
[1.449s] Installing turtle_move_node_ga script to /home/ivan/ros2_ws_2402/src/install/turtle_move_pkg_ga/lib/turtle_move_pkg_ga
[1.449s] 
[1.450s] Installed /home/ivan/ros2_ws_2402/src/build/turtle_move_pkg_ga
[1.450s] running symlink_data
[1.450s] creating /home/ivan/ros2_ws_2402/src/install/turtle_move_pkg_ga/share/ament_index
[1.450s] creating /home/ivan/ros2_ws_2402/src/install/turtle_move_pkg_ga/share/ament_index/resource_index
[1.450s] creating /home/ivan/ros2_ws_2402/src/install/turtle_move_pkg_ga/share/ament_index/resource_index/packages
[1.450s] symbolically linking /home/ivan/ros2_ws_2402/src/build/turtle_move_pkg_ga/resource/turtle_move_pkg_ga -> /home/ivan/ros2_ws_2402/src/install/turtle_move_pkg_ga/share/ament_index/resource_index/packages
[1.451s] symbolically linking /home/ivan/ros2_ws_2402/src/build/turtle_move_pkg_ga/package.xml -> /home/ivan/ros2_ws_2402/src/install/turtle_move_pkg_ga/share/turtle_move_pkg_ga
[1.491s] Invoked command in '/home/ivan/ros2_ws_2402/src/build/turtle_move_pkg_ga' returned '0': PYTHONPATH=/home/ivan/ros2_ws_2402/src/build/turtle_move_pkg_ga/prefix_override:/usr/lib/python3/dist-packages/colcon_core/task/python/colcon_distutils_commands:/home/ivan/ros2_ws_2402/src/install/turtle_move_pkg_ga/lib/python3.10/site-packages:${PYTHONPATH} /usr/bin/python3 -W ignore:setup.py install is deprecated setup.py develop --editable --build-directory /home/ivan/ros2_ws_2402/src/build/turtle_move_pkg_ga/build --no-deps symlink_data
