[0.095s] DEBUG:colcon:Command line arguments: ['/usr/bin/colcon', 'build', '--symlink-install']
[0.095s] DEBUG:colcon:Parsed command line arguments: Namespace(log_base=None, log_level=None, verb_name='build', build_base='build', install_base='install', merge_install=False, symlink_install=True, test_result_base=None, continue_on_error=False, executor='parallel', parallel_workers=4, event_handlers=None, ignore_user_meta=False, metas=['./colcon.meta'], base_paths=['.'], packages_ignore=None, packages_ignore_regex=None, paths=None, packages_up_to=None, packages_up_to_regex=None, packages_above=None, packages_above_and_dependencies=None, packages_above_depth=None, packages_select_by_dep=None, packages_skip_by_dep=None, packages_skip_up_to=None, packages_select_build_failed=False, packages_skip_build_finished=False, packages_select_test_failures=False, packages_skip_test_passed=False, packages_select=None, packages_skip=None, packages_select_regex=None, packages_skip_regex=None, packages_start=None, packages_end=None, allow_overriding=[], cmake_args=None, cmake_target=None, cmake_target_skip_unavailable=False, cmake_clean_cache=False, cmake_clean_first=False, cmake_force_configure=False, ament_cmake_args=None, catkin_cmake_args=None, catkin_skip_building_tests=False, verb_parser=<colcon_defaults.argument_parser.defaults.DefaultArgumentsDecorator object at 0x7bc18aa30e20>, verb_extension=<colcon_core.verb.build.BuildVerb object at 0x7bc18aa308b0>, main=<bound method BuildVerb.main of <colcon_core.verb.build.BuildVerb object at 0x7bc18aa308b0>>)
[0.253s] Level 1:colcon.colcon_core.package_discovery:discover_packages(colcon_meta) check parameters
[0.253s] Level 1:colcon.colcon_core.package_discovery:discover_packages(recursive) check parameters
[0.253s] Level 1:colcon.colcon_core.package_discovery:discover_packages(ignore) check parameters
[0.253s] Level 1:colcon.colcon_core.package_discovery:discover_packages(path) check parameters
[0.253s] Level 1:colcon.colcon_core.package_discovery:discover_packages(colcon_meta) discover
[0.253s] Level 1:colcon.colcon_core.package_discovery:discover_packages(recursive) discover
[0.253s] INFO:colcon.colcon_core.package_discovery:Crawling recursively for packages in '/home/ivan/ros2_ws_2402'
[0.254s] Level 1:colcon.colcon_core.package_identification:_identify(.) by extensions ['ignore', 'ignore_ament_install']
[0.254s] Level 1:colcon.colcon_core.package_identification:_identify(.) by extension 'ignore'
[0.254s] Level 1:colcon.colcon_core.package_identification:_identify(.) by extension 'ignore_ament_install'
[0.254s] Level 1:colcon.colcon_core.package_identification:_identify(.) by extensions ['colcon_pkg']
[0.254s] Level 1:colcon.colcon_core.package_identification:_identify(.) by extension 'colcon_pkg'
[0.254s] Level 1:colcon.colcon_core.package_identification:_identify(.) by extensions ['colcon_meta']
[0.254s] Level 1:colcon.colcon_core.package_identification:_identify(.) by extension 'colcon_meta'
[0.254s] Level 1:colcon.colcon_core.package_identification:_identify(.) by extensions ['ros']
[0.254s] Level 1:colcon.colcon_core.package_identification:_identify(.) by extension 'ros'
[0.272s] Level 1:colcon.colcon_core.package_identification:_identify(.) by extensions ['cmake', 'python']
[0.272s] Level 1:colcon.colcon_core.package_identification:_identify(.) by extension 'cmake'
[0.272s] Level 1:colcon.colcon_core.package_identification:_identify(.) by extension 'python'
[0.272s] Level 1:colcon.colcon_core.package_identification:_identify(.) by extensions ['python_setup_py']
[0.272s] Level 1:colcon.colcon_core.package_identification:_identify(.) by extension 'python_setup_py'
[0.272s] Level 1:colcon.colcon_core.package_identification:_identify(build) by extensions ['ignore', 'ignore_ament_install']
[0.272s] Level 1:colcon.colcon_core.package_identification:_identify(build) by extension 'ignore'
[0.272s] Level 1:colcon.colcon_core.package_identification:_identify(build) ignored
[0.272s] Level 1:colcon.colcon_core.package_identification:_identify(install) by extensions ['ignore', 'ignore_ament_install']
[0.272s] Level 1:colcon.colcon_core.package_identification:_identify(install) by extension 'ignore'
[0.272s] Level 1:colcon.colcon_core.package_identification:_identify(install) ignored
[0.272s] Level 1:colcon.colcon_core.package_identification:_identify(log) by extensions ['ignore', 'ignore_ament_install']
[0.273s] Level 1:colcon.colcon_core.package_identification:_identify(log) by extension 'ignore'
[0.273s] Level 1:colcon.colcon_core.package_identification:_identify(log) ignored
[0.273s] Level 1:colcon.colcon_core.package_identification:_identify(src) by extensions ['ignore', 'ignore_ament_install']
[0.273s] Level 1:colcon.colcon_core.package_identification:_identify(src) by extension 'ignore'
[0.273s] Level 1:colcon.colcon_core.package_identification:_identify(src) by extension 'ignore_ament_install'
[0.273s] Level 1:colcon.colcon_core.package_identification:_identify(src) by extensions ['colcon_pkg']
[0.273s] Level 1:colcon.colcon_core.package_identification:_identify(src) by extension 'colcon_pkg'
[0.273s] Level 1:colcon.colcon_core.package_identification:_identify(src) by extensions ['colcon_meta']
[0.273s] Level 1:colcon.colcon_core.package_identification:_identify(src) by extension 'colcon_meta'
[0.273s] Level 1:colcon.colcon_core.package_identification:_identify(src) by extensions ['ros']
[0.273s] Level 1:colcon.colcon_core.package_identification:_identify(src) by extension 'ros'
[0.273s] Level 1:colcon.colcon_core.package_identification:_identify(src) by extensions ['cmake', 'python']
[0.273s] Level 1:colcon.colcon_core.package_identification:_identify(src) by extension 'cmake'
[0.273s] Level 1:colcon.colcon_core.package_identification:_identify(src) by extension 'python'
[0.273s] Level 1:colcon.colcon_core.package_identification:_identify(src) by extensions ['python_setup_py']
[0.273s] Level 1:colcon.colcon_core.package_identification:_identify(src) by extension 'python_setup_py'
[0.273s] Level 1:colcon.colcon_core.package_identification:_identify(src/build) by extensions ['ignore', 'ignore_ament_install']
[0.273s] Level 1:colcon.colcon_core.package_identification:_identify(src/build) by extension 'ignore'
[0.273s] Level 1:colcon.colcon_core.package_identification:_identify(src/build) ignored
[0.274s] Level 1:colcon.colcon_core.package_identification:_identify(src/install) by extensions ['ignore', 'ignore_ament_install']
[0.274s] Level 1:colcon.colcon_core.package_identification:_identify(src/install) by extension 'ignore'
[0.274s] Level 1:colcon.colcon_core.package_identification:_identify(src/install) ignored
[0.274s] Level 1:colcon.colcon_core.package_identification:_identify(src/launch_pkg_ga) by extensions ['ignore', 'ignore_ament_install']
[0.274s] Level 1:colcon.colcon_core.package_identification:_identify(src/launch_pkg_ga) by extension 'ignore'
[0.274s] Level 1:colcon.colcon_core.package_identification:_identify(src/launch_pkg_ga) by extension 'ignore_ament_install'
[0.274s] Level 1:colcon.colcon_core.package_identification:_identify(src/launch_pkg_ga) by extensions ['colcon_pkg']
[0.274s] Level 1:colcon.colcon_core.package_identification:_identify(src/launch_pkg_ga) by extension 'colcon_pkg'
[0.274s] Level 1:colcon.colcon_core.package_identification:_identify(src/launch_pkg_ga) by extensions ['colcon_meta']
[0.274s] Level 1:colcon.colcon_core.package_identification:_identify(src/launch_pkg_ga) by extension 'colcon_meta'
[0.274s] Level 1:colcon.colcon_core.package_identification:_identify(src/launch_pkg_ga) by extensions ['ros']
[0.274s] Level 1:colcon.colcon_core.package_identification:_identify(src/launch_pkg_ga) by extension 'ros'
[0.276s] DEBUG:colcon.colcon_core.package_identification:Package 'src/launch_pkg_ga' with type 'ros.ament_python' and name 'launch_pkg_ga'
[0.276s] Level 1:colcon.colcon_core.package_identification:_identify(src/log) by extensions ['ignore', 'ignore_ament_install']
[0.276s] Level 1:colcon.colcon_core.package_identification:_identify(src/log) by extension 'ignore'
[0.276s] Level 1:colcon.colcon_core.package_identification:_identify(src/log) ignored
[0.276s] Level 1:colcon.colcon_core.package_identification:_identify(src/modelrobot3r_pkg_ga) by extensions ['ignore', 'ignore_ament_install']
[0.276s] Level 1:colcon.colcon_core.package_identification:_identify(src/modelrobot3r_pkg_ga) by extension 'ignore'
[0.276s] Level 1:colcon.colcon_core.package_identification:_identify(src/modelrobot3r_pkg_ga) by extension 'ignore_ament_install'
[0.276s] Level 1:colcon.colcon_core.package_identification:_identify(src/modelrobot3r_pkg_ga) by extensions ['colcon_pkg']
[0.276s] Level 1:colcon.colcon_core.package_identification:_identify(src/modelrobot3r_pkg_ga) by extension 'colcon_pkg'
[0.276s] Level 1:colcon.colcon_core.package_identification:_identify(src/modelrobot3r_pkg_ga) by extensions ['colcon_meta']
[0.276s] Level 1:colcon.colcon_core.package_identification:_identify(src/modelrobot3r_pkg_ga) by extension 'colcon_meta'
[0.277s] Level 1:colcon.colcon_core.package_identification:_identify(src/modelrobot3r_pkg_ga) by extensions ['ros']
[0.277s] Level 1:colcon.colcon_core.package_identification:_identify(src/modelrobot3r_pkg_ga) by extension 'ros'
[0.277s] DEBUG:colcon.colcon_core.package_identification:Package 'src/modelrobot3r_pkg_ga' with type 'ros.ament_python' and name 'modelrobot3r_pkg_ga'
[0.277s] Level 1:colcon.colcon_core.package_identification:_identify(src/modelrobot_pkg_ga) by extensions ['ignore', 'ignore_ament_install']
[0.277s] Level 1:colcon.colcon_core.package_identification:_identify(src/modelrobot_pkg_ga) by extension 'ignore'
[0.277s] Level 1:colcon.colcon_core.package_identification:_identify(src/modelrobot_pkg_ga) by extension 'ignore_ament_install'
[0.277s] Level 1:colcon.colcon_core.package_identification:_identify(src/modelrobot_pkg_ga) by extensions ['colcon_pkg']
[0.277s] Level 1:colcon.colcon_core.package_identification:_identify(src/modelrobot_pkg_ga) by extension 'colcon_pkg'
[0.277s] Level 1:colcon.colcon_core.package_identification:_identify(src/modelrobot_pkg_ga) by extensions ['colcon_meta']
[0.277s] Level 1:colcon.colcon_core.package_identification:_identify(src/modelrobot_pkg_ga) by extension 'colcon_meta'
[0.277s] Level 1:colcon.colcon_core.package_identification:_identify(src/modelrobot_pkg_ga) by extensions ['ros']
[0.277s] Level 1:colcon.colcon_core.package_identification:_identify(src/modelrobot_pkg_ga) by extension 'ros'
[0.278s] DEBUG:colcon.colcon_core.package_identification:Package 'src/modelrobot_pkg_ga' with type 'ros.ament_python' and name 'modelrobot_pkg_ga'
[0.278s] Level 1:colcon.colcon_core.package_identification:_identify(src/temp) by extensions ['ignore', 'ignore_ament_install']
[0.278s] Level 1:colcon.colcon_core.package_identification:_identify(src/temp) by extension 'ignore'
[0.278s] Level 1:colcon.colcon_core.package_identification:_identify(src/temp) by extension 'ignore_ament_install'
[0.278s] Level 1:colcon.colcon_core.package_identification:_identify(src/temp) by extensions ['colcon_pkg']
[0.278s] Level 1:colcon.colcon_core.package_identification:_identify(src/temp) by extension 'colcon_pkg'
[0.278s] Level 1:colcon.colcon_core.package_identification:_identify(src/temp) by extensions ['colcon_meta']
[0.278s] Level 1:colcon.colcon_core.package_identification:_identify(src/temp) by extension 'colcon_meta'
[0.278s] Level 1:colcon.colcon_core.package_identification:_identify(src/temp) by extensions ['ros']
[0.278s] Level 1:colcon.colcon_core.package_identification:_identify(src/temp) by extension 'ros'
[0.278s] Level 1:colcon.colcon_core.package_identification:_identify(src/temp) by extensions ['cmake', 'python']
[0.278s] Level 1:colcon.colcon_core.package_identification:_identify(src/temp) by extension 'cmake'
[0.278s] Level 1:colcon.colcon_core.package_identification:_identify(src/temp) by extension 'python'
[0.278s] Level 1:colcon.colcon_core.package_identification:_identify(src/temp) by extensions ['python_setup_py']
[0.278s] Level 1:colcon.colcon_core.package_identification:_identify(src/temp) by extension 'python_setup_py'
[0.279s] Level 1:colcon.colcon_core.package_identification:_identify(src/turtle_move_pkg_ga) by extensions ['ignore', 'ignore_ament_install']
[0.279s] Level 1:colcon.colcon_core.package_identification:_identify(src/turtle_move_pkg_ga) by extension 'ignore'
[0.279s] Level 1:colcon.colcon_core.package_identification:_identify(src/turtle_move_pkg_ga) by extension 'ignore_ament_install'
[0.279s] Level 1:colcon.colcon_core.package_identification:_identify(src/turtle_move_pkg_ga) by extensions ['colcon_pkg']
[0.279s] Level 1:colcon.colcon_core.package_identification:_identify(src/turtle_move_pkg_ga) by extension 'colcon_pkg'
[0.279s] Level 1:colcon.colcon_core.package_identification:_identify(src/turtle_move_pkg_ga) by extensions ['colcon_meta']
[0.279s] Level 1:colcon.colcon_core.package_identification:_identify(src/turtle_move_pkg_ga) by extension 'colcon_meta'
[0.279s] Level 1:colcon.colcon_core.package_identification:_identify(src/turtle_move_pkg_ga) by extensions ['ros']
[0.279s] Level 1:colcon.colcon_core.package_identification:_identify(src/turtle_move_pkg_ga) by extension 'ros'
[0.279s] DEBUG:colcon.colcon_core.package_identification:Package 'src/turtle_move_pkg_ga' with type 'ros.ament_python' and name 'turtle_move_pkg_ga'
[0.280s] Level 1:colcon.colcon_core.package_identification:_identify(src/twist2tf2_pkg_g01) by extensions ['ignore', 'ignore_ament_install']
[0.280s] Level 1:colcon.colcon_core.package_identification:_identify(src/twist2tf2_pkg_g01) by extension 'ignore'
[0.280s] Level 1:colcon.colcon_core.package_identification:_identify(src/twist2tf2_pkg_g01) by extension 'ignore_ament_install'
[0.280s] Level 1:colcon.colcon_core.package_identification:_identify(src/twist2tf2_pkg_g01) by extensions ['colcon_pkg']
[0.280s] Level 1:colcon.colcon_core.package_identification:_identify(src/twist2tf2_pkg_g01) by extension 'colcon_pkg'
[0.280s] Level 1:colcon.colcon_core.package_identification:_identify(src/twist2tf2_pkg_g01) by extensions ['colcon_meta']
[0.280s] Level 1:colcon.colcon_core.package_identification:_identify(src/twist2tf2_pkg_g01) by extension 'colcon_meta'
[0.280s] Level 1:colcon.colcon_core.package_identification:_identify(src/twist2tf2_pkg_g01) by extensions ['ros']
[0.280s] Level 1:colcon.colcon_core.package_identification:_identify(src/twist2tf2_pkg_g01) by extension 'ros'
[0.280s] DEBUG:colcon.colcon_core.package_identification:Package 'src/twist2tf2_pkg_g01' with type 'ros.ament_python' and name 'twist2tf2_pkg_g01'
[0.280s] Level 1:colcon.colcon_core.package_discovery:discover_packages(recursive) using defaults
[0.280s] Level 1:colcon.colcon_core.package_discovery:discover_packages(ignore) discover
[0.280s] Level 1:colcon.colcon_core.package_discovery:discover_packages(ignore) using defaults
[0.280s] Level 1:colcon.colcon_core.package_discovery:discover_packages(path) discover
[0.280s] Level 1:colcon.colcon_core.package_discovery:discover_packages(path) using defaults
[0.299s] Level 1:colcon.colcon_core.package_discovery:discover_packages(prefix_path) check parameters
[0.299s] Level 1:colcon.colcon_core.package_discovery:discover_packages(prefix_path) discover
[0.300s] DEBUG:colcon.colcon_installed_package_information.package_discovery:Found 5 installed packages in /home/ivan/ros2_ws_2402/install
[0.301s] DEBUG:colcon.colcon_installed_package_information.package_discovery:Found 280 installed packages in /opt/ros/humble
[0.303s] Level 1:colcon.colcon_core.package_discovery:discover_packages(prefix_path) using defaults
[0.336s] Level 5:colcon.colcon_core.verb:set package 'launch_pkg_ga' build argument 'cmake_args' from command line to 'None'
[0.336s] Level 5:colcon.colcon_core.verb:set package 'launch_pkg_ga' build argument 'cmake_target' from command line to 'None'
[0.336s] Level 5:colcon.colcon_core.verb:set package 'launch_pkg_ga' build argument 'cmake_target_skip_unavailable' from command line to 'False'
[0.336s] Level 5:colcon.colcon_core.verb:set package 'launch_pkg_ga' build argument 'cmake_clean_cache' from command line to 'False'
[0.336s] Level 5:colcon.colcon_core.verb:set package 'launch_pkg_ga' build argument 'cmake_clean_first' from command line to 'False'
[0.336s] Level 5:colcon.colcon_core.verb:set package 'launch_pkg_ga' build argument 'cmake_force_configure' from command line to 'False'
[0.336s] Level 5:colcon.colcon_core.verb:set package 'launch_pkg_ga' build argument 'ament_cmake_args' from command line to 'None'
[0.336s] Level 5:colcon.colcon_core.verb:set package 'launch_pkg_ga' build argument 'catkin_cmake_args' from command line to 'None'
[0.336s] Level 5:colcon.colcon_core.verb:set package 'launch_pkg_ga' build argument 'catkin_skip_building_tests' from command line to 'False'
[0.336s] DEBUG:colcon.colcon_core.verb:Building package 'launch_pkg_ga' with the following arguments: {'ament_cmake_args': None, 'build_base': '/home/ivan/ros2_ws_2402/build/launch_pkg_ga', 'catkin_cmake_args': None, 'catkin_skip_building_tests': False, 'cmake_args': None, 'cmake_clean_cache': False, 'cmake_clean_first': False, 'cmake_force_configure': False, 'cmake_target': None, 'cmake_target_skip_unavailable': False, 'install_base': '/home/ivan/ros2_ws_2402/install/launch_pkg_ga', 'merge_install': False, 'path': '/home/ivan/ros2_ws_2402/src/launch_pkg_ga', 'symlink_install': True, 'test_result_base': None}
[0.337s] Level 5:colcon.colcon_core.verb:set package 'modelrobot3r_pkg_ga' build argument 'cmake_args' from command line to 'None'
[0.337s] Level 5:colcon.colcon_core.verb:set package 'modelrobot3r_pkg_ga' build argument 'cmake_target' from command line to 'None'
[0.337s] Level 5:colcon.colcon_core.verb:set package 'modelrobot3r_pkg_ga' build argument 'cmake_target_skip_unavailable' from command line to 'False'
[0.337s] Level 5:colcon.colcon_core.verb:set package 'modelrobot3r_pkg_ga' build argument 'cmake_clean_cache' from command line to 'False'
[0.337s] Level 5:colcon.colcon_core.verb:set package 'modelrobot3r_pkg_ga' build argument 'cmake_clean_first' from command line to 'False'
[0.337s] Level 5:colcon.colcon_core.verb:set package 'modelrobot3r_pkg_ga' build argument 'cmake_force_configure' from command line to 'False'
[0.337s] Level 5:colcon.colcon_core.verb:set package 'modelrobot3r_pkg_ga' build argument 'ament_cmake_args' from command line to 'None'
[0.337s] Level 5:colcon.colcon_core.verb:set package 'modelrobot3r_pkg_ga' build argument 'catkin_cmake_args' from command line to 'None'
[0.337s] Level 5:colcon.colcon_core.verb:set package 'modelrobot3r_pkg_ga' build argument 'catkin_skip_building_tests' from command line to 'False'
[0.337s] DEBUG:colcon.colcon_core.verb:Building package 'modelrobot3r_pkg_ga' with the following arguments: {'ament_cmake_args': None, 'build_base': '/home/ivan/ros2_ws_2402/build/modelrobot3r_pkg_ga', 'catkin_cmake_args': None, 'catkin_skip_building_tests': False, 'cmake_args': None, 'cmake_clean_cache': False, 'cmake_clean_first': False, 'cmake_force_configure': False, 'cmake_target': None, 'cmake_target_skip_unavailable': False, 'install_base': '/home/ivan/ros2_ws_2402/install/modelrobot3r_pkg_ga', 'merge_install': False, 'path': '/home/ivan/ros2_ws_2402/src/modelrobot3r_pkg_ga', 'symlink_install': True, 'test_result_base': None}
[0.337s] Level 5:colcon.colcon_core.verb:set package 'modelrobot_pkg_ga' build argument 'cmake_args' from command line to 'None'
[0.337s] Level 5:colcon.colcon_core.verb:set package 'modelrobot_pkg_ga' build argument 'cmake_target' from command line to 'None'
[0.337s] Level 5:colcon.colcon_core.verb:set package 'modelrobot_pkg_ga' build argument 'cmake_target_skip_unavailable' from command line to 'False'
[0.337s] Level 5:colcon.colcon_core.verb:set package 'modelrobot_pkg_ga' build argument 'cmake_clean_cache' from command line to 'False'
[0.337s] Level 5:colcon.colcon_core.verb:set package 'modelrobot_pkg_ga' build argument 'cmake_clean_first' from command line to 'False'
[0.337s] Level 5:colcon.colcon_core.verb:set package 'modelrobot_pkg_ga' build argument 'cmake_force_configure' from command line to 'False'
[0.337s] Level 5:colcon.colcon_core.verb:set package 'modelrobot_pkg_ga' build argument 'ament_cmake_args' from command line to 'None'
[0.337s] Level 5:colcon.colcon_core.verb:set package 'modelrobot_pkg_ga' build argument 'catkin_cmake_args' from command line to 'None'
[0.337s] Level 5:colcon.colcon_core.verb:set package 'modelrobot_pkg_ga' build argument 'catkin_skip_building_tests' from command line to 'False'
[0.337s] DEBUG:colcon.colcon_core.verb:Building package 'modelrobot_pkg_ga' with the following arguments: {'ament_cmake_args': None, 'build_base': '/home/ivan/ros2_ws_2402/build/modelrobot_pkg_ga', 'catkin_cmake_args': None, 'catkin_skip_building_tests': False, 'cmake_args': None, 'cmake_clean_cache': False, 'cmake_clean_first': False, 'cmake_force_configure': False, 'cmake_target': None, 'cmake_target_skip_unavailable': False, 'install_base': '/home/ivan/ros2_ws_2402/install/modelrobot_pkg_ga', 'merge_install': False, 'path': '/home/ivan/ros2_ws_2402/src/modelrobot_pkg_ga', 'symlink_install': True, 'test_result_base': None}
[0.338s] Level 5:colcon.colcon_core.verb:set package 'turtle_move_pkg_ga' build argument 'cmake_args' from command line to 'None'
[0.338s] Level 5:colcon.colcon_core.verb:set package 'turtle_move_pkg_ga' build argument 'cmake_target' from command line to 'None'
[0.338s] Level 5:colcon.colcon_core.verb:set package 'turtle_move_pkg_ga' build argument 'cmake_target_skip_unavailable' from command line to 'False'
[0.338s] Level 5:colcon.colcon_core.verb:set package 'turtle_move_pkg_ga' build argument 'cmake_clean_cache' from command line to 'False'
[0.338s] Level 5:colcon.colcon_core.verb:set package 'turtle_move_pkg_ga' build argument 'cmake_clean_first' from command line to 'False'
[0.338s] Level 5:colcon.colcon_core.verb:set package 'turtle_move_pkg_ga' build argument 'cmake_force_configure' from command line to 'False'
[0.338s] Level 5:colcon.colcon_core.verb:set package 'turtle_move_pkg_ga' build argument 'ament_cmake_args' from command line to 'None'
[0.338s] Level 5:colcon.colcon_core.verb:set package 'turtle_move_pkg_ga' build argument 'catkin_cmake_args' from command line to 'None'
[0.338s] Level 5:colcon.colcon_core.verb:set package 'turtle_move_pkg_ga' build argument 'catkin_skip_building_tests' from command line to 'False'
[0.338s] DEBUG:colcon.colcon_core.verb:Building package 'turtle_move_pkg_ga' with the following arguments: {'ament_cmake_args': None, 'build_base': '/home/ivan/ros2_ws_2402/build/turtle_move_pkg_ga', 'catkin_cmake_args': None, 'catkin_skip_building_tests': False, 'cmake_args': None, 'cmake_clean_cache': False, 'cmake_clean_first': False, 'cmake_force_configure': False, 'cmake_target': None, 'cmake_target_skip_unavailable': False, 'install_base': '/home/ivan/ros2_ws_2402/install/turtle_move_pkg_ga', 'merge_install': False, 'path': '/home/ivan/ros2_ws_2402/src/turtle_move_pkg_ga', 'symlink_install': True, 'test_result_base': None}
[0.338s] Level 5:colcon.colcon_core.verb:set package 'twist2tf2_pkg_g01' build argument 'cmake_args' from command line to 'None'
[0.338s] Level 5:colcon.colcon_core.verb:set package 'twist2tf2_pkg_g01' build argument 'cmake_target' from command line to 'None'
[0.338s] Level 5:colcon.colcon_core.verb:set package 'twist2tf2_pkg_g01' build argument 'cmake_target_skip_unavailable' from command line to 'False'
[0.338s] Level 5:colcon.colcon_core.verb:set package 'twist2tf2_pkg_g01' build argument 'cmake_clean_cache' from command line to 'False'
[0.338s] Level 5:colcon.colcon_core.verb:set package 'twist2tf2_pkg_g01' build argument 'cmake_clean_first' from command line to 'False'
[0.338s] Level 5:colcon.colcon_core.verb:set package 'twist2tf2_pkg_g01' build argument 'cmake_force_configure' from command line to 'False'
[0.338s] Level 5:colcon.colcon_core.verb:set package 'twist2tf2_pkg_g01' build argument 'ament_cmake_args' from command line to 'None'
[0.338s] Level 5:colcon.colcon_core.verb:set package 'twist2tf2_pkg_g01' build argument 'catkin_cmake_args' from command line to 'None'
[0.338s] Level 5:colcon.colcon_core.verb:set package 'twist2tf2_pkg_g01' build argument 'catkin_skip_building_tests' from command line to 'False'
[0.338s] DEBUG:colcon.colcon_core.verb:Building package 'twist2tf2_pkg_g01' with the following arguments: {'ament_cmake_args': None, 'build_base': '/home/ivan/ros2_ws_2402/build/twist2tf2_pkg_g01', 'catkin_cmake_args': None, 'catkin_skip_building_tests': False, 'cmake_args': None, 'cmake_clean_cache': False, 'cmake_clean_first': False, 'cmake_force_configure': False, 'cmake_target': None, 'cmake_target_skip_unavailable': False, 'install_base': '/home/ivan/ros2_ws_2402/install/twist2tf2_pkg_g01', 'merge_install': False, 'path': '/home/ivan/ros2_ws_2402/src/twist2tf2_pkg_g01', 'symlink_install': True, 'test_result_base': None}
[0.339s] INFO:colcon.colcon_core.executor:Executing jobs using 'parallel' executor
[0.339s] DEBUG:colcon.colcon_parallel_executor.executor.parallel:run_until_complete
[0.340s] INFO:colcon.colcon_ros.task.ament_python.build:Building ROS package in '/home/ivan/ros2_ws_2402/src/launch_pkg_ga' with build type 'ament_python'
[0.340s] Level 1:colcon.colcon_core.shell:create_environment_hook('launch_pkg_ga', 'ament_prefix_path')
[0.343s] INFO:colcon.colcon_core.plugin_system:Skipping extension 'colcon_core.shell.bat': Not used on non-Windows systems
[0.343s] INFO:colcon.colcon_core.shell:Creating environment hook '/home/ivan/ros2_ws_2402/install/launch_pkg_ga/share/launch_pkg_ga/hook/ament_prefix_path.ps1'
[0.344s] INFO:colcon.colcon_core.shell:Creating environment descriptor '/home/ivan/ros2_ws_2402/install/launch_pkg_ga/share/launch_pkg_ga/hook/ament_prefix_path.dsv'
[0.344s] INFO:colcon.colcon_core.shell:Creating environment hook '/home/ivan/ros2_ws_2402/install/launch_pkg_ga/share/launch_pkg_ga/hook/ament_prefix_path.sh'
[0.345s] INFO:colcon.colcon_core.shell:Skip shell extension 'powershell' for command environment: Not usable outside of PowerShell
[0.345s] DEBUG:colcon.colcon_core.shell:Skip shell extension 'dsv' for command environment
[0.348s] INFO:colcon.colcon_ros.task.ament_python.build:Building ROS package in '/home/ivan/ros2_ws_2402/src/modelrobot3r_pkg_ga' with build type 'ament_python'
[0.349s] Level 1:colcon.colcon_core.shell:create_environment_hook('modelrobot3r_pkg_ga', 'ament_prefix_path')
[0.349s] INFO:colcon.colcon_core.shell:Creating environment hook '/home/ivan/ros2_ws_2402/install/modelrobot3r_pkg_ga/share/modelrobot3r_pkg_ga/hook/ament_prefix_path.ps1'
[0.350s] INFO:colcon.colcon_core.shell:Creating environment descriptor '/home/ivan/ros2_ws_2402/install/modelrobot3r_pkg_ga/share/modelrobot3r_pkg_ga/hook/ament_prefix_path.dsv'
[0.350s] INFO:colcon.colcon_core.shell:Creating environment hook '/home/ivan/ros2_ws_2402/install/modelrobot3r_pkg_ga/share/modelrobot3r_pkg_ga/hook/ament_prefix_path.sh'
[0.351s] INFO:colcon.colcon_core.shell:Skip shell extension 'powershell' for command environment: Not usable outside of PowerShell
[0.351s] DEBUG:colcon.colcon_core.shell:Skip shell extension 'dsv' for command environment
[0.353s] INFO:colcon.colcon_ros.task.ament_python.build:Building ROS package in '/home/ivan/ros2_ws_2402/src/modelrobot_pkg_ga' with build type 'ament_python'
[0.353s] Level 1:colcon.colcon_core.shell:create_environment_hook('modelrobot_pkg_ga', 'ament_prefix_path')
[0.354s] INFO:colcon.colcon_core.shell:Creating environment hook '/home/ivan/ros2_ws_2402/install/modelrobot_pkg_ga/share/modelrobot_pkg_ga/hook/ament_prefix_path.ps1'
[0.354s] INFO:colcon.colcon_core.shell:Creating environment descriptor '/home/ivan/ros2_ws_2402/install/modelrobot_pkg_ga/share/modelrobot_pkg_ga/hook/ament_prefix_path.dsv'
[0.355s] INFO:colcon.colcon_core.shell:Creating environment hook '/home/ivan/ros2_ws_2402/install/modelrobot_pkg_ga/share/modelrobot_pkg_ga/hook/ament_prefix_path.sh'
[0.356s] INFO:colcon.colcon_core.shell:Skip shell extension 'powershell' for command environment: Not usable outside of PowerShell
[0.356s] DEBUG:colcon.colcon_core.shell:Skip shell extension 'dsv' for command environment
[0.358s] INFO:colcon.colcon_ros.task.ament_python.build:Building ROS package in '/home/ivan/ros2_ws_2402/src/turtle_move_pkg_ga' with build type 'ament_python'
[0.359s] Level 1:colcon.colcon_core.shell:create_environment_hook('turtle_move_pkg_ga', 'ament_prefix_path')
[0.359s] INFO:colcon.colcon_core.shell:Creating environment hook '/home/ivan/ros2_ws_2402/install/turtle_move_pkg_ga/share/turtle_move_pkg_ga/hook/ament_prefix_path.ps1'
[0.359s] INFO:colcon.colcon_core.shell:Creating environment descriptor '/home/ivan/ros2_ws_2402/install/turtle_move_pkg_ga/share/turtle_move_pkg_ga/hook/ament_prefix_path.dsv'
[0.360s] INFO:colcon.colcon_core.shell:Creating environment hook '/home/ivan/ros2_ws_2402/install/turtle_move_pkg_ga/share/turtle_move_pkg_ga/hook/ament_prefix_path.sh'
[0.361s] INFO:colcon.colcon_core.shell:Skip shell extension 'powershell' for command environment: Not usable outside of PowerShell
[0.361s] DEBUG:colcon.colcon_core.shell:Skip shell extension 'dsv' for command environment
[0.609s] INFO:colcon.colcon_core.task.python.build:Building Python package in '/home/ivan/ros2_ws_2402/src/launch_pkg_ga'
[0.609s] INFO:colcon.colcon_core.shell:Skip shell extension 'powershell' for command environment: Not usable outside of PowerShell
[0.609s] DEBUG:colcon.colcon_core.shell:Skip shell extension 'dsv' for command environment
[0.863s] INFO:colcon.colcon_core.task.python.build:Building Python package in '/home/ivan/ros2_ws_2402/src/modelrobot3r_pkg_ga'
[0.863s] INFO:colcon.colcon_core.shell:Skip shell extension 'powershell' for command environment: Not usable outside of PowerShell
[0.863s] DEBUG:colcon.colcon_core.shell:Skip shell extension 'dsv' for command environment
[1.123s] INFO:colcon.colcon_core.task.python.build:Building Python package in '/home/ivan/ros2_ws_2402/src/modelrobot_pkg_ga'
[1.123s] INFO:colcon.colcon_core.shell:Skip shell extension 'powershell' for command environment: Not usable outside of PowerShell
[1.124s] DEBUG:colcon.colcon_core.shell:Skip shell extension 'dsv' for command environment
[1.375s] INFO:colcon.colcon_core.task.python.build:Building Python package in '/home/ivan/ros2_ws_2402/src/turtle_move_pkg_ga'
[1.375s] INFO:colcon.colcon_core.shell:Skip shell extension 'powershell' for command environment: Not usable outside of PowerShell
[1.375s] DEBUG:colcon.colcon_core.shell:Skip shell extension 'dsv' for command environment
[1.747s] DEBUG:colcon.colcon_core.event_handler.log_command:Invoking command in '/home/ivan/ros2_ws_2402/build/launch_pkg_ga': PYTHONPATH=/home/ivan/ros2_ws_2402/build/launch_pkg_ga/prefix_override:/usr/lib/python3/dist-packages/colcon_core/task/python/colcon_distutils_commands:/home/ivan/ros2_ws_2402/install/launch_pkg_ga/lib/python3.10/site-packages:${PYTHONPATH} /usr/bin/python3 -W ignore:setup.py install is deprecated setup.py develop --editable --build-directory /home/ivan/ros2_ws_2402/build/launch_pkg_ga/build --no-deps symlink_data
[1.768s] DEBUG:colcon.colcon_core.event_handler.log_command:Invoking command in '/home/ivan/ros2_ws_2402/build/turtle_move_pkg_ga': PYTHONPATH=/home/ivan/ros2_ws_2402/build/turtle_move_pkg_ga/prefix_override:/usr/lib/python3/dist-packages/colcon_core/task/python/colcon_distutils_commands:/home/ivan/ros2_ws_2402/install/turtle_move_pkg_ga/lib/python3.10/site-packages:${PYTHONPATH} /usr/bin/python3 -W ignore:setup.py install is deprecated setup.py develop --editable --build-directory /home/ivan/ros2_ws_2402/build/turtle_move_pkg_ga/build --no-deps symlink_data
[1.818s] DEBUG:colcon.colcon_core.event_handler.log_command:Invoking command in '/home/ivan/ros2_ws_2402/build/modelrobot_pkg_ga': PYTHONPATH=/home/ivan/ros2_ws_2402/build/modelrobot_pkg_ga/prefix_override:/usr/lib/python3/dist-packages/colcon_core/task/python/colcon_distutils_commands:/home/ivan/ros2_ws_2402/install/modelrobot_pkg_ga/lib/python3.10/site-packages:${PYTHONPATH} /usr/bin/python3 -W ignore:setup.py install is deprecated setup.py develop --editable --build-directory /home/ivan/ros2_ws_2402/build/modelrobot_pkg_ga/build --no-deps symlink_data
[1.901s] DEBUG:colcon.colcon_core.event_handler.log_command:Invoking command in '/home/ivan/ros2_ws_2402/build/modelrobot3r_pkg_ga': PYTHONPATH=/home/ivan/ros2_ws_2402/build/modelrobot3r_pkg_ga/prefix_override:/usr/lib/python3/dist-packages/colcon_core/task/python/colcon_distutils_commands:/home/ivan/ros2_ws_2402/install/modelrobot3r_pkg_ga/lib/python3.10/site-packages:${PYTHONPATH} /usr/bin/python3 -W ignore:setup.py install is deprecated setup.py develop --editable --build-directory /home/ivan/ros2_ws_2402/build/modelrobot3r_pkg_ga/build --no-deps symlink_data
[2.327s] Level 1:colcon.colcon_core.shell:create_environment_hook('launch_pkg_ga', 'pythonpath_develop')
[2.327s] INFO:colcon.colcon_core.shell:Creating environment hook '/home/ivan/ros2_ws_2402/build/launch_pkg_ga/share/launch_pkg_ga/hook/pythonpath_develop.ps1'
[2.328s] DEBUG:colcon.colcon_core.event_handler.log_command:Invoked command in '/home/ivan/ros2_ws_2402/build/launch_pkg_ga' returned '0': PYTHONPATH=/home/ivan/ros2_ws_2402/build/launch_pkg_ga/prefix_override:/usr/lib/python3/dist-packages/colcon_core/task/python/colcon_distutils_commands:/home/ivan/ros2_ws_2402/install/launch_pkg_ga/lib/python3.10/site-packages:${PYTHONPATH} /usr/bin/python3 -W ignore:setup.py install is deprecated setup.py develop --editable --build-directory /home/ivan/ros2_ws_2402/build/launch_pkg_ga/build --no-deps symlink_data
[2.329s] INFO:colcon.colcon_core.shell:Creating environment descriptor '/home/ivan/ros2_ws_2402/build/launch_pkg_ga/share/launch_pkg_ga/hook/pythonpath_develop.dsv'
[2.329s] INFO:colcon.colcon_core.shell:Creating environment hook '/home/ivan/ros2_ws_2402/build/launch_pkg_ga/share/launch_pkg_ga/hook/pythonpath_develop.sh'
[2.333s] Level 1:colcon.colcon_core.environment:checking '/home/ivan/ros2_ws_2402/install/launch_pkg_ga' for CMake module files
[2.334s] Level 1:colcon.colcon_core.environment:checking '/home/ivan/ros2_ws_2402/install/launch_pkg_ga' for CMake config files
[2.335s] Level 1:colcon.colcon_core.environment:checking '/home/ivan/ros2_ws_2402/install/launch_pkg_ga/lib'
[2.335s] Level 1:colcon.colcon_core.environment:checking '/home/ivan/ros2_ws_2402/install/launch_pkg_ga/bin'
[2.335s] Level 1:colcon.colcon_core.environment:checking '/home/ivan/ros2_ws_2402/install/launch_pkg_ga/lib/pkgconfig/launch_pkg_ga.pc'
[2.335s] Level 1:colcon.colcon_core.environment:checking '/home/ivan/ros2_ws_2402/install/launch_pkg_ga/lib/python3.10/site-packages'
[2.335s] Level 1:colcon.colcon_core.shell:create_environment_hook('launch_pkg_ga', 'pythonpath')
[2.336s] INFO:colcon.colcon_core.shell:Creating environment hook '/home/ivan/ros2_ws_2402/install/launch_pkg_ga/share/launch_pkg_ga/hook/pythonpath.ps1'
[2.336s] INFO:colcon.colcon_core.shell:Creating environment descriptor '/home/ivan/ros2_ws_2402/install/launch_pkg_ga/share/launch_pkg_ga/hook/pythonpath.dsv'
[2.337s] INFO:colcon.colcon_core.shell:Creating environment hook '/home/ivan/ros2_ws_2402/install/launch_pkg_ga/share/launch_pkg_ga/hook/pythonpath.sh'
[2.339s] Level 1:colcon.colcon_core.environment:checking '/home/ivan/ros2_ws_2402/install/launch_pkg_ga/bin'
[2.339s] Level 1:colcon.colcon_core.environment:create_environment_scripts_only(launch_pkg_ga)
[2.339s] INFO:colcon.colcon_core.shell:Creating package script '/home/ivan/ros2_ws_2402/install/launch_pkg_ga/share/launch_pkg_ga/package.ps1'
[2.341s] INFO:colcon.colcon_core.shell:Creating package descriptor '/home/ivan/ros2_ws_2402/install/launch_pkg_ga/share/launch_pkg_ga/package.dsv'
[2.342s] INFO:colcon.colcon_core.shell:Creating package script '/home/ivan/ros2_ws_2402/install/launch_pkg_ga/share/launch_pkg_ga/package.sh'
[2.344s] INFO:colcon.colcon_core.shell:Creating package script '/home/ivan/ros2_ws_2402/install/launch_pkg_ga/share/launch_pkg_ga/package.bash'
[2.345s] INFO:colcon.colcon_core.shell:Creating package script '/home/ivan/ros2_ws_2402/install/launch_pkg_ga/share/launch_pkg_ga/package.zsh'
[2.346s] Level 1:colcon.colcon_core.environment:create_file_with_runtime_dependencies(/home/ivan/ros2_ws_2402/install/launch_pkg_ga/share/colcon-core/packages/launch_pkg_ga)
[2.349s] INFO:colcon.colcon_ros.task.ament_python.build:Building ROS package in '/home/ivan/ros2_ws_2402/src/twist2tf2_pkg_g01' with build type 'ament_python'
[2.349s] Level 1:colcon.colcon_core.shell:create_environment_hook('twist2tf2_pkg_g01', 'ament_prefix_path')
[2.350s] INFO:colcon.colcon_core.shell:Creating environment hook '/home/ivan/ros2_ws_2402/install/twist2tf2_pkg_g01/share/twist2tf2_pkg_g01/hook/ament_prefix_path.ps1'
[2.350s] INFO:colcon.colcon_core.shell:Creating environment descriptor '/home/ivan/ros2_ws_2402/install/twist2tf2_pkg_g01/share/twist2tf2_pkg_g01/hook/ament_prefix_path.dsv'
[2.352s] INFO:colcon.colcon_core.shell:Creating environment hook '/home/ivan/ros2_ws_2402/install/twist2tf2_pkg_g01/share/twist2tf2_pkg_g01/hook/ament_prefix_path.sh'
[2.353s] INFO:colcon.colcon_core.shell:Skip shell extension 'powershell' for command environment: Not usable outside of PowerShell
[2.353s] DEBUG:colcon.colcon_core.shell:Skip shell extension 'dsv' for command environment
[2.657s] INFO:colcon.colcon_core.task.python.build:Building Python package in '/home/ivan/ros2_ws_2402/src/twist2tf2_pkg_g01'
[2.657s] INFO:colcon.colcon_core.shell:Skip shell extension 'powershell' for command environment: Not usable outside of PowerShell
[2.657s] DEBUG:colcon.colcon_core.shell:Skip shell extension 'dsv' for command environment
[2.669s] Level 1:colcon.colcon_core.shell:create_environment_hook('modelrobot_pkg_ga', 'pythonpath_develop')
[2.669s] INFO:colcon.colcon_core.shell:Creating environment hook '/home/ivan/ros2_ws_2402/build/modelrobot_pkg_ga/share/modelrobot_pkg_ga/hook/pythonpath_develop.ps1'
[2.670s] DEBUG:colcon.colcon_core.event_handler.log_command:Invoked command in '/home/ivan/ros2_ws_2402/build/modelrobot_pkg_ga' returned '0': PYTHONPATH=/home/ivan/ros2_ws_2402/build/modelrobot_pkg_ga/prefix_override:/usr/lib/python3/dist-packages/colcon_core/task/python/colcon_distutils_commands:/home/ivan/ros2_ws_2402/install/modelrobot_pkg_ga/lib/python3.10/site-packages:${PYTHONPATH} /usr/bin/python3 -W ignore:setup.py install is deprecated setup.py develop --editable --build-directory /home/ivan/ros2_ws_2402/build/modelrobot_pkg_ga/build --no-deps symlink_data
[2.670s] INFO:colcon.colcon_core.shell:Creating environment descriptor '/home/ivan/ros2_ws_2402/build/modelrobot_pkg_ga/share/modelrobot_pkg_ga/hook/pythonpath_develop.dsv'
[2.671s] INFO:colcon.colcon_core.shell:Creating environment hook '/home/ivan/ros2_ws_2402/build/modelrobot_pkg_ga/share/modelrobot_pkg_ga/hook/pythonpath_develop.sh'
[2.672s] Level 1:colcon.colcon_core.environment:checking '/home/ivan/ros2_ws_2402/install/modelrobot_pkg_ga' for CMake module files
[2.672s] Level 1:colcon.colcon_core.environment:checking '/home/ivan/ros2_ws_2402/install/modelrobot_pkg_ga' for CMake config files
[2.672s] Level 1:colcon.colcon_core.environment:checking '/home/ivan/ros2_ws_2402/install/modelrobot_pkg_ga/lib'
[2.672s] Level 1:colcon.colcon_core.environment:checking '/home/ivan/ros2_ws_2402/install/modelrobot_pkg_ga/bin'
[2.673s] Level 1:colcon.colcon_core.environment:checking '/home/ivan/ros2_ws_2402/install/modelrobot_pkg_ga/lib/pkgconfig/modelrobot_pkg_ga.pc'
[2.673s] Level 1:colcon.colcon_core.environment:checking '/home/ivan/ros2_ws_2402/install/modelrobot_pkg_ga/lib/python3.10/site-packages'
[2.673s] Level 1:colcon.colcon_core.shell:create_environment_hook('modelrobot_pkg_ga', 'pythonpath')
[2.673s] INFO:colcon.colcon_core.shell:Creating environment hook '/home/ivan/ros2_ws_2402/install/modelrobot_pkg_ga/share/modelrobot_pkg_ga/hook/pythonpath.ps1'
[2.673s] INFO:colcon.colcon_core.shell:Creating environment descriptor '/home/ivan/ros2_ws_2402/install/modelrobot_pkg_ga/share/modelrobot_pkg_ga/hook/pythonpath.dsv'
[2.674s] INFO:colcon.colcon_core.shell:Creating environment hook '/home/ivan/ros2_ws_2402/install/modelrobot_pkg_ga/share/modelrobot_pkg_ga/hook/pythonpath.sh'
[2.674s] Level 1:colcon.colcon_core.environment:checking '/home/ivan/ros2_ws_2402/install/modelrobot_pkg_ga/bin'
[2.675s] Level 1:colcon.colcon_core.environment:create_environment_scripts_only(modelrobot_pkg_ga)
[2.675s] INFO:colcon.colcon_core.shell:Creating package script '/home/ivan/ros2_ws_2402/install/modelrobot_pkg_ga/share/modelrobot_pkg_ga/package.ps1'
[2.675s] INFO:colcon.colcon_core.shell:Creating package descriptor '/home/ivan/ros2_ws_2402/install/modelrobot_pkg_ga/share/modelrobot_pkg_ga/package.dsv'
[2.676s] INFO:colcon.colcon_core.shell:Creating package script '/home/ivan/ros2_ws_2402/install/modelrobot_pkg_ga/share/modelrobot_pkg_ga/package.sh'
[2.676s] INFO:colcon.colcon_core.shell:Creating package script '/home/ivan/ros2_ws_2402/install/modelrobot_pkg_ga/share/modelrobot_pkg_ga/package.bash'
[2.678s] INFO:colcon.colcon_core.shell:Creating package script '/home/ivan/ros2_ws_2402/install/modelrobot_pkg_ga/share/modelrobot_pkg_ga/package.zsh'
[2.678s] Level 1:colcon.colcon_core.environment:create_file_with_runtime_dependencies(/home/ivan/ros2_ws_2402/install/modelrobot_pkg_ga/share/colcon-core/packages/modelrobot_pkg_ga)
[2.678s] Level 1:colcon.colcon_core.shell:create_environment_hook('modelrobot3r_pkg_ga', 'pythonpath_develop')
[2.679s] INFO:colcon.colcon_core.shell:Creating environment hook '/home/ivan/ros2_ws_2402/build/modelrobot3r_pkg_ga/share/modelrobot3r_pkg_ga/hook/pythonpath_develop.ps1'
[2.679s] INFO:colcon.colcon_core.shell:Creating environment descriptor '/home/ivan/ros2_ws_2402/build/modelrobot3r_pkg_ga/share/modelrobot3r_pkg_ga/hook/pythonpath_develop.dsv'
[2.680s] DEBUG:colcon.colcon_core.event_handler.log_command:Invoked command in '/home/ivan/ros2_ws_2402/build/modelrobot3r_pkg_ga' returned '0': PYTHONPATH=/home/ivan/ros2_ws_2402/build/modelrobot3r_pkg_ga/prefix_override:/usr/lib/python3/dist-packages/colcon_core/task/python/colcon_distutils_commands:/home/ivan/ros2_ws_2402/install/modelrobot3r_pkg_ga/lib/python3.10/site-packages:${PYTHONPATH} /usr/bin/python3 -W ignore:setup.py install is deprecated setup.py develop --editable --build-directory /home/ivan/ros2_ws_2402/build/modelrobot3r_pkg_ga/build --no-deps symlink_data
[2.680s] INFO:colcon.colcon_core.shell:Creating environment hook '/home/ivan/ros2_ws_2402/build/modelrobot3r_pkg_ga/share/modelrobot3r_pkg_ga/hook/pythonpath_develop.sh'
[2.681s] Level 1:colcon.colcon_core.environment:checking '/home/ivan/ros2_ws_2402/install/modelrobot3r_pkg_ga' for CMake module files
[2.682s] Level 1:colcon.colcon_core.environment:checking '/home/ivan/ros2_ws_2402/install/modelrobot3r_pkg_ga' for CMake config files
[2.682s] Level 1:colcon.colcon_core.environment:checking '/home/ivan/ros2_ws_2402/install/modelrobot3r_pkg_ga/lib'
[2.682s] Level 1:colcon.colcon_core.environment:checking '/home/ivan/ros2_ws_2402/install/modelrobot3r_pkg_ga/bin'
[2.682s] Level 1:colcon.colcon_core.environment:checking '/home/ivan/ros2_ws_2402/install/modelrobot3r_pkg_ga/lib/pkgconfig/modelrobot3r_pkg_ga.pc'
[2.682s] Level 1:colcon.colcon_core.environment:checking '/home/ivan/ros2_ws_2402/install/modelrobot3r_pkg_ga/lib/python3.10/site-packages'
[2.682s] Level 1:colcon.colcon_core.shell:create_environment_hook('modelrobot3r_pkg_ga', 'pythonpath')
[2.683s] INFO:colcon.colcon_core.shell:Creating environment hook '/home/ivan/ros2_ws_2402/install/modelrobot3r_pkg_ga/share/modelrobot3r_pkg_ga/hook/pythonpath.ps1'
[2.683s] INFO:colcon.colcon_core.shell:Creating environment descriptor '/home/ivan/ros2_ws_2402/install/modelrobot3r_pkg_ga/share/modelrobot3r_pkg_ga/hook/pythonpath.dsv'
[2.684s] INFO:colcon.colcon_core.shell:Creating environment hook '/home/ivan/ros2_ws_2402/install/modelrobot3r_pkg_ga/share/modelrobot3r_pkg_ga/hook/pythonpath.sh'
[2.684s] Level 1:colcon.colcon_core.environment:checking '/home/ivan/ros2_ws_2402/install/modelrobot3r_pkg_ga/bin'
[2.684s] Level 1:colcon.colcon_core.environment:create_environment_scripts_only(modelrobot3r_pkg_ga)
[2.685s] INFO:colcon.colcon_core.shell:Creating package script '/home/ivan/ros2_ws_2402/install/modelrobot3r_pkg_ga/share/modelrobot3r_pkg_ga/package.ps1'
[2.685s] INFO:colcon.colcon_core.shell:Creating package descriptor '/home/ivan/ros2_ws_2402/install/modelrobot3r_pkg_ga/share/modelrobot3r_pkg_ga/package.dsv'
[2.686s] INFO:colcon.colcon_core.shell:Creating package script '/home/ivan/ros2_ws_2402/install/modelrobot3r_pkg_ga/share/modelrobot3r_pkg_ga/package.sh'
[2.686s] INFO:colcon.colcon_core.shell:Creating package script '/home/ivan/ros2_ws_2402/install/modelrobot3r_pkg_ga/share/modelrobot3r_pkg_ga/package.bash'
[2.687s] INFO:colcon.colcon_core.shell:Creating package script '/home/ivan/ros2_ws_2402/install/modelrobot3r_pkg_ga/share/modelrobot3r_pkg_ga/package.zsh'
[2.687s] Level 1:colcon.colcon_core.environment:create_file_with_runtime_dependencies(/home/ivan/ros2_ws_2402/install/modelrobot3r_pkg_ga/share/colcon-core/packages/modelrobot3r_pkg_ga)
[2.688s] Level 1:colcon.colcon_core.shell:create_environment_hook('turtle_move_pkg_ga', 'pythonpath_develop')
[2.688s] INFO:colcon.colcon_core.shell:Creating environment hook '/home/ivan/ros2_ws_2402/build/turtle_move_pkg_ga/share/turtle_move_pkg_ga/hook/pythonpath_develop.ps1'
[2.689s] DEBUG:colcon.colcon_core.event_handler.log_command:Invoked command in '/home/ivan/ros2_ws_2402/build/turtle_move_pkg_ga' returned '0': PYTHONPATH=/home/ivan/ros2_ws_2402/build/turtle_move_pkg_ga/prefix_override:/usr/lib/python3/dist-packages/colcon_core/task/python/colcon_distutils_commands:/home/ivan/ros2_ws_2402/install/turtle_move_pkg_ga/lib/python3.10/site-packages:${PYTHONPATH} /usr/bin/python3 -W ignore:setup.py install is deprecated setup.py develop --editable --build-directory /home/ivan/ros2_ws_2402/build/turtle_move_pkg_ga/build --no-deps symlink_data
[2.689s] INFO:colcon.colcon_core.shell:Creating environment descriptor '/home/ivan/ros2_ws_2402/build/turtle_move_pkg_ga/share/turtle_move_pkg_ga/hook/pythonpath_develop.dsv'
[2.689s] INFO:colcon.colcon_core.shell:Creating environment hook '/home/ivan/ros2_ws_2402/build/turtle_move_pkg_ga/share/turtle_move_pkg_ga/hook/pythonpath_develop.sh'
[2.690s] Level 1:colcon.colcon_core.environment:checking '/home/ivan/ros2_ws_2402/install/turtle_move_pkg_ga' for CMake module files
[2.690s] Level 1:colcon.colcon_core.environment:checking '/home/ivan/ros2_ws_2402/install/turtle_move_pkg_ga' for CMake config files
[2.691s] Level 1:colcon.colcon_core.environment:checking '/home/ivan/ros2_ws_2402/install/turtle_move_pkg_ga/lib'
[2.691s] Level 1:colcon.colcon_core.environment:checking '/home/ivan/ros2_ws_2402/install/turtle_move_pkg_ga/bin'
[2.691s] Level 1:colcon.colcon_core.environment:checking '/home/ivan/ros2_ws_2402/install/turtle_move_pkg_ga/lib/pkgconfig/turtle_move_pkg_ga.pc'
[2.691s] Level 1:colcon.colcon_core.environment:checking '/home/ivan/ros2_ws_2402/install/turtle_move_pkg_ga/lib/python3.10/site-packages'
[2.691s] Level 1:colcon.colcon_core.shell:create_environment_hook('turtle_move_pkg_ga', 'pythonpath')
[2.691s] INFO:colcon.colcon_core.shell:Creating environment hook '/home/ivan/ros2_ws_2402/install/turtle_move_pkg_ga/share/turtle_move_pkg_ga/hook/pythonpath.ps1'
[2.691s] INFO:colcon.colcon_core.shell:Creating environment descriptor '/home/ivan/ros2_ws_2402/install/turtle_move_pkg_ga/share/turtle_move_pkg_ga/hook/pythonpath.dsv'
[2.692s] INFO:colcon.colcon_core.shell:Creating environment hook '/home/ivan/ros2_ws_2402/install/turtle_move_pkg_ga/share/turtle_move_pkg_ga/hook/pythonpath.sh'
[2.692s] Level 1:colcon.colcon_core.environment:checking '/home/ivan/ros2_ws_2402/install/turtle_move_pkg_ga/bin'
[2.693s] Level 1:colcon.colcon_core.environment:create_environment_scripts_only(turtle_move_pkg_ga)
[2.693s] INFO:colcon.colcon_core.shell:Creating package script '/home/ivan/ros2_ws_2402/install/turtle_move_pkg_ga/share/turtle_move_pkg_ga/package.ps1'
[2.693s] INFO:colcon.colcon_core.shell:Creating package descriptor '/home/ivan/ros2_ws_2402/install/turtle_move_pkg_ga/share/turtle_move_pkg_ga/package.dsv'
[2.694s] INFO:colcon.colcon_core.shell:Creating package script '/home/ivan/ros2_ws_2402/install/turtle_move_pkg_ga/share/turtle_move_pkg_ga/package.sh'
[2.694s] INFO:colcon.colcon_core.shell:Creating package script '/home/ivan/ros2_ws_2402/install/turtle_move_pkg_ga/share/turtle_move_pkg_ga/package.bash'
[2.695s] INFO:colcon.colcon_core.shell:Creating package script '/home/ivan/ros2_ws_2402/install/turtle_move_pkg_ga/share/turtle_move_pkg_ga/package.zsh'
[2.695s] Level 1:colcon.colcon_core.environment:create_file_with_runtime_dependencies(/home/ivan/ros2_ws_2402/install/turtle_move_pkg_ga/share/colcon-core/packages/turtle_move_pkg_ga)
[3.002s] DEBUG:colcon.colcon_core.event_handler.log_command:Invoking command in '/home/ivan/ros2_ws_2402/build/twist2tf2_pkg_g01': PYTHONPATH=/home/ivan/ros2_ws_2402/build/twist2tf2_pkg_g01/prefix_override:/usr/lib/python3/dist-packages/colcon_core/task/python/colcon_distutils_commands:/home/ivan/ros2_ws_2402/install/twist2tf2_pkg_g01/lib/python3.10/site-packages:${PYTHONPATH} /usr/bin/python3 -W ignore:setup.py install is deprecated setup.py develop --editable --build-directory /home/ivan/ros2_ws_2402/build/twist2tf2_pkg_g01/build --no-deps symlink_data
[3.427s] Level 1:colcon.colcon_core.shell:create_environment_hook('twist2tf2_pkg_g01', 'pythonpath_develop')
[3.428s] INFO:colcon.colcon_core.shell:Creating environment hook '/home/ivan/ros2_ws_2402/build/twist2tf2_pkg_g01/share/twist2tf2_pkg_g01/hook/pythonpath_develop.ps1'
[3.428s] DEBUG:colcon.colcon_core.event_handler.log_command:Invoked command in '/home/ivan/ros2_ws_2402/build/twist2tf2_pkg_g01' returned '0': PYTHONPATH=/home/ivan/ros2_ws_2402/build/twist2tf2_pkg_g01/prefix_override:/usr/lib/python3/dist-packages/colcon_core/task/python/colcon_distutils_commands:/home/ivan/ros2_ws_2402/install/twist2tf2_pkg_g01/lib/python3.10/site-packages:${PYTHONPATH} /usr/bin/python3 -W ignore:setup.py install is deprecated setup.py develop --editable --build-directory /home/ivan/ros2_ws_2402/build/twist2tf2_pkg_g01/build --no-deps symlink_data
[3.428s] INFO:colcon.colcon_core.shell:Creating environment descriptor '/home/ivan/ros2_ws_2402/build/twist2tf2_pkg_g01/share/twist2tf2_pkg_g01/hook/pythonpath_develop.dsv'
[3.429s] INFO:colcon.colcon_core.shell:Creating environment hook '/home/ivan/ros2_ws_2402/build/twist2tf2_pkg_g01/share/twist2tf2_pkg_g01/hook/pythonpath_develop.sh'
[3.429s] Level 1:colcon.colcon_core.environment:checking '/home/ivan/ros2_ws_2402/install/twist2tf2_pkg_g01' for CMake module files
[3.430s] Level 1:colcon.colcon_core.environment:checking '/home/ivan/ros2_ws_2402/install/twist2tf2_pkg_g01' for CMake config files
[3.430s] Level 1:colcon.colcon_core.environment:checking '/home/ivan/ros2_ws_2402/install/twist2tf2_pkg_g01/lib'
[3.430s] Level 1:colcon.colcon_core.environment:checking '/home/ivan/ros2_ws_2402/install/twist2tf2_pkg_g01/bin'
[3.430s] Level 1:colcon.colcon_core.environment:checking '/home/ivan/ros2_ws_2402/install/twist2tf2_pkg_g01/lib/pkgconfig/twist2tf2_pkg_g01.pc'
[3.430s] Level 1:colcon.colcon_core.environment:checking '/home/ivan/ros2_ws_2402/install/twist2tf2_pkg_g01/lib/python3.10/site-packages'
[3.430s] Level 1:colcon.colcon_core.shell:create_environment_hook('twist2tf2_pkg_g01', 'pythonpath')
[3.431s] INFO:colcon.colcon_core.shell:Creating environment hook '/home/ivan/ros2_ws_2402/install/twist2tf2_pkg_g01/share/twist2tf2_pkg_g01/hook/pythonpath.ps1'
[3.431s] INFO:colcon.colcon_core.shell:Creating environment descriptor '/home/ivan/ros2_ws_2402/install/twist2tf2_pkg_g01/share/twist2tf2_pkg_g01/hook/pythonpath.dsv'
[3.431s] INFO:colcon.colcon_core.shell:Creating environment hook '/home/ivan/ros2_ws_2402/install/twist2tf2_pkg_g01/share/twist2tf2_pkg_g01/hook/pythonpath.sh'
[3.432s] Level 1:colcon.colcon_core.environment:checking '/home/ivan/ros2_ws_2402/install/twist2tf2_pkg_g01/bin'
[3.432s] Level 1:colcon.colcon_core.environment:create_environment_scripts_only(twist2tf2_pkg_g01)
[3.432s] INFO:colcon.colcon_core.shell:Creating package script '/home/ivan/ros2_ws_2402/install/twist2tf2_pkg_g01/share/twist2tf2_pkg_g01/package.ps1'
[3.432s] INFO:colcon.colcon_core.shell:Creating package descriptor '/home/ivan/ros2_ws_2402/install/twist2tf2_pkg_g01/share/twist2tf2_pkg_g01/package.dsv'
[3.433s] INFO:colcon.colcon_core.shell:Creating package script '/home/ivan/ros2_ws_2402/install/twist2tf2_pkg_g01/share/twist2tf2_pkg_g01/package.sh'
[3.433s] INFO:colcon.colcon_core.shell:Creating package script '/home/ivan/ros2_ws_2402/install/twist2tf2_pkg_g01/share/twist2tf2_pkg_g01/package.bash'
[3.434s] INFO:colcon.colcon_core.shell:Creating package script '/home/ivan/ros2_ws_2402/install/twist2tf2_pkg_g01/share/twist2tf2_pkg_g01/package.zsh'
[3.434s] Level 1:colcon.colcon_core.environment:create_file_with_runtime_dependencies(/home/ivan/ros2_ws_2402/install/twist2tf2_pkg_g01/share/colcon-core/packages/twist2tf2_pkg_g01)
[3.434s] DEBUG:colcon.colcon_parallel_executor.executor.parallel:closing loop
[3.434s] DEBUG:colcon.colcon_parallel_executor.executor.parallel:loop closed
[3.434s] DEBUG:colcon.colcon_parallel_executor.executor.parallel:run_until_complete finished with '0'
[3.434s] DEBUG:colcon.colcon_core.event_reactor:joining thread
[3.440s] INFO:colcon.colcon_core.plugin_system:Skipping extension 'colcon_notification.desktop_notification.terminal_notifier': Not used on non-Darwin systems
[3.441s] INFO:colcon.colcon_core.plugin_system:Skipping extension 'colcon_notification.desktop_notification.win32': Not used on non-Windows systems
[3.441s] INFO:colcon.colcon_notification.desktop_notification:Sending desktop notification using 'notify2'
[3.453s] DEBUG:colcon.colcon_core.event_reactor:joined thread
[3.453s] INFO:colcon.colcon_core.shell:Creating prefix script '/home/ivan/ros2_ws_2402/install/local_setup.ps1'
[3.454s] INFO:colcon.colcon_core.shell:Creating prefix util module '/home/ivan/ros2_ws_2402/install/_local_setup_util_ps1.py'
[3.455s] INFO:colcon.colcon_core.shell:Creating prefix chain script '/home/ivan/ros2_ws_2402/install/setup.ps1'
[3.456s] INFO:colcon.colcon_core.shell:Creating prefix script '/home/ivan/ros2_ws_2402/install/local_setup.sh'
[3.457s] INFO:colcon.colcon_core.shell:Creating prefix util module '/home/ivan/ros2_ws_2402/install/_local_setup_util_sh.py'
[3.457s] INFO:colcon.colcon_core.shell:Creating prefix chain script '/home/ivan/ros2_ws_2402/install/setup.sh'
[3.458s] INFO:colcon.colcon_core.shell:Creating prefix script '/home/ivan/ros2_ws_2402/install/local_setup.bash'
[3.458s] INFO:colcon.colcon_core.shell:Creating prefix chain script '/home/ivan/ros2_ws_2402/install/setup.bash'
[3.459s] INFO:colcon.colcon_core.shell:Creating prefix script '/home/ivan/ros2_ws_2402/install/local_setup.zsh'
[3.460s] INFO:colcon.colcon_core.shell:Creating prefix chain script '/home/ivan/ros2_ws_2402/install/setup.zsh'
